[2023-01-13 12:51:25,197] {taskinstance.py:1035} INFO - Dependencies all met for <TaskInstance: dag_with_python_operator_v5.greet scheduled__2023-01-09T00:00:00+00:00 [queued]>
[2023-01-13 12:51:25,214] {taskinstance.py:1035} INFO - Dependencies all met for <TaskInstance: dag_with_python_operator_v5.greet scheduled__2023-01-09T00:00:00+00:00 [queued]>
[2023-01-13 12:51:25,215] {taskinstance.py:1241} INFO - 
--------------------------------------------------------------------------------
[2023-01-13 12:51:25,215] {taskinstance.py:1242} INFO - Starting attempt 1 of 6
[2023-01-13 12:51:25,215] {taskinstance.py:1243} INFO - 
--------------------------------------------------------------------------------
[2023-01-13 12:51:25,233] {taskinstance.py:1262} INFO - Executing <Task(PythonOperator): greet> on 2023-01-09 00:00:00+00:00
[2023-01-13 12:51:25,238] {standard_task_runner.py:52} INFO - Started process 9082 to run task
[2023-01-13 12:51:25,241] {standard_task_runner.py:76} INFO - Running: ['***', 'tasks', 'run', 'dag_with_python_operator_v5', 'greet', 'scheduled__2023-01-09T00:00:00+00:00', '--job-id', '181', '--raw', '--subdir', 'DAGS_FOLDER/create_dag_with_python_operator.py', '--cfg-path', '/tmp/tmpx1osx5tq', '--error-file', '/tmp/tmpgy9zp05r']
[2023-01-13 12:51:25,242] {standard_task_runner.py:77} INFO - Job 181: Subtask greet
[2023-01-13 12:51:25,291] {logging_mixin.py:109} INFO - Running <TaskInstance: dag_with_python_operator_v5.greet scheduled__2023-01-09T00:00:00+00:00 [running]> on host 75a9b8ab4d7f
[2023-01-13 12:51:25,349] {taskinstance.py:1429} INFO - Exporting the following env vars:
AIRFLOW_CTX_DAG_OWNER=salman
AIRFLOW_CTX_DAG_ID=dag_with_python_operator_v5
AIRFLOW_CTX_TASK_ID=greet
AIRFLOW_CTX_EXECUTION_DATE=2023-01-09T00:00:00+00:00
AIRFLOW_CTX_DAG_RUN_ID=scheduled__2023-01-09T00:00:00+00:00
[2023-01-13 12:51:25,372] {logging_mixin.py:109} INFO - Hello World, my name is HarryPotter and I am 34 years old!
[2023-01-13 12:51:25,372] {python.py:152} INFO - Done. Returned value was: None
[2023-01-13 12:51:25,387] {taskinstance.py:1280} INFO - Marking task as SUCCESS. dag_id=dag_with_python_operator_v5, task_id=greet, execution_date=20230109T000000, start_date=20230113T125125, end_date=20230113T125125
[2023-01-13 12:51:25,416] {local_task_job.py:154} INFO - Task exited with return code 0
[2023-01-13 12:51:25,453] {local_task_job.py:264} INFO - 0 downstream tasks scheduled from follow-on schedule check
