[2023-01-13 10:12:37,941] {taskinstance.py:1035} INFO - Dependencies all met for <TaskInstance: my_first_dag_v.first_task scheduled__2023-01-11T00:00:00+00:00 [queued]>
[2023-01-13 10:12:37,967] {taskinstance.py:1035} INFO - Dependencies all met for <TaskInstance: my_first_dag_v.first_task scheduled__2023-01-11T00:00:00+00:00 [queued]>
[2023-01-13 10:12:37,967] {taskinstance.py:1241} INFO - 
--------------------------------------------------------------------------------
[2023-01-13 10:12:37,967] {taskinstance.py:1242} INFO - Starting attempt 1 of 6
[2023-01-13 10:12:37,968] {taskinstance.py:1243} INFO - 
--------------------------------------------------------------------------------
[2023-01-13 10:12:37,986] {taskinstance.py:1262} INFO - Executing <Task(BashOperator): first_task> on 2023-01-11 00:00:00+00:00
[2023-01-13 10:12:37,990] {standard_task_runner.py:52} INFO - Started process 2938 to run task
[2023-01-13 10:12:37,994] {standard_task_runner.py:76} INFO - Running: ['***', 'tasks', 'run', 'my_first_dag_v', 'first_task', 'scheduled__2023-01-11T00:00:00+00:00', '--job-id', '90', '--raw', '--subdir', 'DAGS_FOLDER/my_first_dag.py', '--cfg-path', '/tmp/tmpjne9au6k', '--error-file', '/tmp/tmpfs669n5h']
[2023-01-13 10:12:37,996] {standard_task_runner.py:77} INFO - Job 90: Subtask first_task
[2023-01-13 10:12:38,054] {logging_mixin.py:109} INFO - Running <TaskInstance: my_first_dag_v.first_task scheduled__2023-01-11T00:00:00+00:00 [running]> on host ffa830cbd52d
[2023-01-13 10:12:38,118] {taskinstance.py:1429} INFO - Exporting the following env vars:
AIRFLOW_CTX_DAG_OWNER=salman
AIRFLOW_CTX_DAG_ID=my_first_dag_v
AIRFLOW_CTX_TASK_ID=first_task
AIRFLOW_CTX_EXECUTION_DATE=2023-01-11T00:00:00+00:00
AIRFLOW_CTX_DAG_RUN_ID=scheduled__2023-01-11T00:00:00+00:00
[2023-01-13 10:12:38,119] {subprocess.py:62} INFO - Tmp dir root location: 
 /tmp
[2023-01-13 10:12:38,119] {subprocess.py:74} INFO - Running command: ['bash', '-c', 'echo hello worlds, this is the first task of mine.']
[2023-01-13 10:12:38,129] {subprocess.py:85} INFO - Output:
[2023-01-13 10:12:38,131] {subprocess.py:89} INFO - hello worlds, this is the first task of mine.
[2023-01-13 10:12:38,132] {subprocess.py:93} INFO - Command exited with return code 0
[2023-01-13 10:12:38,161] {taskinstance.py:1280} INFO - Marking task as SUCCESS. dag_id=my_first_dag_v, task_id=first_task, execution_date=20230111T000000, start_date=20230113T101237, end_date=20230113T101238
[2023-01-13 10:12:38,212] {local_task_job.py:154} INFO - Task exited with return code 0
[2023-01-13 10:12:38,246] {local_task_job.py:264} INFO - 2 downstream tasks scheduled from follow-on schedule check
