[2023-01-13 10:45:06,128] {taskinstance.py:1035} INFO - Dependencies all met for <TaskInstance: dag_with_python_operator_v3.get_name scheduled__2023-01-11T00:00:00+00:00 [queued]>
[2023-01-13 10:45:06,168] {taskinstance.py:1035} INFO - Dependencies all met for <TaskInstance: dag_with_python_operator_v3.get_name scheduled__2023-01-11T00:00:00+00:00 [queued]>
[2023-01-13 10:45:06,169] {taskinstance.py:1241} INFO - 
--------------------------------------------------------------------------------
[2023-01-13 10:45:06,169] {taskinstance.py:1242} INFO - Starting attempt 1 of 6
[2023-01-13 10:45:06,169] {taskinstance.py:1243} INFO - 
--------------------------------------------------------------------------------
[2023-01-13 10:45:06,191] {taskinstance.py:1262} INFO - Executing <Task(PythonOperator): get_name> on 2023-01-11 00:00:00+00:00
[2023-01-13 10:45:06,195] {standard_task_runner.py:52} INFO - Started process 937 to run task
[2023-01-13 10:45:06,199] {standard_task_runner.py:76} INFO - Running: ['***', 'tasks', 'run', 'dag_with_python_operator_v3', 'get_name', 'scheduled__2023-01-11T00:00:00+00:00', '--job-id', '124', '--raw', '--subdir', 'DAGS_FOLDER/create_dag_with_python_operator.py', '--cfg-path', '/tmp/tmpp4u88lrl', '--error-file', '/tmp/tmpo8t__hk_']
[2023-01-13 10:45:06,200] {standard_task_runner.py:77} INFO - Job 124: Subtask get_name
[2023-01-13 10:45:06,266] {logging_mixin.py:109} INFO - Running <TaskInstance: dag_with_python_operator_v3.get_name scheduled__2023-01-11T00:00:00+00:00 [running]> on host 75a9b8ab4d7f
[2023-01-13 10:45:06,331] {taskinstance.py:1429} INFO - Exporting the following env vars:
AIRFLOW_CTX_DAG_OWNER=salman
AIRFLOW_CTX_DAG_ID=dag_with_python_operator_v3
AIRFLOW_CTX_TASK_ID=get_name
AIRFLOW_CTX_EXECUTION_DATE=2023-01-11T00:00:00+00:00
AIRFLOW_CTX_DAG_RUN_ID=scheduled__2023-01-11T00:00:00+00:00
[2023-01-13 10:45:06,332] {python.py:152} INFO - Done. Returned value was: Harry
[2023-01-13 10:45:06,358] {taskinstance.py:1280} INFO - Marking task as SUCCESS. dag_id=dag_with_python_operator_v3, task_id=get_name, execution_date=20230111T000000, start_date=20230113T104506, end_date=20230113T104506
[2023-01-13 10:45:06,413] {local_task_job.py:154} INFO - Task exited with return code 0
[2023-01-13 10:45:06,450] {local_task_job.py:264} INFO - 0 downstream tasks scheduled from follow-on schedule check
