[2023-01-13 12:51:23,952] {taskinstance.py:1035} INFO - Dependencies all met for <TaskInstance: dag_with_python_operator_v5.greet scheduled__2023-01-08T00:00:00+00:00 [queued]>
[2023-01-13 12:51:23,988] {taskinstance.py:1035} INFO - Dependencies all met for <TaskInstance: dag_with_python_operator_v5.greet scheduled__2023-01-08T00:00:00+00:00 [queued]>
[2023-01-13 12:51:23,988] {taskinstance.py:1241} INFO - 
--------------------------------------------------------------------------------
[2023-01-13 12:51:23,988] {taskinstance.py:1242} INFO - Starting attempt 1 of 6
[2023-01-13 12:51:23,988] {taskinstance.py:1243} INFO - 
--------------------------------------------------------------------------------
[2023-01-13 12:51:24,014] {taskinstance.py:1262} INFO - Executing <Task(PythonOperator): greet> on 2023-01-08 00:00:00+00:00
[2023-01-13 12:51:24,019] {standard_task_runner.py:52} INFO - Started process 9078 to run task
[2023-01-13 12:51:24,025] {standard_task_runner.py:76} INFO - Running: ['***', 'tasks', 'run', 'dag_with_python_operator_v5', 'greet', 'scheduled__2023-01-08T00:00:00+00:00', '--job-id', '179', '--raw', '--subdir', 'DAGS_FOLDER/create_dag_with_python_operator.py', '--cfg-path', '/tmp/tmpwjgp6dh9', '--error-file', '/tmp/tmputb2v9d1']
[2023-01-13 12:51:24,027] {standard_task_runner.py:77} INFO - Job 179: Subtask greet
[2023-01-13 12:51:24,085] {logging_mixin.py:109} INFO - Running <TaskInstance: dag_with_python_operator_v5.greet scheduled__2023-01-08T00:00:00+00:00 [running]> on host 75a9b8ab4d7f
[2023-01-13 12:51:24,157] {taskinstance.py:1429} INFO - Exporting the following env vars:
AIRFLOW_CTX_DAG_OWNER=salman
AIRFLOW_CTX_DAG_ID=dag_with_python_operator_v5
AIRFLOW_CTX_TASK_ID=greet
AIRFLOW_CTX_EXECUTION_DATE=2023-01-08T00:00:00+00:00
AIRFLOW_CTX_DAG_RUN_ID=scheduled__2023-01-08T00:00:00+00:00
[2023-01-13 12:51:24,192] {logging_mixin.py:109} INFO - Hello World, my name is HarryPotter and I am 34 years old!
[2023-01-13 12:51:24,192] {python.py:152} INFO - Done. Returned value was: None
[2023-01-13 12:51:24,204] {taskinstance.py:1280} INFO - Marking task as SUCCESS. dag_id=dag_with_python_operator_v5, task_id=greet, execution_date=20230108T000000, start_date=20230113T125123, end_date=20230113T125124
[2023-01-13 12:51:24,246] {local_task_job.py:154} INFO - Task exited with return code 0
[2023-01-13 12:51:24,285] {local_task_job.py:264} INFO - 0 downstream tasks scheduled from follow-on schedule check
