[2023-01-13 08:43:16,833] {taskinstance.py:1035} INFO - Dependencies all met for <TaskInstance: example_bash_operator.run_after_loop scheduled__2023-01-12T00:00:00+00:00 [queued]>
[2023-01-13 08:43:16,852] {taskinstance.py:1035} INFO - Dependencies all met for <TaskInstance: example_bash_operator.run_after_loop scheduled__2023-01-12T00:00:00+00:00 [queued]>
[2023-01-13 08:43:16,852] {taskinstance.py:1241} INFO - 
--------------------------------------------------------------------------------
[2023-01-13 08:43:16,853] {taskinstance.py:1242} INFO - Starting attempt 1 of 1
[2023-01-13 08:43:16,853] {taskinstance.py:1243} INFO - 
--------------------------------------------------------------------------------
[2023-01-13 08:43:16,867] {taskinstance.py:1262} INFO - Executing <Task(BashOperator): run_after_loop> on 2023-01-12 00:00:00+00:00
[2023-01-13 08:43:16,871] {standard_task_runner.py:52} INFO - Started process 641 to run task
[2023-01-13 08:43:16,874] {standard_task_runner.py:76} INFO - Running: ['***', 'tasks', 'run', 'example_bash_operator', 'run_after_loop', 'scheduled__2023-01-12T00:00:00+00:00', '--job-id', '8', '--raw', '--subdir', '/home/***/.local/lib/python3.7/site-packages/***/example_dags/example_bash_operator.py', '--cfg-path', '/tmp/tmpz44xlu8d', '--error-file', '/tmp/tmpn9q7zhxj']
[2023-01-13 08:43:16,875] {standard_task_runner.py:77} INFO - Job 8: Subtask run_after_loop
[2023-01-13 08:43:16,915] {logging_mixin.py:109} INFO - Running <TaskInstance: example_bash_operator.run_after_loop scheduled__2023-01-12T00:00:00+00:00 [running]> on host f8e887b9f46f
[2023-01-13 08:43:16,969] {taskinstance.py:1429} INFO - Exporting the following env vars:
AIRFLOW_CTX_DAG_OWNER=***
AIRFLOW_CTX_DAG_ID=example_bash_operator
AIRFLOW_CTX_TASK_ID=run_after_loop
AIRFLOW_CTX_EXECUTION_DATE=2023-01-12T00:00:00+00:00
AIRFLOW_CTX_DAG_RUN_ID=scheduled__2023-01-12T00:00:00+00:00
[2023-01-13 08:43:16,969] {subprocess.py:62} INFO - Tmp dir root location: 
 /tmp
[2023-01-13 08:43:16,970] {subprocess.py:74} INFO - Running command: ['bash', '-c', 'echo 1']
[2023-01-13 08:43:16,978] {subprocess.py:85} INFO - Output:
[2023-01-13 08:43:16,980] {subprocess.py:89} INFO - 1
[2023-01-13 08:43:16,980] {subprocess.py:93} INFO - Command exited with return code 0
[2023-01-13 08:43:17,006] {taskinstance.py:1280} INFO - Marking task as SUCCESS. dag_id=example_bash_operator, task_id=run_after_loop, execution_date=20230112T000000, start_date=20230113T084316, end_date=20230113T084317
[2023-01-13 08:43:17,049] {local_task_job.py:154} INFO - Task exited with return code 0
[2023-01-13 08:43:17,080] {local_task_job.py:264} INFO - 0 downstream tasks scheduled from follow-on schedule check
