[2023-01-13 09:48:09,014] {taskinstance.py:1035} INFO - Dependencies all met for <TaskInstance: my_first_dag_v2.first_task scheduled__2023-01-03T00:00:00+00:00 [queued]>
[2023-01-13 09:48:09,049] {taskinstance.py:1035} INFO - Dependencies all met for <TaskInstance: my_first_dag_v2.first_task scheduled__2023-01-03T00:00:00+00:00 [queued]>
[2023-01-13 09:48:09,050] {taskinstance.py:1241} INFO - 
--------------------------------------------------------------------------------
[2023-01-13 09:48:09,050] {taskinstance.py:1242} INFO - Starting attempt 1 of 6
[2023-01-13 09:48:09,050] {taskinstance.py:1243} INFO - 
--------------------------------------------------------------------------------
[2023-01-13 09:48:09,168] {taskinstance.py:1262} INFO - Executing <Task(BashOperator): first_task> on 2023-01-03 00:00:00+00:00
[2023-01-13 09:48:09,172] {standard_task_runner.py:52} INFO - Started process 1390 to run task
[2023-01-13 09:48:09,178] {standard_task_runner.py:76} INFO - Running: ['***', 'tasks', 'run', 'my_first_dag_v2', 'first_task', 'scheduled__2023-01-03T00:00:00+00:00', '--job-id', '14', '--raw', '--subdir', 'DAGS_FOLDER/my_first_dag.py', '--cfg-path', '/tmp/tmp3gw5qj4u', '--error-file', '/tmp/tmptqjp99ku']
[2023-01-13 09:48:09,179] {standard_task_runner.py:77} INFO - Job 14: Subtask first_task
[2023-01-13 09:48:09,285] {logging_mixin.py:109} INFO - Running <TaskInstance: my_first_dag_v2.first_task scheduled__2023-01-03T00:00:00+00:00 [running]> on host ffa830cbd52d
[2023-01-13 09:48:09,402] {taskinstance.py:1429} INFO - Exporting the following env vars:
AIRFLOW_CTX_DAG_OWNER=salman
AIRFLOW_CTX_DAG_ID=my_first_dag_v2
AIRFLOW_CTX_TASK_ID=first_task
AIRFLOW_CTX_EXECUTION_DATE=2023-01-03T00:00:00+00:00
AIRFLOW_CTX_DAG_RUN_ID=scheduled__2023-01-03T00:00:00+00:00
[2023-01-13 09:48:09,405] {subprocess.py:62} INFO - Tmp dir root location: 
 /tmp
[2023-01-13 09:48:09,406] {subprocess.py:74} INFO - Running command: ['bash', '-c', 'echo hello worlds, this is the first task of mine.']
[2023-01-13 09:48:09,450] {subprocess.py:85} INFO - Output:
[2023-01-13 09:48:09,454] {subprocess.py:89} INFO - hello worlds, this is the first task of mine.
[2023-01-13 09:48:09,456] {subprocess.py:93} INFO - Command exited with return code 0
[2023-01-13 09:48:09,491] {taskinstance.py:1280} INFO - Marking task as SUCCESS. dag_id=my_first_dag_v2, task_id=first_task, execution_date=20230103T000000, start_date=20230113T094809, end_date=20230113T094809
[2023-01-13 09:48:09,551] {local_task_job.py:154} INFO - Task exited with return code 0
[2023-01-13 09:48:09,748] {local_task_job.py:264} INFO - 0 downstream tasks scheduled from follow-on schedule check
