[2023-01-13 14:54:06,745] {taskinstance.py:1035} INFO - Dependencies all met for <TaskInstance: dag_with_taskflow_api_v1.greet scheduled__2023-01-09T00:00:00+00:00 [queued]>
[2023-01-13 14:54:06,767] {taskinstance.py:1035} INFO - Dependencies all met for <TaskInstance: dag_with_taskflow_api_v1.greet scheduled__2023-01-09T00:00:00+00:00 [queued]>
[2023-01-13 14:54:06,768] {taskinstance.py:1241} INFO - 
--------------------------------------------------------------------------------
[2023-01-13 14:54:06,768] {taskinstance.py:1242} INFO - Starting attempt 1 of 6
[2023-01-13 14:54:06,768] {taskinstance.py:1243} INFO - 
--------------------------------------------------------------------------------
[2023-01-13 14:54:06,785] {taskinstance.py:1262} INFO - Executing <Task(_PythonDecoratedOperator): greet> on 2023-01-09 00:00:00+00:00
[2023-01-13 14:54:06,790] {standard_task_runner.py:52} INFO - Started process 18059 to run task
[2023-01-13 14:54:06,795] {standard_task_runner.py:76} INFO - Running: ['***', 'tasks', 'run', 'dag_with_taskflow_api_v1', 'greet', 'scheduled__2023-01-09T00:00:00+00:00', '--job-id', '322', '--raw', '--subdir', 'DAGS_FOLDER/create_with_taskflow_api.py', '--cfg-path', '/tmp/tmpivsx6h_8', '--error-file', '/tmp/tmpa5c2no0p']
[2023-01-13 14:54:06,796] {standard_task_runner.py:77} INFO - Job 322: Subtask greet
[2023-01-13 14:54:06,846] {logging_mixin.py:109} INFO - Running <TaskInstance: dag_with_taskflow_api_v1.greet scheduled__2023-01-09T00:00:00+00:00 [running]> on host 75a9b8ab4d7f
[2023-01-13 14:54:06,948] {taskinstance.py:1429} INFO - Exporting the following env vars:
AIRFLOW_CTX_DAG_OWNER=salman
AIRFLOW_CTX_DAG_ID=dag_with_taskflow_api_v1
AIRFLOW_CTX_TASK_ID=greet
AIRFLOW_CTX_EXECUTION_DATE=2023-01-09T00:00:00+00:00
AIRFLOW_CTX_DAG_RUN_ID=scheduled__2023-01-09T00:00:00+00:00
[2023-01-13 14:54:06,949] {logging_mixin.py:109} INFO - my name is Harry Potter and I am 35 years old!
[2023-01-13 14:54:06,949] {python.py:152} INFO - Done. Returned value was: None
[2023-01-13 14:54:06,965] {taskinstance.py:1280} INFO - Marking task as SUCCESS. dag_id=dag_with_taskflow_api_v1, task_id=greet, execution_date=20230109T000000, start_date=20230113T145406, end_date=20230113T145406
[2023-01-13 14:54:07,007] {local_task_job.py:154} INFO - Task exited with return code 0
[2023-01-13 14:54:07,039] {local_task_job.py:264} INFO - 0 downstream tasks scheduled from follow-on schedule check
