[2023-01-13 14:39:07,721] {taskinstance.py:1035} INFO - Dependencies all met for <TaskInstance: dag_with_taskflow_api.greet scheduled__2023-01-04T00:00:00+00:00 [queued]>
[2023-01-13 14:39:07,760] {taskinstance.py:1035} INFO - Dependencies all met for <TaskInstance: dag_with_taskflow_api.greet scheduled__2023-01-04T00:00:00+00:00 [queued]>
[2023-01-13 14:39:07,760] {taskinstance.py:1241} INFO - 
--------------------------------------------------------------------------------
[2023-01-13 14:39:07,760] {taskinstance.py:1242} INFO - Starting attempt 1 of 6
[2023-01-13 14:39:07,760] {taskinstance.py:1243} INFO - 
--------------------------------------------------------------------------------
[2023-01-13 14:39:07,859] {taskinstance.py:1262} INFO - Executing <Task(_PythonDecoratedOperator): greet> on 2023-01-04 00:00:00+00:00
[2023-01-13 14:39:07,905] {standard_task_runner.py:76} INFO - Running: ['***', 'tasks', 'run', 'dag_with_taskflow_api', 'greet', 'scheduled__2023-01-04T00:00:00+00:00', '--job-id', '281', '--raw', '--subdir', 'DAGS_FOLDER/create_with_taskflow_api.py', '--cfg-path', '/tmp/tmpuyfoey3r', '--error-file', '/tmp/tmpg9svk1fm']
[2023-01-13 14:39:07,906] {standard_task_runner.py:77} INFO - Job 281: Subtask greet
[2023-01-13 14:39:07,902] {standard_task_runner.py:52} INFO - Started process 16872 to run task
[2023-01-13 14:39:08,146] {logging_mixin.py:109} INFO - Running <TaskInstance: dag_with_taskflow_api.greet scheduled__2023-01-04T00:00:00+00:00 [running]> on host 75a9b8ab4d7f
[2023-01-13 14:39:08,342] {taskinstance.py:1429} INFO - Exporting the following env vars:
AIRFLOW_CTX_DAG_OWNER=salman
AIRFLOW_CTX_DAG_ID=dag_with_taskflow_api
AIRFLOW_CTX_TASK_ID=greet
AIRFLOW_CTX_EXECUTION_DATE=2023-01-04T00:00:00+00:00
AIRFLOW_CTX_DAG_RUN_ID=scheduled__2023-01-04T00:00:00+00:00
[2023-01-13 14:39:08,345] {logging_mixin.py:109} INFO - my name is Harry and I am 35 years old!
[2023-01-13 14:39:08,345] {python.py:152} INFO - Done. Returned value was: None
[2023-01-13 14:39:08,428] {taskinstance.py:1280} INFO - Marking task as SUCCESS. dag_id=dag_with_taskflow_api, task_id=greet, execution_date=20230104T000000, start_date=20230113T143907, end_date=20230113T143908
[2023-01-13 14:39:08,491] {local_task_job.py:154} INFO - Task exited with return code 0
[2023-01-13 14:39:08,570] {local_task_job.py:264} INFO - 0 downstream tasks scheduled from follow-on schedule check
