[2023-01-13 09:52:48,802] {taskinstance.py:1035} INFO - Dependencies all met for <TaskInstance: my_first_dag_v3.second_task scheduled__2023-01-09T00:00:00+00:00 [queued]>
[2023-01-13 09:52:48,844] {taskinstance.py:1035} INFO - Dependencies all met for <TaskInstance: my_first_dag_v3.second_task scheduled__2023-01-09T00:00:00+00:00 [queued]>
[2023-01-13 09:52:48,844] {taskinstance.py:1241} INFO - 
--------------------------------------------------------------------------------
[2023-01-13 09:52:48,844] {taskinstance.py:1242} INFO - Starting attempt 1 of 6
[2023-01-13 09:52:48,844] {taskinstance.py:1243} INFO - 
--------------------------------------------------------------------------------
[2023-01-13 09:52:48,864] {taskinstance.py:1262} INFO - Executing <Task(BashOperator): second_task> on 2023-01-09 00:00:00+00:00
[2023-01-13 09:52:48,867] {standard_task_runner.py:52} INFO - Started process 1779 to run task
[2023-01-13 09:52:48,877] {standard_task_runner.py:76} INFO - Running: ['***', 'tasks', 'run', 'my_first_dag_v3', 'second_task', 'scheduled__2023-01-09T00:00:00+00:00', '--job-id', '59', '--raw', '--subdir', 'DAGS_FOLDER/my_first_dag.py', '--cfg-path', '/tmp/tmppt12h7ih', '--error-file', '/tmp/tmps4m0n5x5']
[2023-01-13 09:52:48,878] {standard_task_runner.py:77} INFO - Job 59: Subtask second_task
[2023-01-13 09:52:48,973] {logging_mixin.py:109} INFO - Running <TaskInstance: my_first_dag_v3.second_task scheduled__2023-01-09T00:00:00+00:00 [running]> on host ffa830cbd52d
[2023-01-13 09:52:49,065] {taskinstance.py:1429} INFO - Exporting the following env vars:
AIRFLOW_CTX_DAG_OWNER=salman
AIRFLOW_CTX_DAG_ID=my_first_dag_v3
AIRFLOW_CTX_TASK_ID=second_task
AIRFLOW_CTX_EXECUTION_DATE=2023-01-09T00:00:00+00:00
AIRFLOW_CTX_DAG_RUN_ID=scheduled__2023-01-09T00:00:00+00:00
[2023-01-13 09:52:49,077] {subprocess.py:62} INFO - Tmp dir root location: 
 /tmp
[2023-01-13 09:52:49,078] {subprocess.py:74} INFO - Running command: ['bash', '-c', 'echo hey, I am second task and will be executed after first task!']
[2023-01-13 09:52:49,099] {subprocess.py:85} INFO - Output:
[2023-01-13 09:52:49,103] {subprocess.py:89} INFO - hey, I am second task and will be executed after first task!
[2023-01-13 09:52:49,103] {subprocess.py:93} INFO - Command exited with return code 0
[2023-01-13 09:52:49,134] {taskinstance.py:1280} INFO - Marking task as SUCCESS. dag_id=my_first_dag_v3, task_id=second_task, execution_date=20230109T000000, start_date=20230113T095248, end_date=20230113T095249
[2023-01-13 09:52:49,174] {local_task_job.py:154} INFO - Task exited with return code 0
[2023-01-13 09:52:49,208] {local_task_job.py:264} INFO - 0 downstream tasks scheduled from follow-on schedule check
