[2023-01-13 14:54:02,612] {taskinstance.py:1035} INFO - Dependencies all met for <TaskInstance: dag_with_taskflow_api_v1.greet scheduled__2023-01-01T00:00:00+00:00 [queued]>
[2023-01-13 14:54:02,648] {taskinstance.py:1035} INFO - Dependencies all met for <TaskInstance: dag_with_taskflow_api_v1.greet scheduled__2023-01-01T00:00:00+00:00 [queued]>
[2023-01-13 14:54:02,648] {taskinstance.py:1241} INFO - 
--------------------------------------------------------------------------------
[2023-01-13 14:54:02,648] {taskinstance.py:1242} INFO - Starting attempt 1 of 6
[2023-01-13 14:54:02,648] {taskinstance.py:1243} INFO - 
--------------------------------------------------------------------------------
[2023-01-13 14:54:02,673] {taskinstance.py:1262} INFO - Executing <Task(_PythonDecoratedOperator): greet> on 2023-01-01 00:00:00+00:00
[2023-01-13 14:54:02,677] {standard_task_runner.py:52} INFO - Started process 18021 to run task
[2023-01-13 14:54:02,702] {standard_task_runner.py:76} INFO - Running: ['***', 'tasks', 'run', 'dag_with_taskflow_api_v1', 'greet', 'scheduled__2023-01-01T00:00:00+00:00', '--job-id', '307', '--raw', '--subdir', 'DAGS_FOLDER/create_with_taskflow_api.py', '--cfg-path', '/tmp/tmpl09162n5', '--error-file', '/tmp/tmpb6i_r6xb']
[2023-01-13 14:54:02,703] {standard_task_runner.py:77} INFO - Job 307: Subtask greet
[2023-01-13 14:54:02,796] {logging_mixin.py:109} INFO - Running <TaskInstance: dag_with_taskflow_api_v1.greet scheduled__2023-01-01T00:00:00+00:00 [running]> on host 75a9b8ab4d7f
[2023-01-13 14:54:03,008] {taskinstance.py:1429} INFO - Exporting the following env vars:
AIRFLOW_CTX_DAG_OWNER=salman
AIRFLOW_CTX_DAG_ID=dag_with_taskflow_api_v1
AIRFLOW_CTX_TASK_ID=greet
AIRFLOW_CTX_EXECUTION_DATE=2023-01-01T00:00:00+00:00
AIRFLOW_CTX_DAG_RUN_ID=scheduled__2023-01-01T00:00:00+00:00
[2023-01-13 14:54:03,009] {logging_mixin.py:109} INFO - my name is Harry Potter and I am 35 years old!
[2023-01-13 14:54:03,009] {python.py:152} INFO - Done. Returned value was: None
[2023-01-13 14:54:03,075] {taskinstance.py:1280} INFO - Marking task as SUCCESS. dag_id=dag_with_taskflow_api_v1, task_id=greet, execution_date=20230101T000000, start_date=20230113T145402, end_date=20230113T145403
[2023-01-13 14:54:03,127] {local_task_job.py:154} INFO - Task exited with return code 0
[2023-01-13 14:54:03,215] {local_task_job.py:264} INFO - 0 downstream tasks scheduled from follow-on schedule check
