[2023-01-13 10:52:28,155] {taskinstance.py:1035} INFO - Dependencies all met for <TaskInstance: dag_with_python_operator_v4.greet scheduled__2023-01-05T00:00:00+00:00 [queued]>
[2023-01-13 10:52:28,177] {taskinstance.py:1035} INFO - Dependencies all met for <TaskInstance: dag_with_python_operator_v4.greet scheduled__2023-01-05T00:00:00+00:00 [queued]>
[2023-01-13 10:52:28,178] {taskinstance.py:1241} INFO - 
--------------------------------------------------------------------------------
[2023-01-13 10:52:28,178] {taskinstance.py:1242} INFO - Starting attempt 2 of 7
[2023-01-13 10:52:28,178] {taskinstance.py:1243} INFO - 
--------------------------------------------------------------------------------
[2023-01-13 10:52:28,196] {taskinstance.py:1262} INFO - Executing <Task(PythonOperator): greet> on 2023-01-05 00:00:00+00:00
[2023-01-13 10:52:28,201] {standard_task_runner.py:52} INFO - Started process 1505 to run task
[2023-01-13 10:52:28,204] {standard_task_runner.py:76} INFO - Running: ['***', 'tasks', 'run', 'dag_with_python_operator_v4', 'greet', 'scheduled__2023-01-05T00:00:00+00:00', '--job-id', '154', '--raw', '--subdir', 'DAGS_FOLDER/create_dag_with_python_operator.py', '--cfg-path', '/tmp/tmp_z8tptyo', '--error-file', '/tmp/tmp8sfm3nnt']
[2023-01-13 10:52:28,205] {standard_task_runner.py:77} INFO - Job 154: Subtask greet
[2023-01-13 10:52:28,255] {logging_mixin.py:109} INFO - Running <TaskInstance: dag_with_python_operator_v4.greet scheduled__2023-01-05T00:00:00+00:00 [running]> on host 75a9b8ab4d7f
[2023-01-13 10:52:28,310] {taskinstance.py:1429} INFO - Exporting the following env vars:
AIRFLOW_CTX_DAG_OWNER=salman
AIRFLOW_CTX_DAG_ID=dag_with_python_operator_v4
AIRFLOW_CTX_TASK_ID=greet
AIRFLOW_CTX_EXECUTION_DATE=2023-01-05T00:00:00+00:00
AIRFLOW_CTX_DAG_RUN_ID=scheduled__2023-01-05T00:00:00+00:00
[2023-01-13 10:52:28,321] {logging_mixin.py:109} INFO - Hello World, my name is Harry and I am 34 years old!
[2023-01-13 10:52:28,321] {python.py:152} INFO - Done. Returned value was: None
[2023-01-13 10:52:28,335] {taskinstance.py:1280} INFO - Marking task as SUCCESS. dag_id=dag_with_python_operator_v4, task_id=greet, execution_date=20230105T000000, start_date=20230113T105228, end_date=20230113T105228
[2023-01-13 10:52:28,375] {local_task_job.py:154} INFO - Task exited with return code 0
[2023-01-13 10:52:28,414] {local_task_job.py:264} INFO - 0 downstream tasks scheduled from follow-on schedule check
