[2023-01-13 12:56:35,210] {taskinstance.py:1035} INFO - Dependencies all met for <TaskInstance: dag_with_python_operator_v7.get_name scheduled__2023-01-04T00:00:00+00:00 [queued]>
[2023-01-13 12:56:35,275] {taskinstance.py:1035} INFO - Dependencies all met for <TaskInstance: dag_with_python_operator_v7.get_name scheduled__2023-01-04T00:00:00+00:00 [queued]>
[2023-01-13 12:56:35,275] {taskinstance.py:1241} INFO - 
--------------------------------------------------------------------------------
[2023-01-13 12:56:35,275] {taskinstance.py:1242} INFO - Starting attempt 1 of 6
[2023-01-13 12:56:35,275] {taskinstance.py:1243} INFO - 
--------------------------------------------------------------------------------
[2023-01-13 12:56:35,324] {taskinstance.py:1262} INFO - Executing <Task(PythonOperator): get_name> on 2023-01-04 00:00:00+00:00
[2023-01-13 12:56:35,352] {standard_task_runner.py:52} INFO - Started process 9477 to run task
[2023-01-13 12:56:35,376] {standard_task_runner.py:76} INFO - Running: ['***', 'tasks', 'run', 'dag_with_python_operator_v7', 'get_name', 'scheduled__2023-01-04T00:00:00+00:00', '--job-id', '210', '--raw', '--subdir', 'DAGS_FOLDER/create_dag_with_python_operator.py', '--cfg-path', '/tmp/tmpho3a9a2a', '--error-file', '/tmp/tmp3bl8fk1m']
[2023-01-13 12:56:35,393] {standard_task_runner.py:77} INFO - Job 210: Subtask get_name
[2023-01-13 12:56:35,568] {logging_mixin.py:109} INFO - Running <TaskInstance: dag_with_python_operator_v7.get_name scheduled__2023-01-04T00:00:00+00:00 [running]> on host 75a9b8ab4d7f
[2023-01-13 12:56:35,730] {taskinstance.py:1429} INFO - Exporting the following env vars:
AIRFLOW_CTX_DAG_OWNER=salman
AIRFLOW_CTX_DAG_ID=dag_with_python_operator_v7
AIRFLOW_CTX_TASK_ID=get_name
AIRFLOW_CTX_EXECUTION_DATE=2023-01-04T00:00:00+00:00
AIRFLOW_CTX_DAG_RUN_ID=scheduled__2023-01-04T00:00:00+00:00
[2023-01-13 12:56:35,798] {python.py:152} INFO - Done. Returned value was: None
[2023-01-13 12:56:35,833] {taskinstance.py:1280} INFO - Marking task as SUCCESS. dag_id=dag_with_python_operator_v7, task_id=get_name, execution_date=20230104T000000, start_date=20230113T125635, end_date=20230113T125635
[2023-01-13 12:56:35,867] {local_task_job.py:154} INFO - Task exited with return code 0
[2023-01-13 12:56:35,974] {local_task_job.py:264} INFO - 1 downstream tasks scheduled from follow-on schedule check
