[2023-01-13 14:39:06,468] {taskinstance.py:1035} INFO - Dependencies all met for <TaskInstance: dag_with_taskflow_api.get_name scheduled__2023-01-05T00:00:00+00:00 [queued]>
[2023-01-13 14:39:06,518] {taskinstance.py:1035} INFO - Dependencies all met for <TaskInstance: dag_with_taskflow_api.get_name scheduled__2023-01-05T00:00:00+00:00 [queued]>
[2023-01-13 14:39:06,518] {taskinstance.py:1241} INFO - 
--------------------------------------------------------------------------------
[2023-01-13 14:39:06,518] {taskinstance.py:1242} INFO - Starting attempt 1 of 6
[2023-01-13 14:39:06,519] {taskinstance.py:1243} INFO - 
--------------------------------------------------------------------------------
[2023-01-13 14:39:06,562] {taskinstance.py:1262} INFO - Executing <Task(_PythonDecoratedOperator): get_name> on 2023-01-05 00:00:00+00:00
[2023-01-13 14:39:06,567] {standard_task_runner.py:52} INFO - Started process 16861 to run task
[2023-01-13 14:39:06,616] {standard_task_runner.py:76} INFO - Running: ['***', 'tasks', 'run', 'dag_with_taskflow_api', 'get_name', 'scheduled__2023-01-05T00:00:00+00:00', '--job-id', '272', '--raw', '--subdir', 'DAGS_FOLDER/create_with_taskflow_api.py', '--cfg-path', '/tmp/tmpcvfzfycx', '--error-file', '/tmp/tmp_v_9ub78']
[2023-01-13 14:39:06,622] {standard_task_runner.py:77} INFO - Job 272: Subtask get_name
[2023-01-13 14:39:06,737] {logging_mixin.py:109} INFO - Running <TaskInstance: dag_with_taskflow_api.get_name scheduled__2023-01-05T00:00:00+00:00 [running]> on host 75a9b8ab4d7f
[2023-01-13 14:39:06,846] {taskinstance.py:1429} INFO - Exporting the following env vars:
AIRFLOW_CTX_DAG_OWNER=salman
AIRFLOW_CTX_DAG_ID=dag_with_taskflow_api
AIRFLOW_CTX_TASK_ID=get_name
AIRFLOW_CTX_EXECUTION_DATE=2023-01-05T00:00:00+00:00
AIRFLOW_CTX_DAG_RUN_ID=scheduled__2023-01-05T00:00:00+00:00
[2023-01-13 14:39:06,849] {python.py:152} INFO - Done. Returned value was: Harry
[2023-01-13 14:39:07,010] {taskinstance.py:1280} INFO - Marking task as SUCCESS. dag_id=dag_with_taskflow_api, task_id=get_name, execution_date=20230105T000000, start_date=20230113T143906, end_date=20230113T143907
[2023-01-13 14:39:07,124] {local_task_job.py:154} INFO - Task exited with return code 0
[2023-01-13 14:39:07,279] {local_task_job.py:264} INFO - 0 downstream tasks scheduled from follow-on schedule check
