[2023-01-13 14:54:00,951] {taskinstance.py:1035} INFO - Dependencies all met for <TaskInstance: dag_with_taskflow_api_v1.get_name scheduled__2023-01-02T00:00:00+00:00 [queued]>
[2023-01-13 14:54:00,982] {taskinstance.py:1035} INFO - Dependencies all met for <TaskInstance: dag_with_taskflow_api_v1.get_name scheduled__2023-01-02T00:00:00+00:00 [queued]>
[2023-01-13 14:54:00,982] {taskinstance.py:1241} INFO - 
--------------------------------------------------------------------------------
[2023-01-13 14:54:00,982] {taskinstance.py:1242} INFO - Starting attempt 1 of 6
[2023-01-13 14:54:00,982] {taskinstance.py:1243} INFO - 
--------------------------------------------------------------------------------
[2023-01-13 14:54:01,021] {taskinstance.py:1262} INFO - Executing <Task(_PythonDecoratedOperator): get_name> on 2023-01-02 00:00:00+00:00
[2023-01-13 14:54:01,025] {standard_task_runner.py:52} INFO - Started process 18000 to run task
[2023-01-13 14:54:01,036] {standard_task_runner.py:76} INFO - Running: ['***', 'tasks', 'run', 'dag_with_taskflow_api_v1', 'get_name', 'scheduled__2023-01-02T00:00:00+00:00', '--job-id', '296', '--raw', '--subdir', 'DAGS_FOLDER/create_with_taskflow_api.py', '--cfg-path', '/tmp/tmppuew0fub', '--error-file', '/tmp/tmpyuxrlh5c']
[2023-01-13 14:54:01,041] {standard_task_runner.py:77} INFO - Job 296: Subtask get_name
[2023-01-13 14:54:01,124] {logging_mixin.py:109} INFO - Running <TaskInstance: dag_with_taskflow_api_v1.get_name scheduled__2023-01-02T00:00:00+00:00 [running]> on host 75a9b8ab4d7f
[2023-01-13 14:54:01,311] {taskinstance.py:1429} INFO - Exporting the following env vars:
AIRFLOW_CTX_DAG_OWNER=salman
AIRFLOW_CTX_DAG_ID=dag_with_taskflow_api_v1
AIRFLOW_CTX_TASK_ID=get_name
AIRFLOW_CTX_EXECUTION_DATE=2023-01-02T00:00:00+00:00
AIRFLOW_CTX_DAG_RUN_ID=scheduled__2023-01-02T00:00:00+00:00
[2023-01-13 14:54:01,312] {python.py:152} INFO - Done. Returned value was: {'first_name': 'Harry', 'last_name': 'Potter'}
[2023-01-13 14:54:01,497] {taskinstance.py:1280} INFO - Marking task as SUCCESS. dag_id=dag_with_taskflow_api_v1, task_id=get_name, execution_date=20230102T000000, start_date=20230113T145400, end_date=20230113T145401
[2023-01-13 14:54:01,628] {local_task_job.py:154} INFO - Task exited with return code 0
[2023-01-13 14:54:01,736] {local_task_job.py:264} INFO - 1 downstream tasks scheduled from follow-on schedule check
