[2023-01-13 10:50:15,689] {taskinstance.py:1035} INFO - Dependencies all met for <TaskInstance: dag_with_python_operator_v4.get_name scheduled__2023-01-05T00:00:00+00:00 [queued]>
[2023-01-13 10:50:15,728] {taskinstance.py:1035} INFO - Dependencies all met for <TaskInstance: dag_with_python_operator_v4.get_name scheduled__2023-01-05T00:00:00+00:00 [queued]>
[2023-01-13 10:50:15,728] {taskinstance.py:1241} INFO - 
--------------------------------------------------------------------------------
[2023-01-13 10:50:15,728] {taskinstance.py:1242} INFO - Starting attempt 1 of 6
[2023-01-13 10:50:15,728] {taskinstance.py:1243} INFO - 
--------------------------------------------------------------------------------
[2023-01-13 10:50:15,762] {taskinstance.py:1262} INFO - Executing <Task(PythonOperator): get_name> on 2023-01-05 00:00:00+00:00
[2023-01-13 10:50:15,768] {standard_task_runner.py:52} INFO - Started process 1326 to run task
[2023-01-13 10:50:15,774] {standard_task_runner.py:76} INFO - Running: ['***', 'tasks', 'run', 'dag_with_python_operator_v4', 'get_name', 'scheduled__2023-01-05T00:00:00+00:00', '--job-id', '131', '--raw', '--subdir', 'DAGS_FOLDER/create_dag_with_python_operator.py', '--cfg-path', '/tmp/tmpznr481tu', '--error-file', '/tmp/tmp3189sjkc']
[2023-01-13 10:50:15,777] {standard_task_runner.py:77} INFO - Job 131: Subtask get_name
[2023-01-13 10:50:15,868] {logging_mixin.py:109} INFO - Running <TaskInstance: dag_with_python_operator_v4.get_name scheduled__2023-01-05T00:00:00+00:00 [running]> on host 75a9b8ab4d7f
[2023-01-13 10:50:15,979] {taskinstance.py:1429} INFO - Exporting the following env vars:
AIRFLOW_CTX_DAG_OWNER=salman
AIRFLOW_CTX_DAG_ID=dag_with_python_operator_v4
AIRFLOW_CTX_TASK_ID=get_name
AIRFLOW_CTX_EXECUTION_DATE=2023-01-05T00:00:00+00:00
AIRFLOW_CTX_DAG_RUN_ID=scheduled__2023-01-05T00:00:00+00:00
[2023-01-13 10:50:15,980] {python.py:152} INFO - Done. Returned value was: Harry
[2023-01-13 10:50:16,227] {taskinstance.py:1280} INFO - Marking task as SUCCESS. dag_id=dag_with_python_operator_v4, task_id=get_name, execution_date=20230105T000000, start_date=20230113T105015, end_date=20230113T105016
[2023-01-13 10:50:16,267] {local_task_job.py:154} INFO - Task exited with return code 0
[2023-01-13 10:50:16,343] {local_task_job.py:264} INFO - 1 downstream tasks scheduled from follow-on schedule check
