[2023-01-13 09:48:11,464] {taskinstance.py:1035} INFO - Dependencies all met for <TaskInstance: my_first_dag_v2.second_task scheduled__2023-01-07T00:00:00+00:00 [queued]>
[2023-01-13 09:48:11,525] {taskinstance.py:1035} INFO - Dependencies all met for <TaskInstance: my_first_dag_v2.second_task scheduled__2023-01-07T00:00:00+00:00 [queued]>
[2023-01-13 09:48:11,525] {taskinstance.py:1241} INFO - 
--------------------------------------------------------------------------------
[2023-01-13 09:48:11,525] {taskinstance.py:1242} INFO - Starting attempt 1 of 6
[2023-01-13 09:48:11,525] {taskinstance.py:1243} INFO - 
--------------------------------------------------------------------------------
[2023-01-13 09:48:11,562] {taskinstance.py:1262} INFO - Executing <Task(BashOperator): second_task> on 2023-01-07 00:00:00+00:00
[2023-01-13 09:48:11,566] {standard_task_runner.py:52} INFO - Started process 1429 to run task
[2023-01-13 09:48:11,570] {standard_task_runner.py:76} INFO - Running: ['***', 'tasks', 'run', 'my_first_dag_v2', 'second_task', 'scheduled__2023-01-07T00:00:00+00:00', '--job-id', '28', '--raw', '--subdir', 'DAGS_FOLDER/my_first_dag.py', '--cfg-path', '/tmp/tmp9o_56jg5', '--error-file', '/tmp/tmppl88odjd']
[2023-01-13 09:48:11,571] {standard_task_runner.py:77} INFO - Job 28: Subtask second_task
[2023-01-13 09:48:11,674] {logging_mixin.py:109} INFO - Running <TaskInstance: my_first_dag_v2.second_task scheduled__2023-01-07T00:00:00+00:00 [running]> on host ffa830cbd52d
[2023-01-13 09:48:11,808] {taskinstance.py:1429} INFO - Exporting the following env vars:
AIRFLOW_CTX_DAG_OWNER=salman
AIRFLOW_CTX_DAG_ID=my_first_dag_v2
AIRFLOW_CTX_TASK_ID=second_task
AIRFLOW_CTX_EXECUTION_DATE=2023-01-07T00:00:00+00:00
AIRFLOW_CTX_DAG_RUN_ID=scheduled__2023-01-07T00:00:00+00:00
[2023-01-13 09:48:11,809] {subprocess.py:62} INFO - Tmp dir root location: 
 /tmp
[2023-01-13 09:48:11,811] {subprocess.py:74} INFO - Running command: ['bash', '-c', 'echo hey, I am second task and will be executed after first task!']
[2023-01-13 09:48:11,825] {subprocess.py:85} INFO - Output:
[2023-01-13 09:48:11,827] {subprocess.py:89} INFO - hey, I am second task and will be executed after first task!
[2023-01-13 09:48:11,828] {subprocess.py:93} INFO - Command exited with return code 0
[2023-01-13 09:48:11,856] {taskinstance.py:1280} INFO - Marking task as SUCCESS. dag_id=my_first_dag_v2, task_id=second_task, execution_date=20230107T000000, start_date=20230113T094811, end_date=20230113T094811
[2023-01-13 09:48:11,918] {local_task_job.py:154} INFO - Task exited with return code 0
[2023-01-13 09:48:11,966] {local_task_job.py:264} INFO - 0 downstream tasks scheduled from follow-on schedule check
