[2023-01-13 14:54:03,092] {taskinstance.py:1035} INFO - Dependencies all met for <TaskInstance: dag_with_taskflow_api_v1.greet scheduled__2023-01-03T00:00:00+00:00 [queued]>
[2023-01-13 14:54:03,216] {taskinstance.py:1035} INFO - Dependencies all met for <TaskInstance: dag_with_taskflow_api_v1.greet scheduled__2023-01-03T00:00:00+00:00 [queued]>
[2023-01-13 14:54:03,216] {taskinstance.py:1241} INFO - 
--------------------------------------------------------------------------------
[2023-01-13 14:54:03,216] {taskinstance.py:1242} INFO - Starting attempt 1 of 6
[2023-01-13 14:54:03,216] {taskinstance.py:1243} INFO - 
--------------------------------------------------------------------------------
[2023-01-13 14:54:03,277] {taskinstance.py:1262} INFO - Executing <Task(_PythonDecoratedOperator): greet> on 2023-01-03 00:00:00+00:00
[2023-01-13 14:54:03,298] {standard_task_runner.py:52} INFO - Started process 18028 to run task
[2023-01-13 14:54:03,382] {standard_task_runner.py:76} INFO - Running: ['***', 'tasks', 'run', 'dag_with_taskflow_api_v1', 'greet', 'scheduled__2023-01-03T00:00:00+00:00', '--job-id', '309', '--raw', '--subdir', 'DAGS_FOLDER/create_with_taskflow_api.py', '--cfg-path', '/tmp/tmprjsvvkvf', '--error-file', '/tmp/tmpfrf99210']
[2023-01-13 14:54:03,383] {standard_task_runner.py:77} INFO - Job 309: Subtask greet
[2023-01-13 14:54:03,639] {logging_mixin.py:109} INFO - Running <TaskInstance: dag_with_taskflow_api_v1.greet scheduled__2023-01-03T00:00:00+00:00 [running]> on host 75a9b8ab4d7f
[2023-01-13 14:54:04,027] {taskinstance.py:1429} INFO - Exporting the following env vars:
AIRFLOW_CTX_DAG_OWNER=salman
AIRFLOW_CTX_DAG_ID=dag_with_taskflow_api_v1
AIRFLOW_CTX_TASK_ID=greet
AIRFLOW_CTX_EXECUTION_DATE=2023-01-03T00:00:00+00:00
AIRFLOW_CTX_DAG_RUN_ID=scheduled__2023-01-03T00:00:00+00:00
[2023-01-13 14:54:04,028] {logging_mixin.py:109} INFO - my name is Harry Potter and I am 35 years old!
[2023-01-13 14:54:04,028] {python.py:152} INFO - Done. Returned value was: None
[2023-01-13 14:54:04,075] {taskinstance.py:1280} INFO - Marking task as SUCCESS. dag_id=dag_with_taskflow_api_v1, task_id=greet, execution_date=20230103T000000, start_date=20230113T145403, end_date=20230113T145404
[2023-01-13 14:54:04,128] {local_task_job.py:154} INFO - Task exited with return code 0
[2023-01-13 14:54:04,190] {local_task_job.py:264} INFO - 0 downstream tasks scheduled from follow-on schedule check
