[2023-01-13 12:51:20,586] {taskinstance.py:1035} INFO - Dependencies all met for <TaskInstance: dag_with_python_operator_v5.get_name scheduled__2023-01-03T00:00:00+00:00 [queued]>
[2023-01-13 12:51:20,633] {taskinstance.py:1035} INFO - Dependencies all met for <TaskInstance: dag_with_python_operator_v5.get_name scheduled__2023-01-03T00:00:00+00:00 [queued]>
[2023-01-13 12:51:20,633] {taskinstance.py:1241} INFO - 
--------------------------------------------------------------------------------
[2023-01-13 12:51:20,633] {taskinstance.py:1242} INFO - Starting attempt 1 of 6
[2023-01-13 12:51:20,633] {taskinstance.py:1243} INFO - 
--------------------------------------------------------------------------------
[2023-01-13 12:51:20,676] {taskinstance.py:1262} INFO - Executing <Task(PythonOperator): get_name> on 2023-01-03 00:00:00+00:00
[2023-01-13 12:51:20,680] {standard_task_runner.py:52} INFO - Started process 9035 to run task
[2023-01-13 12:51:20,689] {standard_task_runner.py:76} INFO - Running: ['***', 'tasks', 'run', 'dag_with_python_operator_v5', 'get_name', 'scheduled__2023-01-03T00:00:00+00:00', '--job-id', '164', '--raw', '--subdir', 'DAGS_FOLDER/create_dag_with_python_operator.py', '--cfg-path', '/tmp/tmpm28020k3', '--error-file', '/tmp/tmp_fwz557h']
[2023-01-13 12:51:20,696] {standard_task_runner.py:77} INFO - Job 164: Subtask get_name
[2023-01-13 12:51:20,907] {logging_mixin.py:109} INFO - Running <TaskInstance: dag_with_python_operator_v5.get_name scheduled__2023-01-03T00:00:00+00:00 [running]> on host 75a9b8ab4d7f
[2023-01-13 12:51:21,107] {taskinstance.py:1429} INFO - Exporting the following env vars:
AIRFLOW_CTX_DAG_OWNER=salman
AIRFLOW_CTX_DAG_ID=dag_with_python_operator_v5
AIRFLOW_CTX_TASK_ID=get_name
AIRFLOW_CTX_EXECUTION_DATE=2023-01-03T00:00:00+00:00
AIRFLOW_CTX_DAG_RUN_ID=scheduled__2023-01-03T00:00:00+00:00
[2023-01-13 12:51:21,176] {python.py:152} INFO - Done. Returned value was: None
[2023-01-13 12:51:21,235] {taskinstance.py:1280} INFO - Marking task as SUCCESS. dag_id=dag_with_python_operator_v5, task_id=get_name, execution_date=20230103T000000, start_date=20230113T125120, end_date=20230113T125121
[2023-01-13 12:51:21,289] {local_task_job.py:154} INFO - Task exited with return code 0
[2023-01-13 12:51:21,424] {local_task_job.py:264} INFO - 1 downstream tasks scheduled from follow-on schedule check
