[2023-01-13 08:43:14,666] {taskinstance.py:1035} INFO - Dependencies all met for <TaskInstance: example_bash_operator.this_will_skip scheduled__2023-01-12T00:00:00+00:00 [queued]>
[2023-01-13 08:43:14,697] {taskinstance.py:1035} INFO - Dependencies all met for <TaskInstance: example_bash_operator.this_will_skip scheduled__2023-01-12T00:00:00+00:00 [queued]>
[2023-01-13 08:43:14,697] {taskinstance.py:1241} INFO - 
--------------------------------------------------------------------------------
[2023-01-13 08:43:14,697] {taskinstance.py:1242} INFO - Starting attempt 1 of 1
[2023-01-13 08:43:14,697] {taskinstance.py:1243} INFO - 
--------------------------------------------------------------------------------
[2023-01-13 08:43:14,717] {taskinstance.py:1262} INFO - Executing <Task(BashOperator): this_will_skip> on 2023-01-12 00:00:00+00:00
[2023-01-13 08:43:14,722] {standard_task_runner.py:52} INFO - Started process 620 to run task
[2023-01-13 08:43:14,736] {standard_task_runner.py:76} INFO - Running: ['***', 'tasks', 'run', 'example_bash_operator', 'this_will_skip', 'scheduled__2023-01-12T00:00:00+00:00', '--job-id', '3', '--raw', '--subdir', '/home/***/.local/lib/python3.7/site-packages/***/example_dags/example_bash_operator.py', '--cfg-path', '/tmp/tmpj_6zptv_', '--error-file', '/tmp/tmpbwuam2hr']
[2023-01-13 08:43:14,737] {standard_task_runner.py:77} INFO - Job 3: Subtask this_will_skip
[2023-01-13 08:43:14,818] {logging_mixin.py:109} INFO - Running <TaskInstance: example_bash_operator.this_will_skip scheduled__2023-01-12T00:00:00+00:00 [running]> on host f8e887b9f46f
[2023-01-13 08:43:15,082] {taskinstance.py:1429} INFO - Exporting the following env vars:
AIRFLOW_CTX_DAG_OWNER=***
AIRFLOW_CTX_DAG_ID=example_bash_operator
AIRFLOW_CTX_TASK_ID=this_will_skip
AIRFLOW_CTX_EXECUTION_DATE=2023-01-12T00:00:00+00:00
AIRFLOW_CTX_DAG_RUN_ID=scheduled__2023-01-12T00:00:00+00:00
[2023-01-13 08:43:15,084] {subprocess.py:62} INFO - Tmp dir root location: 
 /tmp
[2023-01-13 08:43:15,084] {subprocess.py:74} INFO - Running command: ['bash', '-c', 'echo "hello world"; exit 99;']
[2023-01-13 08:43:15,096] {subprocess.py:85} INFO - Output:
[2023-01-13 08:43:15,097] {subprocess.py:89} INFO - hello world
[2023-01-13 08:43:15,097] {subprocess.py:93} INFO - Command exited with return code 99
[2023-01-13 08:43:15,099] {taskinstance.py:1359} INFO - Bash command returned exit code 99. Skipping.
[2023-01-13 08:43:15,128] {taskinstance.py:1280} INFO - Marking task as SKIPPED. dag_id=example_bash_operator, task_id=this_will_skip, execution_date=20230112T000000, start_date=20230113T084314, end_date=20230113T084315
[2023-01-13 08:43:15,194] {local_task_job.py:154} INFO - Task exited with return code 0
[2023-01-13 08:43:15,250] {local_task_job.py:264} INFO - 0 downstream tasks scheduled from follow-on schedule check
