[2023-01-13 14:54:04,097] {taskinstance.py:1035} INFO - Dependencies all met for <TaskInstance: dag_with_taskflow_api_v1.get_age scheduled__2023-01-08T00:00:00+00:00 [queued]>
[2023-01-13 14:54:04,181] {taskinstance.py:1035} INFO - Dependencies all met for <TaskInstance: dag_with_taskflow_api_v1.get_age scheduled__2023-01-08T00:00:00+00:00 [queued]>
[2023-01-13 14:54:04,181] {taskinstance.py:1241} INFO - 
--------------------------------------------------------------------------------
[2023-01-13 14:54:04,181] {taskinstance.py:1242} INFO - Starting attempt 1 of 6
[2023-01-13 14:54:04,181] {taskinstance.py:1243} INFO - 
--------------------------------------------------------------------------------
[2023-01-13 14:54:04,268] {taskinstance.py:1262} INFO - Executing <Task(_PythonDecoratedOperator): get_age> on 2023-01-08 00:00:00+00:00
[2023-01-13 14:54:04,275] {standard_task_runner.py:52} INFO - Started process 18035 to run task
[2023-01-13 14:54:04,278] {standard_task_runner.py:76} INFO - Running: ['***', 'tasks', 'run', 'dag_with_taskflow_api_v1', 'get_age', 'scheduled__2023-01-08T00:00:00+00:00', '--job-id', '313', '--raw', '--subdir', 'DAGS_FOLDER/create_with_taskflow_api.py', '--cfg-path', '/tmp/tmpt4o2tq1e', '--error-file', '/tmp/tmpjy7dwqwg']
[2023-01-13 14:54:04,280] {standard_task_runner.py:77} INFO - Job 313: Subtask get_age
[2023-01-13 14:54:04,371] {logging_mixin.py:109} INFO - Running <TaskInstance: dag_with_taskflow_api_v1.get_age scheduled__2023-01-08T00:00:00+00:00 [running]> on host 75a9b8ab4d7f
[2023-01-13 14:54:04,516] {taskinstance.py:1429} INFO - Exporting the following env vars:
AIRFLOW_CTX_DAG_OWNER=salman
AIRFLOW_CTX_DAG_ID=dag_with_taskflow_api_v1
AIRFLOW_CTX_TASK_ID=get_age
AIRFLOW_CTX_EXECUTION_DATE=2023-01-08T00:00:00+00:00
AIRFLOW_CTX_DAG_RUN_ID=scheduled__2023-01-08T00:00:00+00:00
[2023-01-13 14:54:04,516] {python.py:152} INFO - Done. Returned value was: 35
[2023-01-13 14:54:04,616] {taskinstance.py:1280} INFO - Marking task as SUCCESS. dag_id=dag_with_taskflow_api_v1, task_id=get_age, execution_date=20230108T000000, start_date=20230113T145404, end_date=20230113T145404
[2023-01-13 14:54:04,671] {local_task_job.py:154} INFO - Task exited with return code 0
[2023-01-13 14:54:04,774] {local_task_job.py:264} INFO - 0 downstream tasks scheduled from follow-on schedule check
