[2023-01-13 12:52:22,374] {taskinstance.py:1035} INFO - Dependencies all met for <TaskInstance: dag_with_python_operator_v6.get_name scheduled__2023-01-05T00:00:00+00:00 [queued]>
[2023-01-13 12:52:22,402] {taskinstance.py:1035} INFO - Dependencies all met for <TaskInstance: dag_with_python_operator_v6.get_name scheduled__2023-01-05T00:00:00+00:00 [queued]>
[2023-01-13 12:52:22,402] {taskinstance.py:1241} INFO - 
--------------------------------------------------------------------------------
[2023-01-13 12:52:22,402] {taskinstance.py:1242} INFO - Starting attempt 1 of 6
[2023-01-13 12:52:22,402] {taskinstance.py:1243} INFO - 
--------------------------------------------------------------------------------
[2023-01-13 12:52:22,431] {taskinstance.py:1262} INFO - Executing <Task(PythonOperator): get_name> on 2023-01-05 00:00:00+00:00
[2023-01-13 12:52:22,440] {standard_task_runner.py:52} INFO - Started process 9157 to run task
[2023-01-13 12:52:22,460] {standard_task_runner.py:76} INFO - Running: ['***', 'tasks', 'run', 'dag_with_python_operator_v6', 'get_name', 'scheduled__2023-01-05T00:00:00+00:00', '--job-id', '187', '--raw', '--subdir', 'DAGS_FOLDER/create_dag_with_python_operator.py', '--cfg-path', '/tmp/tmpkb62_now', '--error-file', '/tmp/tmpz68vrcyt']
[2023-01-13 12:52:22,461] {standard_task_runner.py:77} INFO - Job 187: Subtask get_name
[2023-01-13 12:52:22,560] {logging_mixin.py:109} INFO - Running <TaskInstance: dag_with_python_operator_v6.get_name scheduled__2023-01-05T00:00:00+00:00 [running]> on host 75a9b8ab4d7f
[2023-01-13 12:52:22,697] {taskinstance.py:1429} INFO - Exporting the following env vars:
AIRFLOW_CTX_DAG_OWNER=salman
AIRFLOW_CTX_DAG_ID=dag_with_python_operator_v6
AIRFLOW_CTX_TASK_ID=get_name
AIRFLOW_CTX_EXECUTION_DATE=2023-01-05T00:00:00+00:00
AIRFLOW_CTX_DAG_RUN_ID=scheduled__2023-01-05T00:00:00+00:00
[2023-01-13 12:52:22,760] {python.py:152} INFO - Done. Returned value was: None
[2023-01-13 12:52:22,779] {taskinstance.py:1280} INFO - Marking task as SUCCESS. dag_id=dag_with_python_operator_v6, task_id=get_name, execution_date=20230105T000000, start_date=20230113T125222, end_date=20230113T125222
[2023-01-13 12:52:22,830] {local_task_job.py:154} INFO - Task exited with return code 0
[2023-01-13 12:52:23,027] {local_task_job.py:264} INFO - 0 downstream tasks scheduled from follow-on schedule check
