[2023-01-13 09:48:09,512] {taskinstance.py:1035} INFO - Dependencies all met for <TaskInstance: my_first_dag_v2.first_task scheduled__2023-01-05T00:00:00+00:00 [queued]>
[2023-01-13 09:48:09,549] {taskinstance.py:1035} INFO - Dependencies all met for <TaskInstance: my_first_dag_v2.first_task scheduled__2023-01-05T00:00:00+00:00 [queued]>
[2023-01-13 09:48:09,549] {taskinstance.py:1241} INFO - 
--------------------------------------------------------------------------------
[2023-01-13 09:48:09,549] {taskinstance.py:1242} INFO - Starting attempt 1 of 6
[2023-01-13 09:48:09,549] {taskinstance.py:1243} INFO - 
--------------------------------------------------------------------------------
[2023-01-13 09:48:09,724] {taskinstance.py:1262} INFO - Executing <Task(BashOperator): first_task> on 2023-01-05 00:00:00+00:00
[2023-01-13 09:48:09,728] {standard_task_runner.py:52} INFO - Started process 1398 to run task
[2023-01-13 09:48:09,731] {standard_task_runner.py:76} INFO - Running: ['***', 'tasks', 'run', 'my_first_dag_v2', 'first_task', 'scheduled__2023-01-05T00:00:00+00:00', '--job-id', '16', '--raw', '--subdir', 'DAGS_FOLDER/my_first_dag.py', '--cfg-path', '/tmp/tmpe98p6j_o', '--error-file', '/tmp/tmpgv5zr0j2']
[2023-01-13 09:48:09,733] {standard_task_runner.py:77} INFO - Job 16: Subtask first_task
[2023-01-13 09:48:09,901] {logging_mixin.py:109} INFO - Running <TaskInstance: my_first_dag_v2.first_task scheduled__2023-01-05T00:00:00+00:00 [running]> on host ffa830cbd52d
[2023-01-13 09:48:10,046] {taskinstance.py:1429} INFO - Exporting the following env vars:
AIRFLOW_CTX_DAG_OWNER=salman
AIRFLOW_CTX_DAG_ID=my_first_dag_v2
AIRFLOW_CTX_TASK_ID=first_task
AIRFLOW_CTX_EXECUTION_DATE=2023-01-05T00:00:00+00:00
AIRFLOW_CTX_DAG_RUN_ID=scheduled__2023-01-05T00:00:00+00:00
[2023-01-13 09:48:10,047] {subprocess.py:62} INFO - Tmp dir root location: 
 /tmp
[2023-01-13 09:48:10,048] {subprocess.py:74} INFO - Running command: ['bash', '-c', 'echo hello worlds, this is the first task of mine.']
[2023-01-13 09:48:10,080] {subprocess.py:85} INFO - Output:
[2023-01-13 09:48:10,083] {subprocess.py:89} INFO - hello worlds, this is the first task of mine.
[2023-01-13 09:48:10,085] {subprocess.py:93} INFO - Command exited with return code 0
[2023-01-13 09:48:10,193] {taskinstance.py:1280} INFO - Marking task as SUCCESS. dag_id=my_first_dag_v2, task_id=first_task, execution_date=20230105T000000, start_date=20230113T094809, end_date=20230113T094810
[2023-01-13 09:48:10,238] {local_task_job.py:154} INFO - Task exited with return code 0
[2023-01-13 09:48:10,305] {local_task_job.py:264} INFO - 1 downstream tasks scheduled from follow-on schedule check
