[2023-01-13 14:39:08,430] {taskinstance.py:1035} INFO - Dependencies all met for <TaskInstance: dag_with_taskflow_api.greet scheduled__2023-01-05T00:00:00+00:00 [queued]>
[2023-01-13 14:39:08,450] {taskinstance.py:1035} INFO - Dependencies all met for <TaskInstance: dag_with_taskflow_api.greet scheduled__2023-01-05T00:00:00+00:00 [queued]>
[2023-01-13 14:39:08,451] {taskinstance.py:1241} INFO - 
--------------------------------------------------------------------------------
[2023-01-13 14:39:08,451] {taskinstance.py:1242} INFO - Starting attempt 1 of 6
[2023-01-13 14:39:08,451] {taskinstance.py:1243} INFO - 
--------------------------------------------------------------------------------
[2023-01-13 14:39:08,507] {taskinstance.py:1262} INFO - Executing <Task(_PythonDecoratedOperator): greet> on 2023-01-05 00:00:00+00:00
[2023-01-13 14:39:08,517] {standard_task_runner.py:52} INFO - Started process 16881 to run task
[2023-01-13 14:39:08,583] {standard_task_runner.py:76} INFO - Running: ['***', 'tasks', 'run', 'dag_with_taskflow_api', 'greet', 'scheduled__2023-01-05T00:00:00+00:00', '--job-id', '284', '--raw', '--subdir', 'DAGS_FOLDER/create_with_taskflow_api.py', '--cfg-path', '/tmp/tmpllx202w_', '--error-file', '/tmp/tmpad4xr9dk']
[2023-01-13 14:39:08,585] {standard_task_runner.py:77} INFO - Job 284: Subtask greet
[2023-01-13 14:39:08,705] {logging_mixin.py:109} INFO - Running <TaskInstance: dag_with_taskflow_api.greet scheduled__2023-01-05T00:00:00+00:00 [running]> on host 75a9b8ab4d7f
[2023-01-13 14:39:08,865] {taskinstance.py:1429} INFO - Exporting the following env vars:
AIRFLOW_CTX_DAG_OWNER=salman
AIRFLOW_CTX_DAG_ID=dag_with_taskflow_api
AIRFLOW_CTX_TASK_ID=greet
AIRFLOW_CTX_EXECUTION_DATE=2023-01-05T00:00:00+00:00
AIRFLOW_CTX_DAG_RUN_ID=scheduled__2023-01-05T00:00:00+00:00
[2023-01-13 14:39:08,867] {logging_mixin.py:109} INFO - my name is Harry and I am 35 years old!
[2023-01-13 14:39:08,867] {python.py:152} INFO - Done. Returned value was: None
[2023-01-13 14:39:08,959] {taskinstance.py:1280} INFO - Marking task as SUCCESS. dag_id=dag_with_taskflow_api, task_id=greet, execution_date=20230105T000000, start_date=20230113T143908, end_date=20230113T143908
[2023-01-13 14:39:09,038] {local_task_job.py:154} INFO - Task exited with return code 0
[2023-01-13 14:39:09,101] {local_task_job.py:264} INFO - 0 downstream tasks scheduled from follow-on schedule check
