[2023-01-13 09:48:11,127] {taskinstance.py:1035} INFO - Dependencies all met for <TaskInstance: my_first_dag_v2.first_task scheduled__2023-01-09T00:00:00+00:00 [queued]>
[2023-01-13 09:48:11,246] {taskinstance.py:1035} INFO - Dependencies all met for <TaskInstance: my_first_dag_v2.first_task scheduled__2023-01-09T00:00:00+00:00 [queued]>
[2023-01-13 09:48:11,246] {taskinstance.py:1241} INFO - 
--------------------------------------------------------------------------------
[2023-01-13 09:48:11,246] {taskinstance.py:1242} INFO - Starting attempt 1 of 6
[2023-01-13 09:48:11,246] {taskinstance.py:1243} INFO - 
--------------------------------------------------------------------------------
[2023-01-13 09:48:11,430] {taskinstance.py:1262} INFO - Executing <Task(BashOperator): first_task> on 2023-01-09 00:00:00+00:00
[2023-01-13 09:48:11,435] {standard_task_runner.py:52} INFO - Started process 1425 to run task
[2023-01-13 09:48:11,476] {standard_task_runner.py:76} INFO - Running: ['***', 'tasks', 'run', 'my_first_dag_v2', 'first_task', 'scheduled__2023-01-09T00:00:00+00:00', '--job-id', '26', '--raw', '--subdir', 'DAGS_FOLDER/my_first_dag.py', '--cfg-path', '/tmp/tmpqu3owl4o', '--error-file', '/tmp/tmpx_6x0034']
[2023-01-13 09:48:11,478] {standard_task_runner.py:77} INFO - Job 26: Subtask first_task
[2023-01-13 09:48:11,615] {logging_mixin.py:109} INFO - Running <TaskInstance: my_first_dag_v2.first_task scheduled__2023-01-09T00:00:00+00:00 [running]> on host ffa830cbd52d
[2023-01-13 09:48:11,783] {taskinstance.py:1429} INFO - Exporting the following env vars:
AIRFLOW_CTX_DAG_OWNER=salman
AIRFLOW_CTX_DAG_ID=my_first_dag_v2
AIRFLOW_CTX_TASK_ID=first_task
AIRFLOW_CTX_EXECUTION_DATE=2023-01-09T00:00:00+00:00
AIRFLOW_CTX_DAG_RUN_ID=scheduled__2023-01-09T00:00:00+00:00
[2023-01-13 09:48:11,784] {subprocess.py:62} INFO - Tmp dir root location: 
 /tmp
[2023-01-13 09:48:11,784] {subprocess.py:74} INFO - Running command: ['bash', '-c', 'echo hello worlds, this is the first task of mine.']
[2023-01-13 09:48:11,798] {subprocess.py:85} INFO - Output:
[2023-01-13 09:48:11,801] {subprocess.py:89} INFO - hello worlds, this is the first task of mine.
[2023-01-13 09:48:11,803] {subprocess.py:93} INFO - Command exited with return code 0
[2023-01-13 09:48:11,847] {taskinstance.py:1280} INFO - Marking task as SUCCESS. dag_id=my_first_dag_v2, task_id=first_task, execution_date=20230109T000000, start_date=20230113T094811, end_date=20230113T094811
[2023-01-13 09:48:11,899] {local_task_job.py:154} INFO - Task exited with return code 0
[2023-01-13 09:48:11,954] {local_task_job.py:264} INFO - 1 downstream tasks scheduled from follow-on schedule check
