[2023-01-13 10:38:57,833] {taskinstance.py:1035} INFO - Dependencies all met for <TaskInstance: dag_with_python_operator_v2.greet scheduled__2023-01-01T00:00:00+00:00 [queued]>
[2023-01-13 10:38:57,870] {taskinstance.py:1035} INFO - Dependencies all met for <TaskInstance: dag_with_python_operator_v2.greet scheduled__2023-01-01T00:00:00+00:00 [queued]>
[2023-01-13 10:38:57,870] {taskinstance.py:1241} INFO - 
--------------------------------------------------------------------------------
[2023-01-13 10:38:57,870] {taskinstance.py:1242} INFO - Starting attempt 1 of 6
[2023-01-13 10:38:57,870] {taskinstance.py:1243} INFO - 
--------------------------------------------------------------------------------
[2023-01-13 10:38:57,895] {taskinstance.py:1262} INFO - Executing <Task(PythonOperator): greet> on 2023-01-01 00:00:00+00:00
[2023-01-13 10:38:57,900] {standard_task_runner.py:52} INFO - Started process 519 to run task
[2023-01-13 10:38:57,919] {standard_task_runner.py:76} INFO - Running: ['***', 'tasks', 'run', 'dag_with_python_operator_v2', 'greet', 'scheduled__2023-01-01T00:00:00+00:00', '--job-id', '109', '--raw', '--subdir', 'DAGS_FOLDER/create_dag_with_python_operator.py', '--cfg-path', '/tmp/tmp01hj6wkm', '--error-file', '/tmp/tmp9u4x9djb']
[2023-01-13 10:38:57,920] {standard_task_runner.py:77} INFO - Job 109: Subtask greet
[2023-01-13 10:38:57,990] {logging_mixin.py:109} INFO - Running <TaskInstance: dag_with_python_operator_v2.greet scheduled__2023-01-01T00:00:00+00:00 [running]> on host 75a9b8ab4d7f
[2023-01-13 10:38:58,078] {taskinstance.py:1429} INFO - Exporting the following env vars:
AIRFLOW_CTX_DAG_OWNER=salman
AIRFLOW_CTX_DAG_ID=dag_with_python_operator_v2
AIRFLOW_CTX_TASK_ID=greet
AIRFLOW_CTX_EXECUTION_DATE=2023-01-01T00:00:00+00:00
AIRFLOW_CTX_DAG_RUN_ID=scheduled__2023-01-01T00:00:00+00:00
[2023-01-13 10:38:58,078] {logging_mixin.py:109} INFO - Hello World, my name is salman and I am 34 years old!
[2023-01-13 10:38:58,078] {python.py:152} INFO - Done. Returned value was: None
[2023-01-13 10:38:58,183] {taskinstance.py:1280} INFO - Marking task as SUCCESS. dag_id=dag_with_python_operator_v2, task_id=greet, execution_date=20230101T000000, start_date=20230113T103857, end_date=20230113T103858
[2023-01-13 10:38:58,236] {local_task_job.py:154} INFO - Task exited with return code 0
[2023-01-13 10:38:58,320] {local_task_job.py:264} INFO - 0 downstream tasks scheduled from follow-on schedule check
