[2023-01-13 14:39:09,111] {taskinstance.py:1035} INFO - Dependencies all met for <TaskInstance: dag_with_taskflow_api.get_age scheduled__2023-01-09T00:00:00+00:00 [queued]>
[2023-01-13 14:39:09,179] {taskinstance.py:1035} INFO - Dependencies all met for <TaskInstance: dag_with_taskflow_api.get_age scheduled__2023-01-09T00:00:00+00:00 [queued]>
[2023-01-13 14:39:09,179] {taskinstance.py:1241} INFO - 
--------------------------------------------------------------------------------
[2023-01-13 14:39:09,179] {taskinstance.py:1242} INFO - Starting attempt 1 of 6
[2023-01-13 14:39:09,179] {taskinstance.py:1243} INFO - 
--------------------------------------------------------------------------------
[2023-01-13 14:39:09,217] {taskinstance.py:1262} INFO - Executing <Task(_PythonDecoratedOperator): get_age> on 2023-01-09 00:00:00+00:00
[2023-01-13 14:39:09,223] {standard_task_runner.py:52} INFO - Started process 16889 to run task
[2023-01-13 14:39:09,231] {standard_task_runner.py:76} INFO - Running: ['***', 'tasks', 'run', 'dag_with_taskflow_api', 'get_age', 'scheduled__2023-01-09T00:00:00+00:00', '--job-id', '287', '--raw', '--subdir', 'DAGS_FOLDER/create_with_taskflow_api.py', '--cfg-path', '/tmp/tmpu3op2ytm', '--error-file', '/tmp/tmpy_ypu060']
[2023-01-13 14:39:09,232] {standard_task_runner.py:77} INFO - Job 287: Subtask get_age
[2023-01-13 14:39:09,363] {logging_mixin.py:109} INFO - Running <TaskInstance: dag_with_taskflow_api.get_age scheduled__2023-01-09T00:00:00+00:00 [running]> on host 75a9b8ab4d7f
[2023-01-13 14:39:09,531] {taskinstance.py:1429} INFO - Exporting the following env vars:
AIRFLOW_CTX_DAG_OWNER=salman
AIRFLOW_CTX_DAG_ID=dag_with_taskflow_api
AIRFLOW_CTX_TASK_ID=get_age
AIRFLOW_CTX_EXECUTION_DATE=2023-01-09T00:00:00+00:00
AIRFLOW_CTX_DAG_RUN_ID=scheduled__2023-01-09T00:00:00+00:00
[2023-01-13 14:39:09,532] {python.py:152} INFO - Done. Returned value was: 35
[2023-01-13 14:39:09,641] {taskinstance.py:1280} INFO - Marking task as SUCCESS. dag_id=dag_with_taskflow_api, task_id=get_age, execution_date=20230109T000000, start_date=20230113T143909, end_date=20230113T143909
[2023-01-13 14:39:09,701] {local_task_job.py:154} INFO - Task exited with return code 0
[2023-01-13 14:39:09,746] {local_task_job.py:264} INFO - 1 downstream tasks scheduled from follow-on schedule check
