[2023-01-13 08:42:15,593] {processor.py:163} INFO - Started process (PID=207) to work on /home/airflow/.local/lib/python3.7/site-packages/airflow/example_dags/example_complex.py
[2023-01-13 08:42:15,594] {processor.py:620} INFO - Processing file /home/airflow/.local/lib/python3.7/site-packages/airflow/example_dags/example_complex.py for tasks to queue
[2023-01-13 08:42:15,595] {logging_mixin.py:109} INFO - [2023-01-13 08:42:15,595] {dagbag.py:500} INFO - Filling up the DagBag from /home/airflow/.local/lib/python3.7/site-packages/airflow/example_dags/example_complex.py
[2023-01-13 08:42:15,658] {processor.py:632} INFO - DAG(s) dict_keys(['example_complex']) retrieved from /home/airflow/.local/lib/python3.7/site-packages/airflow/example_dags/example_complex.py
[2023-01-13 08:42:18,010] {logging_mixin.py:109} INFO - [2023-01-13 08:42:18,010] {providers_manager.py:156} WARNING - Exception when importing 'airflow.providers.google.leveldb.hooks.leveldb.LevelDBHook' from 'apache-airflow-providers-google' package: No module named 'plyvel'
[2023-01-13 08:42:18,600] {logging_mixin.py:109} INFO - [2023-01-13 08:42:18,600] {providers_manager.py:156} WARNING - Exception when importing 'airflow.providers.google.leveldb.hooks.leveldb.LevelDBHook' from 'apache-airflow-providers-google' package: No module named 'plyvel'
[2023-01-13 08:42:18,637] {logging_mixin.py:109} INFO - [2023-01-13 08:42:18,637] {manager.py:496} INFO - Created Permission View: can edit on DAG:example_complex
[2023-01-13 08:42:18,650] {logging_mixin.py:109} INFO - [2023-01-13 08:42:18,650] {manager.py:496} INFO - Created Permission View: can read on DAG:example_complex
[2023-01-13 08:42:18,650] {logging_mixin.py:109} INFO - [2023-01-13 08:42:18,650] {dag.py:2389} INFO - Sync 1 DAGs
[2023-01-13 08:42:18,662] {logging_mixin.py:109} INFO - [2023-01-13 08:42:18,662] {dag.py:2408} INFO - Creating ORM DAG for example_complex
[2023-01-13 08:42:18,675] {logging_mixin.py:109} INFO - [2023-01-13 08:42:18,675] {dag.py:2921} INFO - Setting next_dagrun for example_complex to None
[2023-01-13 08:42:18,724] {processor.py:171} INFO - Processing /home/airflow/.local/lib/python3.7/site-packages/airflow/example_dags/example_complex.py took 3.133 seconds
[2023-01-13 08:42:53,707] {processor.py:163} INFO - Started process (PID=504) to work on /home/airflow/.local/lib/python3.7/site-packages/airflow/example_dags/example_complex.py
[2023-01-13 08:42:53,708] {processor.py:620} INFO - Processing file /home/airflow/.local/lib/python3.7/site-packages/airflow/example_dags/example_complex.py for tasks to queue
[2023-01-13 08:42:53,708] {logging_mixin.py:109} INFO - [2023-01-13 08:42:53,708] {dagbag.py:500} INFO - Filling up the DagBag from /home/airflow/.local/lib/python3.7/site-packages/airflow/example_dags/example_complex.py
[2023-01-13 08:42:53,741] {processor.py:632} INFO - DAG(s) dict_keys(['example_complex']) retrieved from /home/airflow/.local/lib/python3.7/site-packages/airflow/example_dags/example_complex.py
[2023-01-13 08:42:53,757] {logging_mixin.py:109} INFO - [2023-01-13 08:42:53,756] {dag.py:2389} INFO - Sync 1 DAGs
[2023-01-13 08:42:53,771] {logging_mixin.py:109} INFO - [2023-01-13 08:42:53,771] {dag.py:2921} INFO - Setting next_dagrun for example_complex to None
[2023-01-13 08:42:53,783] {processor.py:171} INFO - Processing /home/airflow/.local/lib/python3.7/site-packages/airflow/example_dags/example_complex.py took 0.080 seconds
[2023-01-13 08:43:24,670] {processor.py:163} INFO - Started process (PID=701) to work on /home/airflow/.local/lib/python3.7/site-packages/airflow/example_dags/example_complex.py
[2023-01-13 08:43:24,671] {processor.py:620} INFO - Processing file /home/airflow/.local/lib/python3.7/site-packages/airflow/example_dags/example_complex.py for tasks to queue
[2023-01-13 08:43:24,672] {logging_mixin.py:109} INFO - [2023-01-13 08:43:24,672] {dagbag.py:500} INFO - Filling up the DagBag from /home/airflow/.local/lib/python3.7/site-packages/airflow/example_dags/example_complex.py
[2023-01-13 08:43:24,716] {processor.py:632} INFO - DAG(s) dict_keys(['example_complex']) retrieved from /home/airflow/.local/lib/python3.7/site-packages/airflow/example_dags/example_complex.py
[2023-01-13 08:43:24,732] {logging_mixin.py:109} INFO - [2023-01-13 08:43:24,732] {dag.py:2389} INFO - Sync 1 DAGs
[2023-01-13 08:43:24,748] {logging_mixin.py:109} INFO - [2023-01-13 08:43:24,748] {dag.py:2921} INFO - Setting next_dagrun for example_complex to None
[2023-01-13 08:43:24,760] {processor.py:171} INFO - Processing /home/airflow/.local/lib/python3.7/site-packages/airflow/example_dags/example_complex.py took 0.092 seconds
[2023-01-13 08:43:55,231] {processor.py:163} INFO - Started process (PID=893) to work on /home/airflow/.local/lib/python3.7/site-packages/airflow/example_dags/example_complex.py
[2023-01-13 08:43:55,260] {processor.py:620} INFO - Processing file /home/airflow/.local/lib/python3.7/site-packages/airflow/example_dags/example_complex.py for tasks to queue
[2023-01-13 08:43:55,261] {logging_mixin.py:109} INFO - [2023-01-13 08:43:55,261] {dagbag.py:500} INFO - Filling up the DagBag from /home/airflow/.local/lib/python3.7/site-packages/airflow/example_dags/example_complex.py
[2023-01-13 08:43:55,294] {processor.py:632} INFO - DAG(s) dict_keys(['example_complex']) retrieved from /home/airflow/.local/lib/python3.7/site-packages/airflow/example_dags/example_complex.py
[2023-01-13 08:43:55,312] {logging_mixin.py:109} INFO - [2023-01-13 08:43:55,312] {dag.py:2389} INFO - Sync 1 DAGs
[2023-01-13 08:43:55,327] {logging_mixin.py:109} INFO - [2023-01-13 08:43:55,326] {dag.py:2921} INFO - Setting next_dagrun for example_complex to None
[2023-01-13 08:43:55,338] {processor.py:171} INFO - Processing /home/airflow/.local/lib/python3.7/site-packages/airflow/example_dags/example_complex.py took 0.110 seconds
[2023-01-13 08:45:08,459] {processor.py:163} INFO - Started process (PID=179) to work on /home/airflow/.local/lib/python3.7/site-packages/airflow/example_dags/example_complex.py
[2023-01-13 08:45:08,460] {processor.py:620} INFO - Processing file /home/airflow/.local/lib/python3.7/site-packages/airflow/example_dags/example_complex.py for tasks to queue
[2023-01-13 08:45:08,460] {logging_mixin.py:109} INFO - [2023-01-13 08:45:08,460] {dagbag.py:500} INFO - Filling up the DagBag from /home/airflow/.local/lib/python3.7/site-packages/airflow/example_dags/example_complex.py
[2023-01-13 08:45:08,498] {processor.py:632} INFO - DAG(s) dict_keys(['example_complex']) retrieved from /home/airflow/.local/lib/python3.7/site-packages/airflow/example_dags/example_complex.py
[2023-01-13 08:45:08,513] {logging_mixin.py:109} INFO - [2023-01-13 08:45:08,512] {dag.py:2389} INFO - Sync 1 DAGs
[2023-01-13 08:45:08,529] {logging_mixin.py:109} INFO - [2023-01-13 08:45:08,529] {dag.py:2921} INFO - Setting next_dagrun for example_complex to None
[2023-01-13 08:45:08,542] {processor.py:171} INFO - Processing /home/airflow/.local/lib/python3.7/site-packages/airflow/example_dags/example_complex.py took 0.087 seconds
[2023-01-13 08:45:38,751] {processor.py:163} INFO - Started process (PID=368) to work on /home/airflow/.local/lib/python3.7/site-packages/airflow/example_dags/example_complex.py
[2023-01-13 08:45:38,753] {processor.py:620} INFO - Processing file /home/airflow/.local/lib/python3.7/site-packages/airflow/example_dags/example_complex.py for tasks to queue
[2023-01-13 08:45:38,754] {logging_mixin.py:109} INFO - [2023-01-13 08:45:38,753] {dagbag.py:500} INFO - Filling up the DagBag from /home/airflow/.local/lib/python3.7/site-packages/airflow/example_dags/example_complex.py
[2023-01-13 08:45:38,797] {processor.py:632} INFO - DAG(s) dict_keys(['example_complex']) retrieved from /home/airflow/.local/lib/python3.7/site-packages/airflow/example_dags/example_complex.py
[2023-01-13 08:45:38,816] {logging_mixin.py:109} INFO - [2023-01-13 08:45:38,816] {dag.py:2389} INFO - Sync 1 DAGs
[2023-01-13 08:45:38,832] {logging_mixin.py:109} INFO - [2023-01-13 08:45:38,832] {dag.py:2921} INFO - Setting next_dagrun for example_complex to None
[2023-01-13 08:45:38,845] {processor.py:171} INFO - Processing /home/airflow/.local/lib/python3.7/site-packages/airflow/example_dags/example_complex.py took 0.097 seconds
[2023-01-13 08:46:09,673] {processor.py:163} INFO - Started process (PID=556) to work on /home/airflow/.local/lib/python3.7/site-packages/airflow/example_dags/example_complex.py
[2023-01-13 08:46:09,674] {processor.py:620} INFO - Processing file /home/airflow/.local/lib/python3.7/site-packages/airflow/example_dags/example_complex.py for tasks to queue
[2023-01-13 08:46:09,674] {logging_mixin.py:109} INFO - [2023-01-13 08:46:09,674] {dagbag.py:500} INFO - Filling up the DagBag from /home/airflow/.local/lib/python3.7/site-packages/airflow/example_dags/example_complex.py
[2023-01-13 08:46:09,707] {processor.py:632} INFO - DAG(s) dict_keys(['example_complex']) retrieved from /home/airflow/.local/lib/python3.7/site-packages/airflow/example_dags/example_complex.py
[2023-01-13 08:46:09,722] {logging_mixin.py:109} INFO - [2023-01-13 08:46:09,722] {dag.py:2389} INFO - Sync 1 DAGs
[2023-01-13 08:46:09,737] {logging_mixin.py:109} INFO - [2023-01-13 08:46:09,737] {dag.py:2921} INFO - Setting next_dagrun for example_complex to None
[2023-01-13 08:46:09,746] {processor.py:171} INFO - Processing /home/airflow/.local/lib/python3.7/site-packages/airflow/example_dags/example_complex.py took 0.076 seconds
[2023-01-13 08:46:39,910] {processor.py:163} INFO - Started process (PID=734) to work on /home/airflow/.local/lib/python3.7/site-packages/airflow/example_dags/example_complex.py
[2023-01-13 08:46:39,911] {processor.py:620} INFO - Processing file /home/airflow/.local/lib/python3.7/site-packages/airflow/example_dags/example_complex.py for tasks to queue
[2023-01-13 08:46:39,911] {logging_mixin.py:109} INFO - [2023-01-13 08:46:39,911] {dagbag.py:500} INFO - Filling up the DagBag from /home/airflow/.local/lib/python3.7/site-packages/airflow/example_dags/example_complex.py
[2023-01-13 08:46:39,946] {processor.py:632} INFO - DAG(s) dict_keys(['example_complex']) retrieved from /home/airflow/.local/lib/python3.7/site-packages/airflow/example_dags/example_complex.py
[2023-01-13 08:46:39,964] {logging_mixin.py:109} INFO - [2023-01-13 08:46:39,963] {dag.py:2389} INFO - Sync 1 DAGs
[2023-01-13 08:46:39,982] {logging_mixin.py:109} INFO - [2023-01-13 08:46:39,982] {dag.py:2921} INFO - Setting next_dagrun for example_complex to None
[2023-01-13 08:46:39,994] {processor.py:171} INFO - Processing /home/airflow/.local/lib/python3.7/site-packages/airflow/example_dags/example_complex.py took 0.087 seconds
[2023-01-13 08:47:10,445] {processor.py:163} INFO - Started process (PID=928) to work on /home/airflow/.local/lib/python3.7/site-packages/airflow/example_dags/example_complex.py
[2023-01-13 08:47:10,446] {processor.py:620} INFO - Processing file /home/airflow/.local/lib/python3.7/site-packages/airflow/example_dags/example_complex.py for tasks to queue
[2023-01-13 08:47:10,447] {logging_mixin.py:109} INFO - [2023-01-13 08:47:10,447] {dagbag.py:500} INFO - Filling up the DagBag from /home/airflow/.local/lib/python3.7/site-packages/airflow/example_dags/example_complex.py
[2023-01-13 08:47:10,478] {processor.py:632} INFO - DAG(s) dict_keys(['example_complex']) retrieved from /home/airflow/.local/lib/python3.7/site-packages/airflow/example_dags/example_complex.py
[2023-01-13 08:47:10,493] {logging_mixin.py:109} INFO - [2023-01-13 08:47:10,493] {dag.py:2389} INFO - Sync 1 DAGs
[2023-01-13 08:47:10,509] {logging_mixin.py:109} INFO - [2023-01-13 08:47:10,509] {dag.py:2921} INFO - Setting next_dagrun for example_complex to None
[2023-01-13 08:47:10,519] {processor.py:171} INFO - Processing /home/airflow/.local/lib/python3.7/site-packages/airflow/example_dags/example_complex.py took 0.077 seconds
[2023-01-13 08:47:40,978] {processor.py:163} INFO - Started process (PID=1111) to work on /home/airflow/.local/lib/python3.7/site-packages/airflow/example_dags/example_complex.py
[2023-01-13 08:47:40,979] {processor.py:620} INFO - Processing file /home/airflow/.local/lib/python3.7/site-packages/airflow/example_dags/example_complex.py for tasks to queue
[2023-01-13 08:47:40,980] {logging_mixin.py:109} INFO - [2023-01-13 08:47:40,980] {dagbag.py:500} INFO - Filling up the DagBag from /home/airflow/.local/lib/python3.7/site-packages/airflow/example_dags/example_complex.py
[2023-01-13 08:47:41,014] {processor.py:632} INFO - DAG(s) dict_keys(['example_complex']) retrieved from /home/airflow/.local/lib/python3.7/site-packages/airflow/example_dags/example_complex.py
[2023-01-13 08:47:41,028] {logging_mixin.py:109} INFO - [2023-01-13 08:47:41,028] {dag.py:2389} INFO - Sync 1 DAGs
[2023-01-13 08:47:41,045] {logging_mixin.py:109} INFO - [2023-01-13 08:47:41,045] {dag.py:2921} INFO - Setting next_dagrun for example_complex to None
[2023-01-13 08:47:41,057] {processor.py:171} INFO - Processing /home/airflow/.local/lib/python3.7/site-packages/airflow/example_dags/example_complex.py took 0.081 seconds
[2023-01-13 08:48:11,634] {processor.py:163} INFO - Started process (PID=1303) to work on /home/airflow/.local/lib/python3.7/site-packages/airflow/example_dags/example_complex.py
[2023-01-13 08:48:11,635] {processor.py:620} INFO - Processing file /home/airflow/.local/lib/python3.7/site-packages/airflow/example_dags/example_complex.py for tasks to queue
[2023-01-13 08:48:11,636] {logging_mixin.py:109} INFO - [2023-01-13 08:48:11,635] {dagbag.py:500} INFO - Filling up the DagBag from /home/airflow/.local/lib/python3.7/site-packages/airflow/example_dags/example_complex.py
[2023-01-13 08:48:11,687] {processor.py:632} INFO - DAG(s) dict_keys(['example_complex']) retrieved from /home/airflow/.local/lib/python3.7/site-packages/airflow/example_dags/example_complex.py
[2023-01-13 08:48:11,704] {logging_mixin.py:109} INFO - [2023-01-13 08:48:11,703] {dag.py:2389} INFO - Sync 1 DAGs
[2023-01-13 08:48:11,719] {logging_mixin.py:109} INFO - [2023-01-13 08:48:11,719] {dag.py:2921} INFO - Setting next_dagrun for example_complex to None
[2023-01-13 08:48:11,739] {processor.py:171} INFO - Processing /home/airflow/.local/lib/python3.7/site-packages/airflow/example_dags/example_complex.py took 0.111 seconds
[2023-01-13 08:48:41,805] {processor.py:163} INFO - Started process (PID=1486) to work on /home/airflow/.local/lib/python3.7/site-packages/airflow/example_dags/example_complex.py
[2023-01-13 08:48:41,806] {processor.py:620} INFO - Processing file /home/airflow/.local/lib/python3.7/site-packages/airflow/example_dags/example_complex.py for tasks to queue
[2023-01-13 08:48:41,807] {logging_mixin.py:109} INFO - [2023-01-13 08:48:41,807] {dagbag.py:500} INFO - Filling up the DagBag from /home/airflow/.local/lib/python3.7/site-packages/airflow/example_dags/example_complex.py
[2023-01-13 08:48:41,843] {processor.py:632} INFO - DAG(s) dict_keys(['example_complex']) retrieved from /home/airflow/.local/lib/python3.7/site-packages/airflow/example_dags/example_complex.py
[2023-01-13 08:48:41,859] {logging_mixin.py:109} INFO - [2023-01-13 08:48:41,859] {dag.py:2389} INFO - Sync 1 DAGs
[2023-01-13 08:48:41,876] {logging_mixin.py:109} INFO - [2023-01-13 08:48:41,876] {dag.py:2921} INFO - Setting next_dagrun for example_complex to None
[2023-01-13 08:48:41,889] {processor.py:171} INFO - Processing /home/airflow/.local/lib/python3.7/site-packages/airflow/example_dags/example_complex.py took 0.087 seconds
[2023-01-13 08:49:12,402] {processor.py:163} INFO - Started process (PID=1668) to work on /home/airflow/.local/lib/python3.7/site-packages/airflow/example_dags/example_complex.py
[2023-01-13 08:49:12,403] {processor.py:620} INFO - Processing file /home/airflow/.local/lib/python3.7/site-packages/airflow/example_dags/example_complex.py for tasks to queue
[2023-01-13 08:49:12,404] {logging_mixin.py:109} INFO - [2023-01-13 08:49:12,404] {dagbag.py:500} INFO - Filling up the DagBag from /home/airflow/.local/lib/python3.7/site-packages/airflow/example_dags/example_complex.py
[2023-01-13 08:49:12,439] {processor.py:632} INFO - DAG(s) dict_keys(['example_complex']) retrieved from /home/airflow/.local/lib/python3.7/site-packages/airflow/example_dags/example_complex.py
[2023-01-13 08:49:12,457] {logging_mixin.py:109} INFO - [2023-01-13 08:49:12,457] {dag.py:2389} INFO - Sync 1 DAGs
[2023-01-13 08:49:12,474] {logging_mixin.py:109} INFO - [2023-01-13 08:49:12,474] {dag.py:2921} INFO - Setting next_dagrun for example_complex to None
[2023-01-13 08:49:12,487] {processor.py:171} INFO - Processing /home/airflow/.local/lib/python3.7/site-packages/airflow/example_dags/example_complex.py took 0.089 seconds
[2023-01-13 08:49:42,894] {processor.py:163} INFO - Started process (PID=1860) to work on /home/airflow/.local/lib/python3.7/site-packages/airflow/example_dags/example_complex.py
[2023-01-13 08:49:42,896] {processor.py:620} INFO - Processing file /home/airflow/.local/lib/python3.7/site-packages/airflow/example_dags/example_complex.py for tasks to queue
[2023-01-13 08:49:42,897] {logging_mixin.py:109} INFO - [2023-01-13 08:49:42,896] {dagbag.py:500} INFO - Filling up the DagBag from /home/airflow/.local/lib/python3.7/site-packages/airflow/example_dags/example_complex.py
[2023-01-13 08:49:42,931] {processor.py:632} INFO - DAG(s) dict_keys(['example_complex']) retrieved from /home/airflow/.local/lib/python3.7/site-packages/airflow/example_dags/example_complex.py
[2023-01-13 08:49:42,947] {logging_mixin.py:109} INFO - [2023-01-13 08:49:42,946] {dag.py:2389} INFO - Sync 1 DAGs
[2023-01-13 08:49:42,963] {logging_mixin.py:109} INFO - [2023-01-13 08:49:42,963] {dag.py:2921} INFO - Setting next_dagrun for example_complex to None
[2023-01-13 08:49:42,981] {processor.py:171} INFO - Processing /home/airflow/.local/lib/python3.7/site-packages/airflow/example_dags/example_complex.py took 0.092 seconds
[2023-01-13 08:50:13,512] {processor.py:163} INFO - Started process (PID=2044) to work on /home/airflow/.local/lib/python3.7/site-packages/airflow/example_dags/example_complex.py
[2023-01-13 08:50:13,513] {processor.py:620} INFO - Processing file /home/airflow/.local/lib/python3.7/site-packages/airflow/example_dags/example_complex.py for tasks to queue
[2023-01-13 08:50:13,513] {logging_mixin.py:109} INFO - [2023-01-13 08:50:13,513] {dagbag.py:500} INFO - Filling up the DagBag from /home/airflow/.local/lib/python3.7/site-packages/airflow/example_dags/example_complex.py
[2023-01-13 08:50:13,552] {processor.py:632} INFO - DAG(s) dict_keys(['example_complex']) retrieved from /home/airflow/.local/lib/python3.7/site-packages/airflow/example_dags/example_complex.py
[2023-01-13 08:50:13,572] {logging_mixin.py:109} INFO - [2023-01-13 08:50:13,571] {dag.py:2389} INFO - Sync 1 DAGs
[2023-01-13 08:50:13,590] {logging_mixin.py:109} INFO - [2023-01-13 08:50:13,589] {dag.py:2921} INFO - Setting next_dagrun for example_complex to None
[2023-01-13 08:50:13,602] {processor.py:171} INFO - Processing /home/airflow/.local/lib/python3.7/site-packages/airflow/example_dags/example_complex.py took 0.094 seconds
[2023-01-13 08:50:44,025] {processor.py:163} INFO - Started process (PID=2228) to work on /home/airflow/.local/lib/python3.7/site-packages/airflow/example_dags/example_complex.py
[2023-01-13 08:50:44,027] {processor.py:620} INFO - Processing file /home/airflow/.local/lib/python3.7/site-packages/airflow/example_dags/example_complex.py for tasks to queue
[2023-01-13 08:50:44,027] {logging_mixin.py:109} INFO - [2023-01-13 08:50:44,027] {dagbag.py:500} INFO - Filling up the DagBag from /home/airflow/.local/lib/python3.7/site-packages/airflow/example_dags/example_complex.py
[2023-01-13 08:50:44,059] {processor.py:632} INFO - DAG(s) dict_keys(['example_complex']) retrieved from /home/airflow/.local/lib/python3.7/site-packages/airflow/example_dags/example_complex.py
[2023-01-13 08:50:44,074] {logging_mixin.py:109} INFO - [2023-01-13 08:50:44,074] {dag.py:2389} INFO - Sync 1 DAGs
[2023-01-13 08:50:44,093] {logging_mixin.py:109} INFO - [2023-01-13 08:50:44,092] {dag.py:2921} INFO - Setting next_dagrun for example_complex to None
[2023-01-13 08:50:44,103] {processor.py:171} INFO - Processing /home/airflow/.local/lib/python3.7/site-packages/airflow/example_dags/example_complex.py took 0.081 seconds
[2023-01-13 08:51:14,787] {processor.py:163} INFO - Started process (PID=2421) to work on /home/airflow/.local/lib/python3.7/site-packages/airflow/example_dags/example_complex.py
[2023-01-13 08:51:14,788] {processor.py:620} INFO - Processing file /home/airflow/.local/lib/python3.7/site-packages/airflow/example_dags/example_complex.py for tasks to queue
[2023-01-13 08:51:14,789] {logging_mixin.py:109} INFO - [2023-01-13 08:51:14,788] {dagbag.py:500} INFO - Filling up the DagBag from /home/airflow/.local/lib/python3.7/site-packages/airflow/example_dags/example_complex.py
[2023-01-13 08:51:14,825] {processor.py:632} INFO - DAG(s) dict_keys(['example_complex']) retrieved from /home/airflow/.local/lib/python3.7/site-packages/airflow/example_dags/example_complex.py
[2023-01-13 08:51:14,844] {logging_mixin.py:109} INFO - [2023-01-13 08:51:14,844] {dag.py:2389} INFO - Sync 1 DAGs
[2023-01-13 08:51:14,861] {logging_mixin.py:109} INFO - [2023-01-13 08:51:14,861] {dag.py:2921} INFO - Setting next_dagrun for example_complex to None
[2023-01-13 08:51:14,875] {processor.py:171} INFO - Processing /home/airflow/.local/lib/python3.7/site-packages/airflow/example_dags/example_complex.py took 0.092 seconds
[2023-01-13 08:51:45,136] {processor.py:163} INFO - Started process (PID=2604) to work on /home/airflow/.local/lib/python3.7/site-packages/airflow/example_dags/example_complex.py
[2023-01-13 08:51:45,139] {processor.py:620} INFO - Processing file /home/airflow/.local/lib/python3.7/site-packages/airflow/example_dags/example_complex.py for tasks to queue
[2023-01-13 08:51:45,140] {logging_mixin.py:109} INFO - [2023-01-13 08:51:45,140] {dagbag.py:500} INFO - Filling up the DagBag from /home/airflow/.local/lib/python3.7/site-packages/airflow/example_dags/example_complex.py
[2023-01-13 08:51:45,176] {processor.py:632} INFO - DAG(s) dict_keys(['example_complex']) retrieved from /home/airflow/.local/lib/python3.7/site-packages/airflow/example_dags/example_complex.py
[2023-01-13 08:51:45,193] {logging_mixin.py:109} INFO - [2023-01-13 08:51:45,193] {dag.py:2389} INFO - Sync 1 DAGs
[2023-01-13 08:51:45,209] {logging_mixin.py:109} INFO - [2023-01-13 08:51:45,209] {dag.py:2921} INFO - Setting next_dagrun for example_complex to None
[2023-01-13 08:51:45,220] {processor.py:171} INFO - Processing /home/airflow/.local/lib/python3.7/site-packages/airflow/example_dags/example_complex.py took 0.087 seconds
[2023-01-13 08:52:15,637] {processor.py:163} INFO - Started process (PID=2788) to work on /home/airflow/.local/lib/python3.7/site-packages/airflow/example_dags/example_complex.py
[2023-01-13 08:52:15,644] {processor.py:620} INFO - Processing file /home/airflow/.local/lib/python3.7/site-packages/airflow/example_dags/example_complex.py for tasks to queue
[2023-01-13 08:52:15,645] {logging_mixin.py:109} INFO - [2023-01-13 08:52:15,645] {dagbag.py:500} INFO - Filling up the DagBag from /home/airflow/.local/lib/python3.7/site-packages/airflow/example_dags/example_complex.py
[2023-01-13 08:52:15,679] {processor.py:632} INFO - DAG(s) dict_keys(['example_complex']) retrieved from /home/airflow/.local/lib/python3.7/site-packages/airflow/example_dags/example_complex.py
[2023-01-13 08:52:15,718] {logging_mixin.py:109} INFO - [2023-01-13 08:52:15,718] {dag.py:2389} INFO - Sync 1 DAGs
[2023-01-13 08:52:15,735] {logging_mixin.py:109} INFO - [2023-01-13 08:52:15,735] {dag.py:2921} INFO - Setting next_dagrun for example_complex to None
[2023-01-13 08:52:15,746] {processor.py:171} INFO - Processing /home/airflow/.local/lib/python3.7/site-packages/airflow/example_dags/example_complex.py took 0.112 seconds
[2023-01-13 08:52:46,034] {processor.py:163} INFO - Started process (PID=2980) to work on /home/airflow/.local/lib/python3.7/site-packages/airflow/example_dags/example_complex.py
[2023-01-13 08:52:46,035] {processor.py:620} INFO - Processing file /home/airflow/.local/lib/python3.7/site-packages/airflow/example_dags/example_complex.py for tasks to queue
[2023-01-13 08:52:46,036] {logging_mixin.py:109} INFO - [2023-01-13 08:52:46,036] {dagbag.py:500} INFO - Filling up the DagBag from /home/airflow/.local/lib/python3.7/site-packages/airflow/example_dags/example_complex.py
[2023-01-13 08:52:46,070] {processor.py:632} INFO - DAG(s) dict_keys(['example_complex']) retrieved from /home/airflow/.local/lib/python3.7/site-packages/airflow/example_dags/example_complex.py
[2023-01-13 08:52:46,087] {logging_mixin.py:109} INFO - [2023-01-13 08:52:46,087] {dag.py:2389} INFO - Sync 1 DAGs
[2023-01-13 08:52:46,104] {logging_mixin.py:109} INFO - [2023-01-13 08:52:46,104] {dag.py:2921} INFO - Setting next_dagrun for example_complex to None
[2023-01-13 08:52:46,115] {processor.py:171} INFO - Processing /home/airflow/.local/lib/python3.7/site-packages/airflow/example_dags/example_complex.py took 0.085 seconds
[2023-01-13 08:53:16,627] {processor.py:163} INFO - Started process (PID=3163) to work on /home/airflow/.local/lib/python3.7/site-packages/airflow/example_dags/example_complex.py
[2023-01-13 08:53:16,629] {processor.py:620} INFO - Processing file /home/airflow/.local/lib/python3.7/site-packages/airflow/example_dags/example_complex.py for tasks to queue
[2023-01-13 08:53:16,629] {logging_mixin.py:109} INFO - [2023-01-13 08:53:16,629] {dagbag.py:500} INFO - Filling up the DagBag from /home/airflow/.local/lib/python3.7/site-packages/airflow/example_dags/example_complex.py
[2023-01-13 08:53:16,662] {processor.py:632} INFO - DAG(s) dict_keys(['example_complex']) retrieved from /home/airflow/.local/lib/python3.7/site-packages/airflow/example_dags/example_complex.py
[2023-01-13 08:53:16,679] {logging_mixin.py:109} INFO - [2023-01-13 08:53:16,679] {dag.py:2389} INFO - Sync 1 DAGs
[2023-01-13 08:53:16,694] {logging_mixin.py:109} INFO - [2023-01-13 08:53:16,693] {dag.py:2921} INFO - Setting next_dagrun for example_complex to None
[2023-01-13 08:53:16,704] {processor.py:171} INFO - Processing /home/airflow/.local/lib/python3.7/site-packages/airflow/example_dags/example_complex.py took 0.080 seconds
[2023-01-13 08:53:47,232] {processor.py:163} INFO - Started process (PID=3355) to work on /home/airflow/.local/lib/python3.7/site-packages/airflow/example_dags/example_complex.py
[2023-01-13 08:53:47,235] {processor.py:620} INFO - Processing file /home/airflow/.local/lib/python3.7/site-packages/airflow/example_dags/example_complex.py for tasks to queue
[2023-01-13 08:53:47,236] {logging_mixin.py:109} INFO - [2023-01-13 08:53:47,236] {dagbag.py:500} INFO - Filling up the DagBag from /home/airflow/.local/lib/python3.7/site-packages/airflow/example_dags/example_complex.py
[2023-01-13 08:53:47,270] {processor.py:632} INFO - DAG(s) dict_keys(['example_complex']) retrieved from /home/airflow/.local/lib/python3.7/site-packages/airflow/example_dags/example_complex.py
[2023-01-13 08:53:47,285] {logging_mixin.py:109} INFO - [2023-01-13 08:53:47,285] {dag.py:2389} INFO - Sync 1 DAGs
[2023-01-13 08:53:47,300] {logging_mixin.py:109} INFO - [2023-01-13 08:53:47,300] {dag.py:2921} INFO - Setting next_dagrun for example_complex to None
[2023-01-13 08:53:47,314] {processor.py:171} INFO - Processing /home/airflow/.local/lib/python3.7/site-packages/airflow/example_dags/example_complex.py took 0.085 seconds
[2023-01-13 08:54:17,718] {processor.py:163} INFO - Started process (PID=3538) to work on /home/airflow/.local/lib/python3.7/site-packages/airflow/example_dags/example_complex.py
[2023-01-13 08:54:17,719] {processor.py:620} INFO - Processing file /home/airflow/.local/lib/python3.7/site-packages/airflow/example_dags/example_complex.py for tasks to queue
[2023-01-13 08:54:17,720] {logging_mixin.py:109} INFO - [2023-01-13 08:54:17,719] {dagbag.py:500} INFO - Filling up the DagBag from /home/airflow/.local/lib/python3.7/site-packages/airflow/example_dags/example_complex.py
[2023-01-13 08:54:17,755] {processor.py:632} INFO - DAG(s) dict_keys(['example_complex']) retrieved from /home/airflow/.local/lib/python3.7/site-packages/airflow/example_dags/example_complex.py
[2023-01-13 08:54:17,771] {logging_mixin.py:109} INFO - [2023-01-13 08:54:17,771] {dag.py:2389} INFO - Sync 1 DAGs
[2023-01-13 08:54:17,788] {logging_mixin.py:109} INFO - [2023-01-13 08:54:17,788] {dag.py:2921} INFO - Setting next_dagrun for example_complex to None
[2023-01-13 08:54:17,801] {processor.py:171} INFO - Processing /home/airflow/.local/lib/python3.7/site-packages/airflow/example_dags/example_complex.py took 0.087 seconds
[2023-01-13 08:54:48,210] {processor.py:163} INFO - Started process (PID=3722) to work on /home/airflow/.local/lib/python3.7/site-packages/airflow/example_dags/example_complex.py
[2023-01-13 08:54:48,211] {processor.py:620} INFO - Processing file /home/airflow/.local/lib/python3.7/site-packages/airflow/example_dags/example_complex.py for tasks to queue
[2023-01-13 08:54:48,212] {logging_mixin.py:109} INFO - [2023-01-13 08:54:48,212] {dagbag.py:500} INFO - Filling up the DagBag from /home/airflow/.local/lib/python3.7/site-packages/airflow/example_dags/example_complex.py
[2023-01-13 08:54:48,245] {processor.py:632} INFO - DAG(s) dict_keys(['example_complex']) retrieved from /home/airflow/.local/lib/python3.7/site-packages/airflow/example_dags/example_complex.py
[2023-01-13 08:54:48,260] {logging_mixin.py:109} INFO - [2023-01-13 08:54:48,260] {dag.py:2389} INFO - Sync 1 DAGs
[2023-01-13 08:54:48,276] {logging_mixin.py:109} INFO - [2023-01-13 08:54:48,276] {dag.py:2921} INFO - Setting next_dagrun for example_complex to None
[2023-01-13 08:54:48,286] {processor.py:171} INFO - Processing /home/airflow/.local/lib/python3.7/site-packages/airflow/example_dags/example_complex.py took 0.079 seconds
[2023-01-13 08:55:18,450] {processor.py:163} INFO - Started process (PID=3914) to work on /home/airflow/.local/lib/python3.7/site-packages/airflow/example_dags/example_complex.py
[2023-01-13 08:55:18,451] {processor.py:620} INFO - Processing file /home/airflow/.local/lib/python3.7/site-packages/airflow/example_dags/example_complex.py for tasks to queue
[2023-01-13 08:55:18,451] {logging_mixin.py:109} INFO - [2023-01-13 08:55:18,451] {dagbag.py:500} INFO - Filling up the DagBag from /home/airflow/.local/lib/python3.7/site-packages/airflow/example_dags/example_complex.py
[2023-01-13 08:55:18,484] {processor.py:632} INFO - DAG(s) dict_keys(['example_complex']) retrieved from /home/airflow/.local/lib/python3.7/site-packages/airflow/example_dags/example_complex.py
[2023-01-13 08:55:18,500] {logging_mixin.py:109} INFO - [2023-01-13 08:55:18,500] {dag.py:2389} INFO - Sync 1 DAGs
[2023-01-13 08:55:18,517] {logging_mixin.py:109} INFO - [2023-01-13 08:55:18,516] {dag.py:2921} INFO - Setting next_dagrun for example_complex to None
[2023-01-13 08:55:18,527] {processor.py:171} INFO - Processing /home/airflow/.local/lib/python3.7/site-packages/airflow/example_dags/example_complex.py took 0.079 seconds
[2023-01-13 08:55:48,898] {processor.py:163} INFO - Started process (PID=4098) to work on /home/airflow/.local/lib/python3.7/site-packages/airflow/example_dags/example_complex.py
[2023-01-13 08:55:48,899] {processor.py:620} INFO - Processing file /home/airflow/.local/lib/python3.7/site-packages/airflow/example_dags/example_complex.py for tasks to queue
[2023-01-13 08:55:48,899] {logging_mixin.py:109} INFO - [2023-01-13 08:55:48,899] {dagbag.py:500} INFO - Filling up the DagBag from /home/airflow/.local/lib/python3.7/site-packages/airflow/example_dags/example_complex.py
[2023-01-13 08:55:48,932] {processor.py:632} INFO - DAG(s) dict_keys(['example_complex']) retrieved from /home/airflow/.local/lib/python3.7/site-packages/airflow/example_dags/example_complex.py
[2023-01-13 08:55:48,946] {logging_mixin.py:109} INFO - [2023-01-13 08:55:48,946] {dag.py:2389} INFO - Sync 1 DAGs
[2023-01-13 08:55:48,962] {logging_mixin.py:109} INFO - [2023-01-13 08:55:48,962] {dag.py:2921} INFO - Setting next_dagrun for example_complex to None
[2023-01-13 08:55:48,972] {processor.py:171} INFO - Processing /home/airflow/.local/lib/python3.7/site-packages/airflow/example_dags/example_complex.py took 0.077 seconds
[2023-01-13 08:56:19,352] {processor.py:163} INFO - Started process (PID=4289) to work on /home/airflow/.local/lib/python3.7/site-packages/airflow/example_dags/example_complex.py
[2023-01-13 08:56:19,353] {processor.py:620} INFO - Processing file /home/airflow/.local/lib/python3.7/site-packages/airflow/example_dags/example_complex.py for tasks to queue
[2023-01-13 08:56:19,353] {logging_mixin.py:109} INFO - [2023-01-13 08:56:19,353] {dagbag.py:500} INFO - Filling up the DagBag from /home/airflow/.local/lib/python3.7/site-packages/airflow/example_dags/example_complex.py
[2023-01-13 08:56:19,386] {processor.py:632} INFO - DAG(s) dict_keys(['example_complex']) retrieved from /home/airflow/.local/lib/python3.7/site-packages/airflow/example_dags/example_complex.py
[2023-01-13 08:56:19,401] {logging_mixin.py:109} INFO - [2023-01-13 08:56:19,401] {dag.py:2389} INFO - Sync 1 DAGs
[2023-01-13 08:56:19,417] {logging_mixin.py:109} INFO - [2023-01-13 08:56:19,417] {dag.py:2921} INFO - Setting next_dagrun for example_complex to None
[2023-01-13 08:56:19,429] {processor.py:171} INFO - Processing /home/airflow/.local/lib/python3.7/site-packages/airflow/example_dags/example_complex.py took 0.080 seconds
[2023-01-13 08:56:49,742] {processor.py:163} INFO - Started process (PID=4472) to work on /home/airflow/.local/lib/python3.7/site-packages/airflow/example_dags/example_complex.py
[2023-01-13 08:56:49,743] {processor.py:620} INFO - Processing file /home/airflow/.local/lib/python3.7/site-packages/airflow/example_dags/example_complex.py for tasks to queue
[2023-01-13 08:56:49,744] {logging_mixin.py:109} INFO - [2023-01-13 08:56:49,744] {dagbag.py:500} INFO - Filling up the DagBag from /home/airflow/.local/lib/python3.7/site-packages/airflow/example_dags/example_complex.py
[2023-01-13 08:56:49,776] {processor.py:632} INFO - DAG(s) dict_keys(['example_complex']) retrieved from /home/airflow/.local/lib/python3.7/site-packages/airflow/example_dags/example_complex.py
[2023-01-13 08:56:49,792] {logging_mixin.py:109} INFO - [2023-01-13 08:56:49,791] {dag.py:2389} INFO - Sync 1 DAGs
[2023-01-13 08:56:49,807] {logging_mixin.py:109} INFO - [2023-01-13 08:56:49,807] {dag.py:2921} INFO - Setting next_dagrun for example_complex to None
[2023-01-13 08:56:49,819] {processor.py:171} INFO - Processing /home/airflow/.local/lib/python3.7/site-packages/airflow/example_dags/example_complex.py took 0.080 seconds
[2023-01-13 08:57:20,123] {processor.py:163} INFO - Started process (PID=4656) to work on /home/airflow/.local/lib/python3.7/site-packages/airflow/example_dags/example_complex.py
[2023-01-13 08:57:20,124] {processor.py:620} INFO - Processing file /home/airflow/.local/lib/python3.7/site-packages/airflow/example_dags/example_complex.py for tasks to queue
[2023-01-13 08:57:20,125] {logging_mixin.py:109} INFO - [2023-01-13 08:57:20,125] {dagbag.py:500} INFO - Filling up the DagBag from /home/airflow/.local/lib/python3.7/site-packages/airflow/example_dags/example_complex.py
[2023-01-13 08:57:20,159] {processor.py:632} INFO - DAG(s) dict_keys(['example_complex']) retrieved from /home/airflow/.local/lib/python3.7/site-packages/airflow/example_dags/example_complex.py
[2023-01-13 08:57:20,175] {logging_mixin.py:109} INFO - [2023-01-13 08:57:20,175] {dag.py:2389} INFO - Sync 1 DAGs
[2023-01-13 08:57:20,190] {logging_mixin.py:109} INFO - [2023-01-13 08:57:20,190] {dag.py:2921} INFO - Setting next_dagrun for example_complex to None
[2023-01-13 08:57:20,201] {processor.py:171} INFO - Processing /home/airflow/.local/lib/python3.7/site-packages/airflow/example_dags/example_complex.py took 0.082 seconds
[2023-01-13 08:57:50,689] {processor.py:163} INFO - Started process (PID=4849) to work on /home/airflow/.local/lib/python3.7/site-packages/airflow/example_dags/example_complex.py
[2023-01-13 08:57:50,690] {processor.py:620} INFO - Processing file /home/airflow/.local/lib/python3.7/site-packages/airflow/example_dags/example_complex.py for tasks to queue
[2023-01-13 08:57:50,691] {logging_mixin.py:109} INFO - [2023-01-13 08:57:50,691] {dagbag.py:500} INFO - Filling up the DagBag from /home/airflow/.local/lib/python3.7/site-packages/airflow/example_dags/example_complex.py
[2023-01-13 08:57:50,762] {processor.py:632} INFO - DAG(s) dict_keys(['example_complex']) retrieved from /home/airflow/.local/lib/python3.7/site-packages/airflow/example_dags/example_complex.py
[2023-01-13 08:57:50,779] {logging_mixin.py:109} INFO - [2023-01-13 08:57:50,779] {dag.py:2389} INFO - Sync 1 DAGs
[2023-01-13 08:57:50,794] {logging_mixin.py:109} INFO - [2023-01-13 08:57:50,794] {dag.py:2921} INFO - Setting next_dagrun for example_complex to None
[2023-01-13 08:57:50,806] {processor.py:171} INFO - Processing /home/airflow/.local/lib/python3.7/site-packages/airflow/example_dags/example_complex.py took 0.121 seconds
[2023-01-13 08:58:20,901] {processor.py:163} INFO - Started process (PID=5032) to work on /home/airflow/.local/lib/python3.7/site-packages/airflow/example_dags/example_complex.py
[2023-01-13 08:58:20,902] {processor.py:620} INFO - Processing file /home/airflow/.local/lib/python3.7/site-packages/airflow/example_dags/example_complex.py for tasks to queue
[2023-01-13 08:58:20,903] {logging_mixin.py:109} INFO - [2023-01-13 08:58:20,902] {dagbag.py:500} INFO - Filling up the DagBag from /home/airflow/.local/lib/python3.7/site-packages/airflow/example_dags/example_complex.py
[2023-01-13 08:58:20,934] {processor.py:632} INFO - DAG(s) dict_keys(['example_complex']) retrieved from /home/airflow/.local/lib/python3.7/site-packages/airflow/example_dags/example_complex.py
[2023-01-13 08:58:20,951] {logging_mixin.py:109} INFO - [2023-01-13 08:58:20,951] {dag.py:2389} INFO - Sync 1 DAGs
[2023-01-13 08:58:20,966] {logging_mixin.py:109} INFO - [2023-01-13 08:58:20,966] {dag.py:2921} INFO - Setting next_dagrun for example_complex to None
[2023-01-13 08:58:20,979] {processor.py:171} INFO - Processing /home/airflow/.local/lib/python3.7/site-packages/airflow/example_dags/example_complex.py took 0.081 seconds
[2023-01-13 08:58:51,093] {processor.py:163} INFO - Started process (PID=5225) to work on /home/airflow/.local/lib/python3.7/site-packages/airflow/example_dags/example_complex.py
[2023-01-13 08:58:51,097] {processor.py:620} INFO - Processing file /home/airflow/.local/lib/python3.7/site-packages/airflow/example_dags/example_complex.py for tasks to queue
[2023-01-13 08:58:51,097] {logging_mixin.py:109} INFO - [2023-01-13 08:58:51,097] {dagbag.py:500} INFO - Filling up the DagBag from /home/airflow/.local/lib/python3.7/site-packages/airflow/example_dags/example_complex.py
[2023-01-13 08:58:51,129] {processor.py:632} INFO - DAG(s) dict_keys(['example_complex']) retrieved from /home/airflow/.local/lib/python3.7/site-packages/airflow/example_dags/example_complex.py
[2023-01-13 08:58:51,145] {logging_mixin.py:109} INFO - [2023-01-13 08:58:51,145] {dag.py:2389} INFO - Sync 1 DAGs
[2023-01-13 08:58:51,160] {logging_mixin.py:109} INFO - [2023-01-13 08:58:51,160] {dag.py:2921} INFO - Setting next_dagrun for example_complex to None
[2023-01-13 08:58:51,169] {processor.py:171} INFO - Processing /home/airflow/.local/lib/python3.7/site-packages/airflow/example_dags/example_complex.py took 0.079 seconds
[2023-01-13 08:59:21,469] {processor.py:163} INFO - Started process (PID=5409) to work on /home/airflow/.local/lib/python3.7/site-packages/airflow/example_dags/example_complex.py
[2023-01-13 08:59:21,470] {processor.py:620} INFO - Processing file /home/airflow/.local/lib/python3.7/site-packages/airflow/example_dags/example_complex.py for tasks to queue
[2023-01-13 08:59:21,471] {logging_mixin.py:109} INFO - [2023-01-13 08:59:21,470] {dagbag.py:500} INFO - Filling up the DagBag from /home/airflow/.local/lib/python3.7/site-packages/airflow/example_dags/example_complex.py
[2023-01-13 08:59:21,503] {processor.py:632} INFO - DAG(s) dict_keys(['example_complex']) retrieved from /home/airflow/.local/lib/python3.7/site-packages/airflow/example_dags/example_complex.py
[2023-01-13 08:59:21,519] {logging_mixin.py:109} INFO - [2023-01-13 08:59:21,519] {dag.py:2389} INFO - Sync 1 DAGs
[2023-01-13 08:59:21,535] {logging_mixin.py:109} INFO - [2023-01-13 08:59:21,535] {dag.py:2921} INFO - Setting next_dagrun for example_complex to None
[2023-01-13 08:59:21,544] {processor.py:171} INFO - Processing /home/airflow/.local/lib/python3.7/site-packages/airflow/example_dags/example_complex.py took 0.079 seconds
[2023-01-13 08:59:52,177] {processor.py:163} INFO - Started process (PID=5590) to work on /home/airflow/.local/lib/python3.7/site-packages/airflow/example_dags/example_complex.py
[2023-01-13 08:59:52,178] {processor.py:620} INFO - Processing file /home/airflow/.local/lib/python3.7/site-packages/airflow/example_dags/example_complex.py for tasks to queue
[2023-01-13 08:59:52,178] {logging_mixin.py:109} INFO - [2023-01-13 08:59:52,178] {dagbag.py:500} INFO - Filling up the DagBag from /home/airflow/.local/lib/python3.7/site-packages/airflow/example_dags/example_complex.py
[2023-01-13 08:59:52,211] {processor.py:632} INFO - DAG(s) dict_keys(['example_complex']) retrieved from /home/airflow/.local/lib/python3.7/site-packages/airflow/example_dags/example_complex.py
[2023-01-13 08:59:52,226] {logging_mixin.py:109} INFO - [2023-01-13 08:59:52,225] {dag.py:2389} INFO - Sync 1 DAGs
[2023-01-13 08:59:52,241] {logging_mixin.py:109} INFO - [2023-01-13 08:59:52,241] {dag.py:2921} INFO - Setting next_dagrun for example_complex to None
[2023-01-13 08:59:52,253] {processor.py:171} INFO - Processing /home/airflow/.local/lib/python3.7/site-packages/airflow/example_dags/example_complex.py took 0.080 seconds
[2023-01-13 09:00:22,647] {processor.py:163} INFO - Started process (PID=5781) to work on /home/airflow/.local/lib/python3.7/site-packages/airflow/example_dags/example_complex.py
[2023-01-13 09:00:22,648] {processor.py:620} INFO - Processing file /home/airflow/.local/lib/python3.7/site-packages/airflow/example_dags/example_complex.py for tasks to queue
[2023-01-13 09:00:22,649] {logging_mixin.py:109} INFO - [2023-01-13 09:00:22,649] {dagbag.py:500} INFO - Filling up the DagBag from /home/airflow/.local/lib/python3.7/site-packages/airflow/example_dags/example_complex.py
[2023-01-13 09:00:22,680] {processor.py:632} INFO - DAG(s) dict_keys(['example_complex']) retrieved from /home/airflow/.local/lib/python3.7/site-packages/airflow/example_dags/example_complex.py
[2023-01-13 09:00:22,695] {logging_mixin.py:109} INFO - [2023-01-13 09:00:22,695] {dag.py:2389} INFO - Sync 1 DAGs
[2023-01-13 09:00:22,709] {logging_mixin.py:109} INFO - [2023-01-13 09:00:22,709] {dag.py:2921} INFO - Setting next_dagrun for example_complex to None
[2023-01-13 09:00:22,720] {processor.py:171} INFO - Processing /home/airflow/.local/lib/python3.7/site-packages/airflow/example_dags/example_complex.py took 0.076 seconds
[2023-01-13 09:00:53,128] {processor.py:163} INFO - Started process (PID=5964) to work on /home/airflow/.local/lib/python3.7/site-packages/airflow/example_dags/example_complex.py
[2023-01-13 09:00:53,129] {processor.py:620} INFO - Processing file /home/airflow/.local/lib/python3.7/site-packages/airflow/example_dags/example_complex.py for tasks to queue
[2023-01-13 09:00:53,130] {logging_mixin.py:109} INFO - [2023-01-13 09:00:53,130] {dagbag.py:500} INFO - Filling up the DagBag from /home/airflow/.local/lib/python3.7/site-packages/airflow/example_dags/example_complex.py
[2023-01-13 09:00:53,161] {processor.py:632} INFO - DAG(s) dict_keys(['example_complex']) retrieved from /home/airflow/.local/lib/python3.7/site-packages/airflow/example_dags/example_complex.py
[2023-01-13 09:00:53,176] {logging_mixin.py:109} INFO - [2023-01-13 09:00:53,176] {dag.py:2389} INFO - Sync 1 DAGs
[2023-01-13 09:00:53,197] {logging_mixin.py:109} INFO - [2023-01-13 09:00:53,197] {dag.py:2921} INFO - Setting next_dagrun for example_complex to None
[2023-01-13 09:00:53,207] {processor.py:171} INFO - Processing /home/airflow/.local/lib/python3.7/site-packages/airflow/example_dags/example_complex.py took 0.082 seconds
[2023-01-13 09:01:23,662] {processor.py:163} INFO - Started process (PID=6155) to work on /home/airflow/.local/lib/python3.7/site-packages/airflow/example_dags/example_complex.py
[2023-01-13 09:01:23,663] {processor.py:620} INFO - Processing file /home/airflow/.local/lib/python3.7/site-packages/airflow/example_dags/example_complex.py for tasks to queue
[2023-01-13 09:01:23,663] {logging_mixin.py:109} INFO - [2023-01-13 09:01:23,663] {dagbag.py:500} INFO - Filling up the DagBag from /home/airflow/.local/lib/python3.7/site-packages/airflow/example_dags/example_complex.py
[2023-01-13 09:01:23,695] {processor.py:632} INFO - DAG(s) dict_keys(['example_complex']) retrieved from /home/airflow/.local/lib/python3.7/site-packages/airflow/example_dags/example_complex.py
[2023-01-13 09:01:23,711] {logging_mixin.py:109} INFO - [2023-01-13 09:01:23,711] {dag.py:2389} INFO - Sync 1 DAGs
[2023-01-13 09:01:23,729] {logging_mixin.py:109} INFO - [2023-01-13 09:01:23,729] {dag.py:2921} INFO - Setting next_dagrun for example_complex to None
[2023-01-13 09:01:23,740] {processor.py:171} INFO - Processing /home/airflow/.local/lib/python3.7/site-packages/airflow/example_dags/example_complex.py took 0.081 seconds
[2023-01-13 09:01:54,041] {processor.py:163} INFO - Started process (PID=6338) to work on /home/airflow/.local/lib/python3.7/site-packages/airflow/example_dags/example_complex.py
[2023-01-13 09:01:54,043] {processor.py:620} INFO - Processing file /home/airflow/.local/lib/python3.7/site-packages/airflow/example_dags/example_complex.py for tasks to queue
[2023-01-13 09:01:54,043] {logging_mixin.py:109} INFO - [2023-01-13 09:01:54,043] {dagbag.py:500} INFO - Filling up the DagBag from /home/airflow/.local/lib/python3.7/site-packages/airflow/example_dags/example_complex.py
[2023-01-13 09:01:54,076] {processor.py:632} INFO - DAG(s) dict_keys(['example_complex']) retrieved from /home/airflow/.local/lib/python3.7/site-packages/airflow/example_dags/example_complex.py
[2023-01-13 09:01:54,092] {logging_mixin.py:109} INFO - [2023-01-13 09:01:54,092] {dag.py:2389} INFO - Sync 1 DAGs
[2023-01-13 09:01:54,106] {logging_mixin.py:109} INFO - [2023-01-13 09:01:54,106] {dag.py:2921} INFO - Setting next_dagrun for example_complex to None
[2023-01-13 09:01:54,118] {processor.py:171} INFO - Processing /home/airflow/.local/lib/python3.7/site-packages/airflow/example_dags/example_complex.py took 0.079 seconds
[2023-01-13 09:02:24,183] {processor.py:163} INFO - Started process (PID=6521) to work on /home/airflow/.local/lib/python3.7/site-packages/airflow/example_dags/example_complex.py
[2023-01-13 09:02:24,184] {processor.py:620} INFO - Processing file /home/airflow/.local/lib/python3.7/site-packages/airflow/example_dags/example_complex.py for tasks to queue
[2023-01-13 09:02:24,185] {logging_mixin.py:109} INFO - [2023-01-13 09:02:24,185] {dagbag.py:500} INFO - Filling up the DagBag from /home/airflow/.local/lib/python3.7/site-packages/airflow/example_dags/example_complex.py
[2023-01-13 09:02:24,214] {processor.py:632} INFO - DAG(s) dict_keys(['example_complex']) retrieved from /home/airflow/.local/lib/python3.7/site-packages/airflow/example_dags/example_complex.py
[2023-01-13 09:02:24,229] {logging_mixin.py:109} INFO - [2023-01-13 09:02:24,229] {dag.py:2389} INFO - Sync 1 DAGs
[2023-01-13 09:02:24,243] {logging_mixin.py:109} INFO - [2023-01-13 09:02:24,243] {dag.py:2921} INFO - Setting next_dagrun for example_complex to None
[2023-01-13 09:02:24,254] {processor.py:171} INFO - Processing /home/airflow/.local/lib/python3.7/site-packages/airflow/example_dags/example_complex.py took 0.073 seconds
[2023-01-13 09:02:54,365] {processor.py:163} INFO - Started process (PID=6712) to work on /home/airflow/.local/lib/python3.7/site-packages/airflow/example_dags/example_complex.py
[2023-01-13 09:02:54,366] {processor.py:620} INFO - Processing file /home/airflow/.local/lib/python3.7/site-packages/airflow/example_dags/example_complex.py for tasks to queue
[2023-01-13 09:02:54,367] {logging_mixin.py:109} INFO - [2023-01-13 09:02:54,367] {dagbag.py:500} INFO - Filling up the DagBag from /home/airflow/.local/lib/python3.7/site-packages/airflow/example_dags/example_complex.py
[2023-01-13 09:02:54,398] {processor.py:632} INFO - DAG(s) dict_keys(['example_complex']) retrieved from /home/airflow/.local/lib/python3.7/site-packages/airflow/example_dags/example_complex.py
[2023-01-13 09:02:54,414] {logging_mixin.py:109} INFO - [2023-01-13 09:02:54,414] {dag.py:2389} INFO - Sync 1 DAGs
[2023-01-13 09:02:54,428] {logging_mixin.py:109} INFO - [2023-01-13 09:02:54,428] {dag.py:2921} INFO - Setting next_dagrun for example_complex to None
[2023-01-13 09:02:54,438] {processor.py:171} INFO - Processing /home/airflow/.local/lib/python3.7/site-packages/airflow/example_dags/example_complex.py took 0.076 seconds
[2023-01-13 09:03:24,586] {processor.py:163} INFO - Started process (PID=6895) to work on /home/airflow/.local/lib/python3.7/site-packages/airflow/example_dags/example_complex.py
[2023-01-13 09:03:24,587] {processor.py:620} INFO - Processing file /home/airflow/.local/lib/python3.7/site-packages/airflow/example_dags/example_complex.py for tasks to queue
[2023-01-13 09:03:24,588] {logging_mixin.py:109} INFO - [2023-01-13 09:03:24,588] {dagbag.py:500} INFO - Filling up the DagBag from /home/airflow/.local/lib/python3.7/site-packages/airflow/example_dags/example_complex.py
[2023-01-13 09:03:24,619] {processor.py:632} INFO - DAG(s) dict_keys(['example_complex']) retrieved from /home/airflow/.local/lib/python3.7/site-packages/airflow/example_dags/example_complex.py
[2023-01-13 09:03:24,634] {logging_mixin.py:109} INFO - [2023-01-13 09:03:24,634] {dag.py:2389} INFO - Sync 1 DAGs
[2023-01-13 09:03:24,649] {logging_mixin.py:109} INFO - [2023-01-13 09:03:24,649] {dag.py:2921} INFO - Setting next_dagrun for example_complex to None
[2023-01-13 09:03:24,660] {processor.py:171} INFO - Processing /home/airflow/.local/lib/python3.7/site-packages/airflow/example_dags/example_complex.py took 0.077 seconds
[2023-01-13 09:03:54,754] {processor.py:163} INFO - Started process (PID=7089) to work on /home/airflow/.local/lib/python3.7/site-packages/airflow/example_dags/example_complex.py
[2023-01-13 09:03:54,757] {processor.py:620} INFO - Processing file /home/airflow/.local/lib/python3.7/site-packages/airflow/example_dags/example_complex.py for tasks to queue
[2023-01-13 09:03:54,757] {logging_mixin.py:109} INFO - [2023-01-13 09:03:54,757] {dagbag.py:500} INFO - Filling up the DagBag from /home/airflow/.local/lib/python3.7/site-packages/airflow/example_dags/example_complex.py
[2023-01-13 09:03:54,789] {processor.py:632} INFO - DAG(s) dict_keys(['example_complex']) retrieved from /home/airflow/.local/lib/python3.7/site-packages/airflow/example_dags/example_complex.py
[2023-01-13 09:03:54,804] {logging_mixin.py:109} INFO - [2023-01-13 09:03:54,804] {dag.py:2389} INFO - Sync 1 DAGs
[2023-01-13 09:03:54,818] {logging_mixin.py:109} INFO - [2023-01-13 09:03:54,818] {dag.py:2921} INFO - Setting next_dagrun for example_complex to None
[2023-01-13 09:03:54,829] {processor.py:171} INFO - Processing /home/airflow/.local/lib/python3.7/site-packages/airflow/example_dags/example_complex.py took 0.078 seconds
[2023-01-13 09:04:25,048] {processor.py:163} INFO - Started process (PID=7272) to work on /home/airflow/.local/lib/python3.7/site-packages/airflow/example_dags/example_complex.py
[2023-01-13 09:04:25,050] {processor.py:620} INFO - Processing file /home/airflow/.local/lib/python3.7/site-packages/airflow/example_dags/example_complex.py for tasks to queue
[2023-01-13 09:04:25,050] {logging_mixin.py:109} INFO - [2023-01-13 09:04:25,050] {dagbag.py:500} INFO - Filling up the DagBag from /home/airflow/.local/lib/python3.7/site-packages/airflow/example_dags/example_complex.py
[2023-01-13 09:04:25,082] {processor.py:632} INFO - DAG(s) dict_keys(['example_complex']) retrieved from /home/airflow/.local/lib/python3.7/site-packages/airflow/example_dags/example_complex.py
[2023-01-13 09:04:25,097] {logging_mixin.py:109} INFO - [2023-01-13 09:04:25,097] {dag.py:2389} INFO - Sync 1 DAGs
[2023-01-13 09:04:25,112] {logging_mixin.py:109} INFO - [2023-01-13 09:04:25,112] {dag.py:2921} INFO - Setting next_dagrun for example_complex to None
[2023-01-13 09:04:25,123] {processor.py:171} INFO - Processing /home/airflow/.local/lib/python3.7/site-packages/airflow/example_dags/example_complex.py took 0.077 seconds
[2023-01-13 09:04:55,297] {processor.py:163} INFO - Started process (PID=7465) to work on /home/airflow/.local/lib/python3.7/site-packages/airflow/example_dags/example_complex.py
[2023-01-13 09:04:55,298] {processor.py:620} INFO - Processing file /home/airflow/.local/lib/python3.7/site-packages/airflow/example_dags/example_complex.py for tasks to queue
[2023-01-13 09:04:55,298] {logging_mixin.py:109} INFO - [2023-01-13 09:04:55,298] {dagbag.py:500} INFO - Filling up the DagBag from /home/airflow/.local/lib/python3.7/site-packages/airflow/example_dags/example_complex.py
[2023-01-13 09:04:55,332] {processor.py:632} INFO - DAG(s) dict_keys(['example_complex']) retrieved from /home/airflow/.local/lib/python3.7/site-packages/airflow/example_dags/example_complex.py
[2023-01-13 09:04:55,347] {logging_mixin.py:109} INFO - [2023-01-13 09:04:55,347] {dag.py:2389} INFO - Sync 1 DAGs
[2023-01-13 09:04:55,362] {logging_mixin.py:109} INFO - [2023-01-13 09:04:55,362] {dag.py:2921} INFO - Setting next_dagrun for example_complex to None
[2023-01-13 09:04:55,372] {processor.py:171} INFO - Processing /home/airflow/.local/lib/python3.7/site-packages/airflow/example_dags/example_complex.py took 0.079 seconds
[2023-01-13 09:05:25,737] {processor.py:163} INFO - Started process (PID=7648) to work on /home/airflow/.local/lib/python3.7/site-packages/airflow/example_dags/example_complex.py
[2023-01-13 09:05:25,738] {processor.py:620} INFO - Processing file /home/airflow/.local/lib/python3.7/site-packages/airflow/example_dags/example_complex.py for tasks to queue
[2023-01-13 09:05:25,738] {logging_mixin.py:109} INFO - [2023-01-13 09:05:25,738] {dagbag.py:500} INFO - Filling up the DagBag from /home/airflow/.local/lib/python3.7/site-packages/airflow/example_dags/example_complex.py
[2023-01-13 09:05:25,770] {processor.py:632} INFO - DAG(s) dict_keys(['example_complex']) retrieved from /home/airflow/.local/lib/python3.7/site-packages/airflow/example_dags/example_complex.py
[2023-01-13 09:05:25,787] {logging_mixin.py:109} INFO - [2023-01-13 09:05:25,786] {dag.py:2389} INFO - Sync 1 DAGs
[2023-01-13 09:05:25,802] {logging_mixin.py:109} INFO - [2023-01-13 09:05:25,802] {dag.py:2921} INFO - Setting next_dagrun for example_complex to None
[2023-01-13 09:05:25,811] {processor.py:171} INFO - Processing /home/airflow/.local/lib/python3.7/site-packages/airflow/example_dags/example_complex.py took 0.077 seconds
[2023-01-13 09:05:56,075] {processor.py:163} INFO - Started process (PID=7831) to work on /home/airflow/.local/lib/python3.7/site-packages/airflow/example_dags/example_complex.py
[2023-01-13 09:05:56,076] {processor.py:620} INFO - Processing file /home/airflow/.local/lib/python3.7/site-packages/airflow/example_dags/example_complex.py for tasks to queue
[2023-01-13 09:05:56,076] {logging_mixin.py:109} INFO - [2023-01-13 09:05:56,076] {dagbag.py:500} INFO - Filling up the DagBag from /home/airflow/.local/lib/python3.7/site-packages/airflow/example_dags/example_complex.py
[2023-01-13 09:05:56,106] {processor.py:632} INFO - DAG(s) dict_keys(['example_complex']) retrieved from /home/airflow/.local/lib/python3.7/site-packages/airflow/example_dags/example_complex.py
[2023-01-13 09:05:56,121] {logging_mixin.py:109} INFO - [2023-01-13 09:05:56,121] {dag.py:2389} INFO - Sync 1 DAGs
[2023-01-13 09:05:56,135] {logging_mixin.py:109} INFO - [2023-01-13 09:05:56,134] {dag.py:2921} INFO - Setting next_dagrun for example_complex to None
[2023-01-13 09:05:56,146] {processor.py:171} INFO - Processing /home/airflow/.local/lib/python3.7/site-packages/airflow/example_dags/example_complex.py took 0.074 seconds
[2023-01-13 09:06:26,369] {processor.py:163} INFO - Started process (PID=8024) to work on /home/airflow/.local/lib/python3.7/site-packages/airflow/example_dags/example_complex.py
[2023-01-13 09:06:26,377] {processor.py:620} INFO - Processing file /home/airflow/.local/lib/python3.7/site-packages/airflow/example_dags/example_complex.py for tasks to queue
[2023-01-13 09:06:26,378] {logging_mixin.py:109} INFO - [2023-01-13 09:06:26,378] {dagbag.py:500} INFO - Filling up the DagBag from /home/airflow/.local/lib/python3.7/site-packages/airflow/example_dags/example_complex.py
[2023-01-13 09:06:26,409] {processor.py:632} INFO - DAG(s) dict_keys(['example_complex']) retrieved from /home/airflow/.local/lib/python3.7/site-packages/airflow/example_dags/example_complex.py
[2023-01-13 09:06:26,426] {logging_mixin.py:109} INFO - [2023-01-13 09:06:26,426] {dag.py:2389} INFO - Sync 1 DAGs
[2023-01-13 09:06:26,441] {logging_mixin.py:109} INFO - [2023-01-13 09:06:26,441] {dag.py:2921} INFO - Setting next_dagrun for example_complex to None
[2023-01-13 09:06:26,451] {processor.py:171} INFO - Processing /home/airflow/.local/lib/python3.7/site-packages/airflow/example_dags/example_complex.py took 0.085 seconds
[2023-01-13 09:06:56,933] {processor.py:163} INFO - Started process (PID=8208) to work on /home/airflow/.local/lib/python3.7/site-packages/airflow/example_dags/example_complex.py
[2023-01-13 09:06:56,934] {processor.py:620} INFO - Processing file /home/airflow/.local/lib/python3.7/site-packages/airflow/example_dags/example_complex.py for tasks to queue
[2023-01-13 09:06:56,934] {logging_mixin.py:109} INFO - [2023-01-13 09:06:56,934] {dagbag.py:500} INFO - Filling up the DagBag from /home/airflow/.local/lib/python3.7/site-packages/airflow/example_dags/example_complex.py
[2023-01-13 09:06:56,968] {processor.py:632} INFO - DAG(s) dict_keys(['example_complex']) retrieved from /home/airflow/.local/lib/python3.7/site-packages/airflow/example_dags/example_complex.py
[2023-01-13 09:06:56,984] {logging_mixin.py:109} INFO - [2023-01-13 09:06:56,984] {dag.py:2389} INFO - Sync 1 DAGs
[2023-01-13 09:06:56,998] {logging_mixin.py:109} INFO - [2023-01-13 09:06:56,998] {dag.py:2921} INFO - Setting next_dagrun for example_complex to None
[2023-01-13 09:06:57,009] {processor.py:171} INFO - Processing /home/airflow/.local/lib/python3.7/site-packages/airflow/example_dags/example_complex.py took 0.079 seconds
[2023-01-13 09:07:27,235] {processor.py:163} INFO - Started process (PID=8400) to work on /home/airflow/.local/lib/python3.7/site-packages/airflow/example_dags/example_complex.py
[2023-01-13 09:07:27,237] {processor.py:620} INFO - Processing file /home/airflow/.local/lib/python3.7/site-packages/airflow/example_dags/example_complex.py for tasks to queue
[2023-01-13 09:07:27,237] {logging_mixin.py:109} INFO - [2023-01-13 09:07:27,237] {dagbag.py:500} INFO - Filling up the DagBag from /home/airflow/.local/lib/python3.7/site-packages/airflow/example_dags/example_complex.py
[2023-01-13 09:07:27,269] {processor.py:632} INFO - DAG(s) dict_keys(['example_complex']) retrieved from /home/airflow/.local/lib/python3.7/site-packages/airflow/example_dags/example_complex.py
[2023-01-13 09:07:27,283] {logging_mixin.py:109} INFO - [2023-01-13 09:07:27,283] {dag.py:2389} INFO - Sync 1 DAGs
[2023-01-13 09:07:27,297] {logging_mixin.py:109} INFO - [2023-01-13 09:07:27,297] {dag.py:2921} INFO - Setting next_dagrun for example_complex to None
[2023-01-13 09:07:27,307] {processor.py:171} INFO - Processing /home/airflow/.local/lib/python3.7/site-packages/airflow/example_dags/example_complex.py took 0.075 seconds
[2023-01-13 09:07:57,572] {processor.py:163} INFO - Started process (PID=8583) to work on /home/airflow/.local/lib/python3.7/site-packages/airflow/example_dags/example_complex.py
[2023-01-13 09:07:57,573] {processor.py:620} INFO - Processing file /home/airflow/.local/lib/python3.7/site-packages/airflow/example_dags/example_complex.py for tasks to queue
[2023-01-13 09:07:57,573] {logging_mixin.py:109} INFO - [2023-01-13 09:07:57,573] {dagbag.py:500} INFO - Filling up the DagBag from /home/airflow/.local/lib/python3.7/site-packages/airflow/example_dags/example_complex.py
[2023-01-13 09:07:57,606] {processor.py:632} INFO - DAG(s) dict_keys(['example_complex']) retrieved from /home/airflow/.local/lib/python3.7/site-packages/airflow/example_dags/example_complex.py
[2023-01-13 09:07:57,626] {logging_mixin.py:109} INFO - [2023-01-13 09:07:57,625] {dag.py:2389} INFO - Sync 1 DAGs
[2023-01-13 09:07:57,641] {logging_mixin.py:109} INFO - [2023-01-13 09:07:57,640] {dag.py:2921} INFO - Setting next_dagrun for example_complex to None
[2023-01-13 09:07:57,652] {processor.py:171} INFO - Processing /home/airflow/.local/lib/python3.7/site-packages/airflow/example_dags/example_complex.py took 0.083 seconds
[2023-01-13 09:08:27,886] {processor.py:163} INFO - Started process (PID=8766) to work on /home/airflow/.local/lib/python3.7/site-packages/airflow/example_dags/example_complex.py
[2023-01-13 09:08:27,892] {processor.py:620} INFO - Processing file /home/airflow/.local/lib/python3.7/site-packages/airflow/example_dags/example_complex.py for tasks to queue
[2023-01-13 09:08:27,893] {logging_mixin.py:109} INFO - [2023-01-13 09:08:27,893] {dagbag.py:500} INFO - Filling up the DagBag from /home/airflow/.local/lib/python3.7/site-packages/airflow/example_dags/example_complex.py
[2023-01-13 09:08:27,925] {processor.py:632} INFO - DAG(s) dict_keys(['example_complex']) retrieved from /home/airflow/.local/lib/python3.7/site-packages/airflow/example_dags/example_complex.py
[2023-01-13 09:08:27,945] {logging_mixin.py:109} INFO - [2023-01-13 09:08:27,945] {dag.py:2389} INFO - Sync 1 DAGs
[2023-01-13 09:08:27,961] {logging_mixin.py:109} INFO - [2023-01-13 09:08:27,961] {dag.py:2921} INFO - Setting next_dagrun for example_complex to None
[2023-01-13 09:08:27,971] {processor.py:171} INFO - Processing /home/airflow/.local/lib/python3.7/site-packages/airflow/example_dags/example_complex.py took 0.088 seconds
[2023-01-13 09:08:58,395] {processor.py:163} INFO - Started process (PID=8957) to work on /home/airflow/.local/lib/python3.7/site-packages/airflow/example_dags/example_complex.py
[2023-01-13 09:08:58,396] {processor.py:620} INFO - Processing file /home/airflow/.local/lib/python3.7/site-packages/airflow/example_dags/example_complex.py for tasks to queue
[2023-01-13 09:08:58,397] {logging_mixin.py:109} INFO - [2023-01-13 09:08:58,397] {dagbag.py:500} INFO - Filling up the DagBag from /home/airflow/.local/lib/python3.7/site-packages/airflow/example_dags/example_complex.py
[2023-01-13 09:08:58,429] {processor.py:632} INFO - DAG(s) dict_keys(['example_complex']) retrieved from /home/airflow/.local/lib/python3.7/site-packages/airflow/example_dags/example_complex.py
[2023-01-13 09:08:58,445] {logging_mixin.py:109} INFO - [2023-01-13 09:08:58,445] {dag.py:2389} INFO - Sync 1 DAGs
[2023-01-13 09:08:58,459] {logging_mixin.py:109} INFO - [2023-01-13 09:08:58,459] {dag.py:2921} INFO - Setting next_dagrun for example_complex to None
[2023-01-13 09:08:58,469] {processor.py:171} INFO - Processing /home/airflow/.local/lib/python3.7/site-packages/airflow/example_dags/example_complex.py took 0.077 seconds
[2023-01-13 09:09:28,662] {processor.py:163} INFO - Started process (PID=9140) to work on /home/airflow/.local/lib/python3.7/site-packages/airflow/example_dags/example_complex.py
[2023-01-13 09:09:28,663] {processor.py:620} INFO - Processing file /home/airflow/.local/lib/python3.7/site-packages/airflow/example_dags/example_complex.py for tasks to queue
[2023-01-13 09:09:28,663] {logging_mixin.py:109} INFO - [2023-01-13 09:09:28,663] {dagbag.py:500} INFO - Filling up the DagBag from /home/airflow/.local/lib/python3.7/site-packages/airflow/example_dags/example_complex.py
[2023-01-13 09:09:28,695] {processor.py:632} INFO - DAG(s) dict_keys(['example_complex']) retrieved from /home/airflow/.local/lib/python3.7/site-packages/airflow/example_dags/example_complex.py
[2023-01-13 09:09:28,710] {logging_mixin.py:109} INFO - [2023-01-13 09:09:28,709] {dag.py:2389} INFO - Sync 1 DAGs
[2023-01-13 09:09:28,724] {logging_mixin.py:109} INFO - [2023-01-13 09:09:28,724] {dag.py:2921} INFO - Setting next_dagrun for example_complex to None
[2023-01-13 09:09:28,736] {processor.py:171} INFO - Processing /home/airflow/.local/lib/python3.7/site-packages/airflow/example_dags/example_complex.py took 0.077 seconds
[2023-01-13 09:09:59,057] {processor.py:163} INFO - Started process (PID=9331) to work on /home/airflow/.local/lib/python3.7/site-packages/airflow/example_dags/example_complex.py
[2023-01-13 09:09:59,065] {processor.py:620} INFO - Processing file /home/airflow/.local/lib/python3.7/site-packages/airflow/example_dags/example_complex.py for tasks to queue
[2023-01-13 09:09:59,066] {logging_mixin.py:109} INFO - [2023-01-13 09:09:59,066] {dagbag.py:500} INFO - Filling up the DagBag from /home/airflow/.local/lib/python3.7/site-packages/airflow/example_dags/example_complex.py
[2023-01-13 09:09:59,101] {processor.py:632} INFO - DAG(s) dict_keys(['example_complex']) retrieved from /home/airflow/.local/lib/python3.7/site-packages/airflow/example_dags/example_complex.py
[2023-01-13 09:09:59,117] {logging_mixin.py:109} INFO - [2023-01-13 09:09:59,117] {dag.py:2389} INFO - Sync 1 DAGs
[2023-01-13 09:09:59,132] {logging_mixin.py:109} INFO - [2023-01-13 09:09:59,132] {dag.py:2921} INFO - Setting next_dagrun for example_complex to None
[2023-01-13 09:09:59,143] {processor.py:171} INFO - Processing /home/airflow/.local/lib/python3.7/site-packages/airflow/example_dags/example_complex.py took 0.089 seconds
[2023-01-13 09:10:29,616] {processor.py:163} INFO - Started process (PID=9514) to work on /home/airflow/.local/lib/python3.7/site-packages/airflow/example_dags/example_complex.py
[2023-01-13 09:10:29,617] {processor.py:620} INFO - Processing file /home/airflow/.local/lib/python3.7/site-packages/airflow/example_dags/example_complex.py for tasks to queue
[2023-01-13 09:10:29,617] {logging_mixin.py:109} INFO - [2023-01-13 09:10:29,617] {dagbag.py:500} INFO - Filling up the DagBag from /home/airflow/.local/lib/python3.7/site-packages/airflow/example_dags/example_complex.py
[2023-01-13 09:10:29,650] {processor.py:632} INFO - DAG(s) dict_keys(['example_complex']) retrieved from /home/airflow/.local/lib/python3.7/site-packages/airflow/example_dags/example_complex.py
[2023-01-13 09:10:29,666] {logging_mixin.py:109} INFO - [2023-01-13 09:10:29,666] {dag.py:2389} INFO - Sync 1 DAGs
[2023-01-13 09:10:29,681] {logging_mixin.py:109} INFO - [2023-01-13 09:10:29,681] {dag.py:2921} INFO - Setting next_dagrun for example_complex to None
[2023-01-13 09:10:29,691] {processor.py:171} INFO - Processing /home/airflow/.local/lib/python3.7/site-packages/airflow/example_dags/example_complex.py took 0.079 seconds
[2023-01-13 09:10:59,900] {processor.py:163} INFO - Started process (PID=9707) to work on /home/airflow/.local/lib/python3.7/site-packages/airflow/example_dags/example_complex.py
[2023-01-13 09:10:59,901] {processor.py:620} INFO - Processing file /home/airflow/.local/lib/python3.7/site-packages/airflow/example_dags/example_complex.py for tasks to queue
[2023-01-13 09:10:59,901] {logging_mixin.py:109} INFO - [2023-01-13 09:10:59,901] {dagbag.py:500} INFO - Filling up the DagBag from /home/airflow/.local/lib/python3.7/site-packages/airflow/example_dags/example_complex.py
[2023-01-13 09:10:59,932] {processor.py:632} INFO - DAG(s) dict_keys(['example_complex']) retrieved from /home/airflow/.local/lib/python3.7/site-packages/airflow/example_dags/example_complex.py
[2023-01-13 09:10:59,946] {logging_mixin.py:109} INFO - [2023-01-13 09:10:59,946] {dag.py:2389} INFO - Sync 1 DAGs
[2023-01-13 09:10:59,960] {logging_mixin.py:109} INFO - [2023-01-13 09:10:59,960] {dag.py:2921} INFO - Setting next_dagrun for example_complex to None
[2023-01-13 09:10:59,969] {processor.py:171} INFO - Processing /home/airflow/.local/lib/python3.7/site-packages/airflow/example_dags/example_complex.py took 0.072 seconds
[2023-01-13 09:11:30,146] {processor.py:163} INFO - Started process (PID=9891) to work on /home/airflow/.local/lib/python3.7/site-packages/airflow/example_dags/example_complex.py
[2023-01-13 09:11:30,146] {processor.py:620} INFO - Processing file /home/airflow/.local/lib/python3.7/site-packages/airflow/example_dags/example_complex.py for tasks to queue
[2023-01-13 09:11:30,147] {logging_mixin.py:109} INFO - [2023-01-13 09:11:30,147] {dagbag.py:500} INFO - Filling up the DagBag from /home/airflow/.local/lib/python3.7/site-packages/airflow/example_dags/example_complex.py
[2023-01-13 09:11:30,178] {processor.py:632} INFO - DAG(s) dict_keys(['example_complex']) retrieved from /home/airflow/.local/lib/python3.7/site-packages/airflow/example_dags/example_complex.py
[2023-01-13 09:11:30,196] {logging_mixin.py:109} INFO - [2023-01-13 09:11:30,196] {dag.py:2389} INFO - Sync 1 DAGs
[2023-01-13 09:11:30,210] {logging_mixin.py:109} INFO - [2023-01-13 09:11:30,210] {dag.py:2921} INFO - Setting next_dagrun for example_complex to None
[2023-01-13 09:11:30,219] {processor.py:171} INFO - Processing /home/airflow/.local/lib/python3.7/site-packages/airflow/example_dags/example_complex.py took 0.077 seconds
[2023-01-13 09:12:00,578] {processor.py:163} INFO - Started process (PID=10073) to work on /home/airflow/.local/lib/python3.7/site-packages/airflow/example_dags/example_complex.py
[2023-01-13 09:12:00,579] {processor.py:620} INFO - Processing file /home/airflow/.local/lib/python3.7/site-packages/airflow/example_dags/example_complex.py for tasks to queue
[2023-01-13 09:12:00,579] {logging_mixin.py:109} INFO - [2023-01-13 09:12:00,579] {dagbag.py:500} INFO - Filling up the DagBag from /home/airflow/.local/lib/python3.7/site-packages/airflow/example_dags/example_complex.py
[2023-01-13 09:12:00,611] {processor.py:632} INFO - DAG(s) dict_keys(['example_complex']) retrieved from /home/airflow/.local/lib/python3.7/site-packages/airflow/example_dags/example_complex.py
[2023-01-13 09:12:00,631] {logging_mixin.py:109} INFO - [2023-01-13 09:12:00,631] {dag.py:2389} INFO - Sync 1 DAGs
[2023-01-13 09:12:00,646] {logging_mixin.py:109} INFO - [2023-01-13 09:12:00,646] {dag.py:2921} INFO - Setting next_dagrun for example_complex to None
[2023-01-13 09:12:00,656] {processor.py:171} INFO - Processing /home/airflow/.local/lib/python3.7/site-packages/airflow/example_dags/example_complex.py took 0.081 seconds
[2023-01-13 09:12:30,956] {processor.py:163} INFO - Started process (PID=10265) to work on /home/airflow/.local/lib/python3.7/site-packages/airflow/example_dags/example_complex.py
[2023-01-13 09:12:30,957] {processor.py:620} INFO - Processing file /home/airflow/.local/lib/python3.7/site-packages/airflow/example_dags/example_complex.py for tasks to queue
[2023-01-13 09:12:30,958] {logging_mixin.py:109} INFO - [2023-01-13 09:12:30,958] {dagbag.py:500} INFO - Filling up the DagBag from /home/airflow/.local/lib/python3.7/site-packages/airflow/example_dags/example_complex.py
[2023-01-13 09:12:30,989] {processor.py:632} INFO - DAG(s) dict_keys(['example_complex']) retrieved from /home/airflow/.local/lib/python3.7/site-packages/airflow/example_dags/example_complex.py
[2023-01-13 09:12:31,005] {logging_mixin.py:109} INFO - [2023-01-13 09:12:31,005] {dag.py:2389} INFO - Sync 1 DAGs
[2023-01-13 09:12:31,020] {logging_mixin.py:109} INFO - [2023-01-13 09:12:31,020] {dag.py:2921} INFO - Setting next_dagrun for example_complex to None
[2023-01-13 09:12:31,031] {processor.py:171} INFO - Processing /home/airflow/.local/lib/python3.7/site-packages/airflow/example_dags/example_complex.py took 0.078 seconds
[2023-01-13 09:13:01,386] {processor.py:163} INFO - Started process (PID=10448) to work on /home/airflow/.local/lib/python3.7/site-packages/airflow/example_dags/example_complex.py
[2023-01-13 09:13:01,387] {processor.py:620} INFO - Processing file /home/airflow/.local/lib/python3.7/site-packages/airflow/example_dags/example_complex.py for tasks to queue
[2023-01-13 09:13:01,388] {logging_mixin.py:109} INFO - [2023-01-13 09:13:01,388] {dagbag.py:500} INFO - Filling up the DagBag from /home/airflow/.local/lib/python3.7/site-packages/airflow/example_dags/example_complex.py
[2023-01-13 09:13:01,421] {processor.py:632} INFO - DAG(s) dict_keys(['example_complex']) retrieved from /home/airflow/.local/lib/python3.7/site-packages/airflow/example_dags/example_complex.py
[2023-01-13 09:13:01,436] {logging_mixin.py:109} INFO - [2023-01-13 09:13:01,436] {dag.py:2389} INFO - Sync 1 DAGs
[2023-01-13 09:13:01,451] {logging_mixin.py:109} INFO - [2023-01-13 09:13:01,451] {dag.py:2921} INFO - Setting next_dagrun for example_complex to None
[2023-01-13 09:13:01,463] {processor.py:171} INFO - Processing /home/airflow/.local/lib/python3.7/site-packages/airflow/example_dags/example_complex.py took 0.080 seconds
[2023-01-13 09:13:31,983] {processor.py:163} INFO - Started process (PID=10641) to work on /home/airflow/.local/lib/python3.7/site-packages/airflow/example_dags/example_complex.py
[2023-01-13 09:13:31,985] {processor.py:620} INFO - Processing file /home/airflow/.local/lib/python3.7/site-packages/airflow/example_dags/example_complex.py for tasks to queue
[2023-01-13 09:13:31,985] {logging_mixin.py:109} INFO - [2023-01-13 09:13:31,985] {dagbag.py:500} INFO - Filling up the DagBag from /home/airflow/.local/lib/python3.7/site-packages/airflow/example_dags/example_complex.py
[2023-01-13 09:13:32,018] {processor.py:632} INFO - DAG(s) dict_keys(['example_complex']) retrieved from /home/airflow/.local/lib/python3.7/site-packages/airflow/example_dags/example_complex.py
[2023-01-13 09:13:32,035] {logging_mixin.py:109} INFO - [2023-01-13 09:13:32,035] {dag.py:2389} INFO - Sync 1 DAGs
[2023-01-13 09:13:32,051] {logging_mixin.py:109} INFO - [2023-01-13 09:13:32,050] {dag.py:2921} INFO - Setting next_dagrun for example_complex to None
[2023-01-13 09:13:32,060] {processor.py:171} INFO - Processing /home/airflow/.local/lib/python3.7/site-packages/airflow/example_dags/example_complex.py took 0.080 seconds
[2023-01-13 09:14:02,424] {processor.py:163} INFO - Started process (PID=10824) to work on /home/airflow/.local/lib/python3.7/site-packages/airflow/example_dags/example_complex.py
[2023-01-13 09:14:02,425] {processor.py:620} INFO - Processing file /home/airflow/.local/lib/python3.7/site-packages/airflow/example_dags/example_complex.py for tasks to queue
[2023-01-13 09:14:02,426] {logging_mixin.py:109} INFO - [2023-01-13 09:14:02,426] {dagbag.py:500} INFO - Filling up the DagBag from /home/airflow/.local/lib/python3.7/site-packages/airflow/example_dags/example_complex.py
[2023-01-13 09:14:02,456] {processor.py:632} INFO - DAG(s) dict_keys(['example_complex']) retrieved from /home/airflow/.local/lib/python3.7/site-packages/airflow/example_dags/example_complex.py
[2023-01-13 09:14:02,471] {logging_mixin.py:109} INFO - [2023-01-13 09:14:02,471] {dag.py:2389} INFO - Sync 1 DAGs
[2023-01-13 09:14:02,486] {logging_mixin.py:109} INFO - [2023-01-13 09:14:02,486] {dag.py:2921} INFO - Setting next_dagrun for example_complex to None
[2023-01-13 09:14:02,496] {processor.py:171} INFO - Processing /home/airflow/.local/lib/python3.7/site-packages/airflow/example_dags/example_complex.py took 0.074 seconds
[2023-01-13 09:14:32,843] {processor.py:163} INFO - Started process (PID=11016) to work on /home/airflow/.local/lib/python3.7/site-packages/airflow/example_dags/example_complex.py
[2023-01-13 09:14:32,845] {processor.py:620} INFO - Processing file /home/airflow/.local/lib/python3.7/site-packages/airflow/example_dags/example_complex.py for tasks to queue
[2023-01-13 09:14:32,845] {logging_mixin.py:109} INFO - [2023-01-13 09:14:32,845] {dagbag.py:500} INFO - Filling up the DagBag from /home/airflow/.local/lib/python3.7/site-packages/airflow/example_dags/example_complex.py
[2023-01-13 09:14:32,877] {processor.py:632} INFO - DAG(s) dict_keys(['example_complex']) retrieved from /home/airflow/.local/lib/python3.7/site-packages/airflow/example_dags/example_complex.py
[2023-01-13 09:14:32,892] {logging_mixin.py:109} INFO - [2023-01-13 09:14:32,892] {dag.py:2389} INFO - Sync 1 DAGs
[2023-01-13 09:14:32,909] {logging_mixin.py:109} INFO - [2023-01-13 09:14:32,909] {dag.py:2921} INFO - Setting next_dagrun for example_complex to None
[2023-01-13 09:14:32,920] {processor.py:171} INFO - Processing /home/airflow/.local/lib/python3.7/site-packages/airflow/example_dags/example_complex.py took 0.079 seconds
[2023-01-13 09:15:03,450] {processor.py:163} INFO - Started process (PID=11199) to work on /home/airflow/.local/lib/python3.7/site-packages/airflow/example_dags/example_complex.py
[2023-01-13 09:15:03,451] {processor.py:620} INFO - Processing file /home/airflow/.local/lib/python3.7/site-packages/airflow/example_dags/example_complex.py for tasks to queue
[2023-01-13 09:15:03,451] {logging_mixin.py:109} INFO - [2023-01-13 09:15:03,451] {dagbag.py:500} INFO - Filling up the DagBag from /home/airflow/.local/lib/python3.7/site-packages/airflow/example_dags/example_complex.py
[2023-01-13 09:15:03,484] {processor.py:632} INFO - DAG(s) dict_keys(['example_complex']) retrieved from /home/airflow/.local/lib/python3.7/site-packages/airflow/example_dags/example_complex.py
[2023-01-13 09:15:03,498] {logging_mixin.py:109} INFO - [2023-01-13 09:15:03,498] {dag.py:2389} INFO - Sync 1 DAGs
[2023-01-13 09:15:03,513] {logging_mixin.py:109} INFO - [2023-01-13 09:15:03,513] {dag.py:2921} INFO - Setting next_dagrun for example_complex to None
[2023-01-13 09:15:03,525] {processor.py:171} INFO - Processing /home/airflow/.local/lib/python3.7/site-packages/airflow/example_dags/example_complex.py took 0.078 seconds
[2023-01-13 09:15:33,939] {processor.py:163} INFO - Started process (PID=11383) to work on /home/airflow/.local/lib/python3.7/site-packages/airflow/example_dags/example_complex.py
[2023-01-13 09:15:33,940] {processor.py:620} INFO - Processing file /home/airflow/.local/lib/python3.7/site-packages/airflow/example_dags/example_complex.py for tasks to queue
[2023-01-13 09:15:33,941] {logging_mixin.py:109} INFO - [2023-01-13 09:15:33,940] {dagbag.py:500} INFO - Filling up the DagBag from /home/airflow/.local/lib/python3.7/site-packages/airflow/example_dags/example_complex.py
[2023-01-13 09:15:33,971] {processor.py:632} INFO - DAG(s) dict_keys(['example_complex']) retrieved from /home/airflow/.local/lib/python3.7/site-packages/airflow/example_dags/example_complex.py
[2023-01-13 09:15:33,987] {logging_mixin.py:109} INFO - [2023-01-13 09:15:33,987] {dag.py:2389} INFO - Sync 1 DAGs
[2023-01-13 09:15:34,002] {logging_mixin.py:109} INFO - [2023-01-13 09:15:34,001] {dag.py:2921} INFO - Setting next_dagrun for example_complex to None
[2023-01-13 09:15:34,013] {processor.py:171} INFO - Processing /home/airflow/.local/lib/python3.7/site-packages/airflow/example_dags/example_complex.py took 0.078 seconds
[2023-01-13 09:16:04,485] {processor.py:163} INFO - Started process (PID=11575) to work on /home/airflow/.local/lib/python3.7/site-packages/airflow/example_dags/example_complex.py
[2023-01-13 09:16:04,486] {processor.py:620} INFO - Processing file /home/airflow/.local/lib/python3.7/site-packages/airflow/example_dags/example_complex.py for tasks to queue
[2023-01-13 09:16:04,487] {logging_mixin.py:109} INFO - [2023-01-13 09:16:04,486] {dagbag.py:500} INFO - Filling up the DagBag from /home/airflow/.local/lib/python3.7/site-packages/airflow/example_dags/example_complex.py
[2023-01-13 09:16:04,519] {processor.py:632} INFO - DAG(s) dict_keys(['example_complex']) retrieved from /home/airflow/.local/lib/python3.7/site-packages/airflow/example_dags/example_complex.py
[2023-01-13 09:16:04,535] {logging_mixin.py:109} INFO - [2023-01-13 09:16:04,535] {dag.py:2389} INFO - Sync 1 DAGs
[2023-01-13 09:16:04,550] {logging_mixin.py:109} INFO - [2023-01-13 09:16:04,549] {dag.py:2921} INFO - Setting next_dagrun for example_complex to None
[2023-01-13 09:16:04,561] {processor.py:171} INFO - Processing /home/airflow/.local/lib/python3.7/site-packages/airflow/example_dags/example_complex.py took 0.080 seconds
[2023-01-13 09:16:34,651] {processor.py:163} INFO - Started process (PID=11758) to work on /home/airflow/.local/lib/python3.7/site-packages/airflow/example_dags/example_complex.py
[2023-01-13 09:16:34,652] {processor.py:620} INFO - Processing file /home/airflow/.local/lib/python3.7/site-packages/airflow/example_dags/example_complex.py for tasks to queue
[2023-01-13 09:16:34,653] {logging_mixin.py:109} INFO - [2023-01-13 09:16:34,653] {dagbag.py:500} INFO - Filling up the DagBag from /home/airflow/.local/lib/python3.7/site-packages/airflow/example_dags/example_complex.py
[2023-01-13 09:16:34,694] {processor.py:632} INFO - DAG(s) dict_keys(['example_complex']) retrieved from /home/airflow/.local/lib/python3.7/site-packages/airflow/example_dags/example_complex.py
[2023-01-13 09:16:34,709] {logging_mixin.py:109} INFO - [2023-01-13 09:16:34,709] {dag.py:2389} INFO - Sync 1 DAGs
[2023-01-13 09:16:34,723] {logging_mixin.py:109} INFO - [2023-01-13 09:16:34,723] {dag.py:2921} INFO - Setting next_dagrun for example_complex to None
[2023-01-13 09:16:34,733] {processor.py:171} INFO - Processing /home/airflow/.local/lib/python3.7/site-packages/airflow/example_dags/example_complex.py took 0.085 seconds
[2023-01-13 09:17:04,970] {processor.py:163} INFO - Started process (PID=11950) to work on /home/airflow/.local/lib/python3.7/site-packages/airflow/example_dags/example_complex.py
[2023-01-13 09:17:04,970] {processor.py:620} INFO - Processing file /home/airflow/.local/lib/python3.7/site-packages/airflow/example_dags/example_complex.py for tasks to queue
[2023-01-13 09:17:04,971] {logging_mixin.py:109} INFO - [2023-01-13 09:17:04,971] {dagbag.py:500} INFO - Filling up the DagBag from /home/airflow/.local/lib/python3.7/site-packages/airflow/example_dags/example_complex.py
[2023-01-13 09:17:05,002] {processor.py:632} INFO - DAG(s) dict_keys(['example_complex']) retrieved from /home/airflow/.local/lib/python3.7/site-packages/airflow/example_dags/example_complex.py
[2023-01-13 09:17:05,018] {logging_mixin.py:109} INFO - [2023-01-13 09:17:05,018] {dag.py:2389} INFO - Sync 1 DAGs
[2023-01-13 09:17:05,032] {logging_mixin.py:109} INFO - [2023-01-13 09:17:05,032] {dag.py:2921} INFO - Setting next_dagrun for example_complex to None
[2023-01-13 09:17:05,042] {processor.py:171} INFO - Processing /home/airflow/.local/lib/python3.7/site-packages/airflow/example_dags/example_complex.py took 0.075 seconds
[2023-01-13 09:17:35,448] {processor.py:163} INFO - Started process (PID=12132) to work on /home/airflow/.local/lib/python3.7/site-packages/airflow/example_dags/example_complex.py
[2023-01-13 09:17:35,454] {processor.py:620} INFO - Processing file /home/airflow/.local/lib/python3.7/site-packages/airflow/example_dags/example_complex.py for tasks to queue
[2023-01-13 09:17:35,455] {logging_mixin.py:109} INFO - [2023-01-13 09:17:35,455] {dagbag.py:500} INFO - Filling up the DagBag from /home/airflow/.local/lib/python3.7/site-packages/airflow/example_dags/example_complex.py
[2023-01-13 09:17:35,487] {processor.py:632} INFO - DAG(s) dict_keys(['example_complex']) retrieved from /home/airflow/.local/lib/python3.7/site-packages/airflow/example_dags/example_complex.py
[2023-01-13 09:17:35,503] {logging_mixin.py:109} INFO - [2023-01-13 09:17:35,502] {dag.py:2389} INFO - Sync 1 DAGs
[2023-01-13 09:17:35,517] {logging_mixin.py:109} INFO - [2023-01-13 09:17:35,517] {dag.py:2921} INFO - Setting next_dagrun for example_complex to None
[2023-01-13 09:17:35,529] {processor.py:171} INFO - Processing /home/airflow/.local/lib/python3.7/site-packages/airflow/example_dags/example_complex.py took 0.084 seconds
[2023-01-13 09:18:05,820] {processor.py:163} INFO - Started process (PID=12323) to work on /home/airflow/.local/lib/python3.7/site-packages/airflow/example_dags/example_complex.py
[2023-01-13 09:18:05,821] {processor.py:620} INFO - Processing file /home/airflow/.local/lib/python3.7/site-packages/airflow/example_dags/example_complex.py for tasks to queue
[2023-01-13 09:18:05,822] {logging_mixin.py:109} INFO - [2023-01-13 09:18:05,822] {dagbag.py:500} INFO - Filling up the DagBag from /home/airflow/.local/lib/python3.7/site-packages/airflow/example_dags/example_complex.py
[2023-01-13 09:18:05,853] {processor.py:632} INFO - DAG(s) dict_keys(['example_complex']) retrieved from /home/airflow/.local/lib/python3.7/site-packages/airflow/example_dags/example_complex.py
[2023-01-13 09:18:05,869] {logging_mixin.py:109} INFO - [2023-01-13 09:18:05,869] {dag.py:2389} INFO - Sync 1 DAGs
[2023-01-13 09:18:05,884] {logging_mixin.py:109} INFO - [2023-01-13 09:18:05,883] {dag.py:2921} INFO - Setting next_dagrun for example_complex to None
[2023-01-13 09:18:05,895] {processor.py:171} INFO - Processing /home/airflow/.local/lib/python3.7/site-packages/airflow/example_dags/example_complex.py took 0.077 seconds
[2023-01-13 09:18:36,304] {processor.py:163} INFO - Started process (PID=12506) to work on /home/airflow/.local/lib/python3.7/site-packages/airflow/example_dags/example_complex.py
[2023-01-13 09:18:36,305] {processor.py:620} INFO - Processing file /home/airflow/.local/lib/python3.7/site-packages/airflow/example_dags/example_complex.py for tasks to queue
[2023-01-13 09:18:36,306] {logging_mixin.py:109} INFO - [2023-01-13 09:18:36,305] {dagbag.py:500} INFO - Filling up the DagBag from /home/airflow/.local/lib/python3.7/site-packages/airflow/example_dags/example_complex.py
[2023-01-13 09:18:36,338] {processor.py:632} INFO - DAG(s) dict_keys(['example_complex']) retrieved from /home/airflow/.local/lib/python3.7/site-packages/airflow/example_dags/example_complex.py
[2023-01-13 09:18:36,354] {logging_mixin.py:109} INFO - [2023-01-13 09:18:36,354] {dag.py:2389} INFO - Sync 1 DAGs
[2023-01-13 09:18:36,370] {logging_mixin.py:109} INFO - [2023-01-13 09:18:36,369] {dag.py:2921} INFO - Setting next_dagrun for example_complex to None
[2023-01-13 09:18:36,385] {processor.py:171} INFO - Processing /home/airflow/.local/lib/python3.7/site-packages/airflow/example_dags/example_complex.py took 0.084 seconds
[2023-01-13 09:19:56,037] {processor.py:163} INFO - Started process (PID=191) to work on /home/airflow/.local/lib/python3.7/site-packages/airflow/example_dags/example_complex.py
[2023-01-13 09:19:56,044] {processor.py:620} INFO - Processing file /home/airflow/.local/lib/python3.7/site-packages/airflow/example_dags/example_complex.py for tasks to queue
[2023-01-13 09:19:56,045] {logging_mixin.py:109} INFO - [2023-01-13 09:19:56,045] {dagbag.py:500} INFO - Filling up the DagBag from /home/airflow/.local/lib/python3.7/site-packages/airflow/example_dags/example_complex.py
[2023-01-13 09:19:56,103] {processor.py:632} INFO - DAG(s) dict_keys(['example_complex']) retrieved from /home/airflow/.local/lib/python3.7/site-packages/airflow/example_dags/example_complex.py
[2023-01-13 09:19:56,130] {logging_mixin.py:109} INFO - [2023-01-13 09:19:56,130] {dag.py:2389} INFO - Sync 1 DAGs
[2023-01-13 09:19:56,155] {logging_mixin.py:109} INFO - [2023-01-13 09:19:56,155] {dag.py:2921} INFO - Setting next_dagrun for example_complex to None
[2023-01-13 09:19:56,173] {processor.py:171} INFO - Processing /home/airflow/.local/lib/python3.7/site-packages/airflow/example_dags/example_complex.py took 0.138 seconds
[2023-01-13 09:20:26,260] {processor.py:163} INFO - Started process (PID=370) to work on /home/airflow/.local/lib/python3.7/site-packages/airflow/example_dags/example_complex.py
[2023-01-13 09:20:26,288] {processor.py:620} INFO - Processing file /home/airflow/.local/lib/python3.7/site-packages/airflow/example_dags/example_complex.py for tasks to queue
[2023-01-13 09:20:26,288] {logging_mixin.py:109} INFO - [2023-01-13 09:20:26,288] {dagbag.py:500} INFO - Filling up the DagBag from /home/airflow/.local/lib/python3.7/site-packages/airflow/example_dags/example_complex.py
[2023-01-13 09:20:26,339] {processor.py:632} INFO - DAG(s) dict_keys(['example_complex']) retrieved from /home/airflow/.local/lib/python3.7/site-packages/airflow/example_dags/example_complex.py
[2023-01-13 09:20:26,358] {logging_mixin.py:109} INFO - [2023-01-13 09:20:26,358] {dag.py:2389} INFO - Sync 1 DAGs
[2023-01-13 09:20:26,374] {logging_mixin.py:109} INFO - [2023-01-13 09:20:26,374] {dag.py:2921} INFO - Setting next_dagrun for example_complex to None
[2023-01-13 09:20:26,386] {processor.py:171} INFO - Processing /home/airflow/.local/lib/python3.7/site-packages/airflow/example_dags/example_complex.py took 0.129 seconds
[2023-01-13 09:20:56,760] {processor.py:163} INFO - Started process (PID=552) to work on /home/airflow/.local/lib/python3.7/site-packages/airflow/example_dags/example_complex.py
[2023-01-13 09:20:56,761] {processor.py:620} INFO - Processing file /home/airflow/.local/lib/python3.7/site-packages/airflow/example_dags/example_complex.py for tasks to queue
[2023-01-13 09:20:56,761] {logging_mixin.py:109} INFO - [2023-01-13 09:20:56,761] {dagbag.py:500} INFO - Filling up the DagBag from /home/airflow/.local/lib/python3.7/site-packages/airflow/example_dags/example_complex.py
[2023-01-13 09:20:56,793] {processor.py:632} INFO - DAG(s) dict_keys(['example_complex']) retrieved from /home/airflow/.local/lib/python3.7/site-packages/airflow/example_dags/example_complex.py
[2023-01-13 09:20:56,809] {logging_mixin.py:109} INFO - [2023-01-13 09:20:56,809] {dag.py:2389} INFO - Sync 1 DAGs
[2023-01-13 09:20:56,824] {logging_mixin.py:109} INFO - [2023-01-13 09:20:56,824] {dag.py:2921} INFO - Setting next_dagrun for example_complex to None
[2023-01-13 09:20:56,834] {processor.py:171} INFO - Processing /home/airflow/.local/lib/python3.7/site-packages/airflow/example_dags/example_complex.py took 0.077 seconds
[2023-01-13 09:21:27,150] {processor.py:163} INFO - Started process (PID=744) to work on /home/airflow/.local/lib/python3.7/site-packages/airflow/example_dags/example_complex.py
[2023-01-13 09:21:27,152] {processor.py:620} INFO - Processing file /home/airflow/.local/lib/python3.7/site-packages/airflow/example_dags/example_complex.py for tasks to queue
[2023-01-13 09:21:27,152] {logging_mixin.py:109} INFO - [2023-01-13 09:21:27,152] {dagbag.py:500} INFO - Filling up the DagBag from /home/airflow/.local/lib/python3.7/site-packages/airflow/example_dags/example_complex.py
[2023-01-13 09:21:27,196] {processor.py:632} INFO - DAG(s) dict_keys(['example_complex']) retrieved from /home/airflow/.local/lib/python3.7/site-packages/airflow/example_dags/example_complex.py
[2023-01-13 09:21:27,214] {logging_mixin.py:109} INFO - [2023-01-13 09:21:27,214] {dag.py:2389} INFO - Sync 1 DAGs
[2023-01-13 09:21:27,230] {logging_mixin.py:109} INFO - [2023-01-13 09:21:27,230] {dag.py:2921} INFO - Setting next_dagrun for example_complex to None
[2023-01-13 09:21:27,241] {processor.py:171} INFO - Processing /home/airflow/.local/lib/python3.7/site-packages/airflow/example_dags/example_complex.py took 0.097 seconds
[2023-01-13 09:21:57,426] {processor.py:163} INFO - Started process (PID=926) to work on /home/airflow/.local/lib/python3.7/site-packages/airflow/example_dags/example_complex.py
[2023-01-13 09:21:57,427] {processor.py:620} INFO - Processing file /home/airflow/.local/lib/python3.7/site-packages/airflow/example_dags/example_complex.py for tasks to queue
[2023-01-13 09:21:57,428] {logging_mixin.py:109} INFO - [2023-01-13 09:21:57,428] {dagbag.py:500} INFO - Filling up the DagBag from /home/airflow/.local/lib/python3.7/site-packages/airflow/example_dags/example_complex.py
[2023-01-13 09:21:57,460] {processor.py:632} INFO - DAG(s) dict_keys(['example_complex']) retrieved from /home/airflow/.local/lib/python3.7/site-packages/airflow/example_dags/example_complex.py
[2023-01-13 09:21:57,476] {logging_mixin.py:109} INFO - [2023-01-13 09:21:57,476] {dag.py:2389} INFO - Sync 1 DAGs
[2023-01-13 09:21:57,492] {logging_mixin.py:109} INFO - [2023-01-13 09:21:57,492] {dag.py:2921} INFO - Setting next_dagrun for example_complex to None
[2023-01-13 09:21:57,504] {processor.py:171} INFO - Processing /home/airflow/.local/lib/python3.7/site-packages/airflow/example_dags/example_complex.py took 0.081 seconds
[2023-01-13 09:22:28,016] {processor.py:163} INFO - Started process (PID=1107) to work on /home/airflow/.local/lib/python3.7/site-packages/airflow/example_dags/example_complex.py
[2023-01-13 09:22:28,026] {processor.py:620} INFO - Processing file /home/airflow/.local/lib/python3.7/site-packages/airflow/example_dags/example_complex.py for tasks to queue
[2023-01-13 09:22:28,026] {logging_mixin.py:109} INFO - [2023-01-13 09:22:28,026] {dagbag.py:500} INFO - Filling up the DagBag from /home/airflow/.local/lib/python3.7/site-packages/airflow/example_dags/example_complex.py
[2023-01-13 09:22:28,063] {processor.py:632} INFO - DAG(s) dict_keys(['example_complex']) retrieved from /home/airflow/.local/lib/python3.7/site-packages/airflow/example_dags/example_complex.py
[2023-01-13 09:22:28,079] {logging_mixin.py:109} INFO - [2023-01-13 09:22:28,079] {dag.py:2389} INFO - Sync 1 DAGs
[2023-01-13 09:22:28,094] {logging_mixin.py:109} INFO - [2023-01-13 09:22:28,094] {dag.py:2921} INFO - Setting next_dagrun for example_complex to None
[2023-01-13 09:22:28,106] {processor.py:171} INFO - Processing /home/airflow/.local/lib/python3.7/site-packages/airflow/example_dags/example_complex.py took 0.093 seconds
[2023-01-13 09:22:58,566] {processor.py:163} INFO - Started process (PID=1299) to work on /home/airflow/.local/lib/python3.7/site-packages/airflow/example_dags/example_complex.py
[2023-01-13 09:22:58,567] {processor.py:620} INFO - Processing file /home/airflow/.local/lib/python3.7/site-packages/airflow/example_dags/example_complex.py for tasks to queue
[2023-01-13 09:22:58,568] {logging_mixin.py:109} INFO - [2023-01-13 09:22:58,568] {dagbag.py:500} INFO - Filling up the DagBag from /home/airflow/.local/lib/python3.7/site-packages/airflow/example_dags/example_complex.py
[2023-01-13 09:22:58,602] {processor.py:632} INFO - DAG(s) dict_keys(['example_complex']) retrieved from /home/airflow/.local/lib/python3.7/site-packages/airflow/example_dags/example_complex.py
[2023-01-13 09:22:58,618] {logging_mixin.py:109} INFO - [2023-01-13 09:22:58,618] {dag.py:2389} INFO - Sync 1 DAGs
[2023-01-13 09:22:58,634] {logging_mixin.py:109} INFO - [2023-01-13 09:22:58,634] {dag.py:2921} INFO - Setting next_dagrun for example_complex to None
[2023-01-13 09:22:58,646] {processor.py:171} INFO - Processing /home/airflow/.local/lib/python3.7/site-packages/airflow/example_dags/example_complex.py took 0.082 seconds
[2023-01-13 09:23:28,947] {processor.py:163} INFO - Started process (PID=1482) to work on /home/airflow/.local/lib/python3.7/site-packages/airflow/example_dags/example_complex.py
[2023-01-13 09:23:28,962] {processor.py:620} INFO - Processing file /home/airflow/.local/lib/python3.7/site-packages/airflow/example_dags/example_complex.py for tasks to queue
[2023-01-13 09:23:28,962] {logging_mixin.py:109} INFO - [2023-01-13 09:23:28,962] {dagbag.py:500} INFO - Filling up the DagBag from /home/airflow/.local/lib/python3.7/site-packages/airflow/example_dags/example_complex.py
[2023-01-13 09:23:28,996] {processor.py:632} INFO - DAG(s) dict_keys(['example_complex']) retrieved from /home/airflow/.local/lib/python3.7/site-packages/airflow/example_dags/example_complex.py
[2023-01-13 09:23:29,015] {logging_mixin.py:109} INFO - [2023-01-13 09:23:29,015] {dag.py:2389} INFO - Sync 1 DAGs
[2023-01-13 09:23:29,033] {logging_mixin.py:109} INFO - [2023-01-13 09:23:29,032] {dag.py:2921} INFO - Setting next_dagrun for example_complex to None
[2023-01-13 09:23:29,045] {processor.py:171} INFO - Processing /home/airflow/.local/lib/python3.7/site-packages/airflow/example_dags/example_complex.py took 0.102 seconds
[2023-01-13 09:23:59,488] {processor.py:163} INFO - Started process (PID=1677) to work on /home/airflow/.local/lib/python3.7/site-packages/airflow/example_dags/example_complex.py
[2023-01-13 09:23:59,489] {processor.py:620} INFO - Processing file /home/airflow/.local/lib/python3.7/site-packages/airflow/example_dags/example_complex.py for tasks to queue
[2023-01-13 09:23:59,489] {logging_mixin.py:109} INFO - [2023-01-13 09:23:59,489] {dagbag.py:500} INFO - Filling up the DagBag from /home/airflow/.local/lib/python3.7/site-packages/airflow/example_dags/example_complex.py
[2023-01-13 09:23:59,526] {processor.py:632} INFO - DAG(s) dict_keys(['example_complex']) retrieved from /home/airflow/.local/lib/python3.7/site-packages/airflow/example_dags/example_complex.py
[2023-01-13 09:23:59,544] {logging_mixin.py:109} INFO - [2023-01-13 09:23:59,544] {dag.py:2389} INFO - Sync 1 DAGs
[2023-01-13 09:23:59,560] {logging_mixin.py:109} INFO - [2023-01-13 09:23:59,560] {dag.py:2921} INFO - Setting next_dagrun for example_complex to None
[2023-01-13 09:23:59,575] {processor.py:171} INFO - Processing /home/airflow/.local/lib/python3.7/site-packages/airflow/example_dags/example_complex.py took 0.091 seconds
