[2023-01-13 08:42:06,107] {processor.py:163} INFO - Started process (PID=168) to work on /home/airflow/.local/lib/python3.7/site-packages/airflow/example_dags/tutorial.py
[2023-01-13 08:42:06,115] {processor.py:620} INFO - Processing file /home/airflow/.local/lib/python3.7/site-packages/airflow/example_dags/tutorial.py for tasks to queue
[2023-01-13 08:42:06,118] {logging_mixin.py:109} INFO - [2023-01-13 08:42:06,118] {dagbag.py:500} INFO - Filling up the DagBag from /home/airflow/.local/lib/python3.7/site-packages/airflow/example_dags/tutorial.py
[2023-01-13 08:42:06,174] {processor.py:632} INFO - DAG(s) dict_keys(['tutorial']) retrieved from /home/airflow/.local/lib/python3.7/site-packages/airflow/example_dags/tutorial.py
[2023-01-13 08:42:11,215] {logging_mixin.py:109} INFO - [2023-01-13 08:42:11,215] {providers_manager.py:156} WARNING - Exception when importing 'airflow.providers.google.leveldb.hooks.leveldb.LevelDBHook' from 'apache-airflow-providers-google' package: No module named 'plyvel'
[2023-01-13 08:42:12,643] {logging_mixin.py:109} INFO - [2023-01-13 08:42:12,643] {providers_manager.py:156} WARNING - Exception when importing 'airflow.providers.google.leveldb.hooks.leveldb.LevelDBHook' from 'apache-airflow-providers-google' package: No module named 'plyvel'
[2023-01-13 08:42:12,669] {logging_mixin.py:109} INFO - [2023-01-13 08:42:12,669] {manager.py:496} INFO - Created Permission View: can edit on DAG:tutorial
[2023-01-13 08:42:12,680] {logging_mixin.py:109} INFO - [2023-01-13 08:42:12,680] {manager.py:496} INFO - Created Permission View: can read on DAG:tutorial
[2023-01-13 08:42:12,680] {logging_mixin.py:109} INFO - [2023-01-13 08:42:12,680] {dag.py:2389} INFO - Sync 1 DAGs
[2023-01-13 08:42:12,687] {logging_mixin.py:109} INFO - [2023-01-13 08:42:12,686] {dag.py:2408} INFO - Creating ORM DAG for tutorial
[2023-01-13 08:42:12,695] {logging_mixin.py:109} INFO - [2023-01-13 08:42:12,695] {dag.py:2921} INFO - Setting next_dagrun for tutorial to 2023-01-12T08:42:12.695139+00:00
[2023-01-13 08:42:12,712] {processor.py:171} INFO - Processing /home/airflow/.local/lib/python3.7/site-packages/airflow/example_dags/tutorial.py took 6.608 seconds
[2023-01-13 08:42:52,928] {processor.py:163} INFO - Started process (PID=486) to work on /home/airflow/.local/lib/python3.7/site-packages/airflow/example_dags/tutorial.py
[2023-01-13 08:42:52,929] {processor.py:620} INFO - Processing file /home/airflow/.local/lib/python3.7/site-packages/airflow/example_dags/tutorial.py for tasks to queue
[2023-01-13 08:42:52,930] {logging_mixin.py:109} INFO - [2023-01-13 08:42:52,930] {dagbag.py:500} INFO - Filling up the DagBag from /home/airflow/.local/lib/python3.7/site-packages/airflow/example_dags/tutorial.py
[2023-01-13 08:42:52,964] {processor.py:632} INFO - DAG(s) dict_keys(['tutorial']) retrieved from /home/airflow/.local/lib/python3.7/site-packages/airflow/example_dags/tutorial.py
[2023-01-13 08:42:52,981] {logging_mixin.py:109} INFO - [2023-01-13 08:42:52,981] {dag.py:2389} INFO - Sync 1 DAGs
[2023-01-13 08:42:52,997] {logging_mixin.py:109} INFO - [2023-01-13 08:42:52,997] {dag.py:2921} INFO - Setting next_dagrun for tutorial to 2023-01-12T08:42:52.997385+00:00
[2023-01-13 08:42:53,018] {processor.py:171} INFO - Processing /home/airflow/.local/lib/python3.7/site-packages/airflow/example_dags/tutorial.py took 0.093 seconds
[2023-01-13 08:43:23,436] {processor.py:163} INFO - Started process (PID=671) to work on /home/airflow/.local/lib/python3.7/site-packages/airflow/example_dags/tutorial.py
[2023-01-13 08:43:23,437] {processor.py:620} INFO - Processing file /home/airflow/.local/lib/python3.7/site-packages/airflow/example_dags/tutorial.py for tasks to queue
[2023-01-13 08:43:23,437] {logging_mixin.py:109} INFO - [2023-01-13 08:43:23,437] {dagbag.py:500} INFO - Filling up the DagBag from /home/airflow/.local/lib/python3.7/site-packages/airflow/example_dags/tutorial.py
[2023-01-13 08:43:23,464] {processor.py:632} INFO - DAG(s) dict_keys(['tutorial']) retrieved from /home/airflow/.local/lib/python3.7/site-packages/airflow/example_dags/tutorial.py
[2023-01-13 08:43:23,472] {logging_mixin.py:109} INFO - [2023-01-13 08:43:23,472] {dag.py:2389} INFO - Sync 1 DAGs
[2023-01-13 08:43:23,487] {logging_mixin.py:109} INFO - [2023-01-13 08:43:23,487] {dag.py:2921} INFO - Setting next_dagrun for tutorial to 2023-01-12T08:43:23.486930+00:00
[2023-01-13 08:43:23,497] {processor.py:171} INFO - Processing /home/airflow/.local/lib/python3.7/site-packages/airflow/example_dags/tutorial.py took 0.064 seconds
[2023-01-13 08:43:53,869] {processor.py:163} INFO - Started process (PID=863) to work on /home/airflow/.local/lib/python3.7/site-packages/airflow/example_dags/tutorial.py
[2023-01-13 08:43:53,971] {processor.py:620} INFO - Processing file /home/airflow/.local/lib/python3.7/site-packages/airflow/example_dags/tutorial.py for tasks to queue
[2023-01-13 08:43:53,972] {logging_mixin.py:109} INFO - [2023-01-13 08:43:53,972] {dagbag.py:500} INFO - Filling up the DagBag from /home/airflow/.local/lib/python3.7/site-packages/airflow/example_dags/tutorial.py
[2023-01-13 08:43:53,996] {processor.py:632} INFO - DAG(s) dict_keys(['tutorial']) retrieved from /home/airflow/.local/lib/python3.7/site-packages/airflow/example_dags/tutorial.py
[2023-01-13 08:43:54,004] {logging_mixin.py:109} INFO - [2023-01-13 08:43:54,004] {dag.py:2389} INFO - Sync 1 DAGs
[2023-01-13 08:43:54,019] {logging_mixin.py:109} INFO - [2023-01-13 08:43:54,019] {dag.py:2921} INFO - Setting next_dagrun for tutorial to 2023-01-12T08:43:54.018909+00:00
[2023-01-13 08:43:54,030] {processor.py:171} INFO - Processing /home/airflow/.local/lib/python3.7/site-packages/airflow/example_dags/tutorial.py took 0.164 seconds
[2023-01-13 08:45:08,266] {processor.py:163} INFO - Started process (PID=164) to work on /home/airflow/.local/lib/python3.7/site-packages/airflow/example_dags/tutorial.py
[2023-01-13 08:45:08,268] {processor.py:620} INFO - Processing file /home/airflow/.local/lib/python3.7/site-packages/airflow/example_dags/tutorial.py for tasks to queue
[2023-01-13 08:45:08,268] {logging_mixin.py:109} INFO - [2023-01-13 08:45:08,268] {dagbag.py:500} INFO - Filling up the DagBag from /home/airflow/.local/lib/python3.7/site-packages/airflow/example_dags/tutorial.py
[2023-01-13 08:45:08,292] {processor.py:632} INFO - DAG(s) dict_keys(['tutorial']) retrieved from /home/airflow/.local/lib/python3.7/site-packages/airflow/example_dags/tutorial.py
[2023-01-13 08:45:08,300] {logging_mixin.py:109} INFO - [2023-01-13 08:45:08,300] {dag.py:2389} INFO - Sync 1 DAGs
[2023-01-13 08:45:08,315] {logging_mixin.py:109} INFO - [2023-01-13 08:45:08,315] {dag.py:2921} INFO - Setting next_dagrun for tutorial to 2023-01-12T08:45:08.315448+00:00
[2023-01-13 08:45:08,327] {processor.py:171} INFO - Processing /home/airflow/.local/lib/python3.7/site-packages/airflow/example_dags/tutorial.py took 0.063 seconds
[2023-01-13 08:45:38,618] {processor.py:163} INFO - Started process (PID=358) to work on /home/airflow/.local/lib/python3.7/site-packages/airflow/example_dags/tutorial.py
[2023-01-13 08:45:38,619] {processor.py:620} INFO - Processing file /home/airflow/.local/lib/python3.7/site-packages/airflow/example_dags/tutorial.py for tasks to queue
[2023-01-13 08:45:38,620] {logging_mixin.py:109} INFO - [2023-01-13 08:45:38,619] {dagbag.py:500} INFO - Filling up the DagBag from /home/airflow/.local/lib/python3.7/site-packages/airflow/example_dags/tutorial.py
[2023-01-13 08:45:38,649] {processor.py:632} INFO - DAG(s) dict_keys(['tutorial']) retrieved from /home/airflow/.local/lib/python3.7/site-packages/airflow/example_dags/tutorial.py
[2023-01-13 08:45:38,665] {logging_mixin.py:109} INFO - [2023-01-13 08:45:38,665] {dag.py:2389} INFO - Sync 1 DAGs
[2023-01-13 08:45:38,691] {logging_mixin.py:109} INFO - [2023-01-13 08:45:38,691] {dag.py:2921} INFO - Setting next_dagrun for tutorial to 2023-01-12T08:45:38.691120+00:00
[2023-01-13 08:45:38,702] {processor.py:171} INFO - Processing /home/airflow/.local/lib/python3.7/site-packages/airflow/example_dags/tutorial.py took 0.087 seconds
[2023-01-13 08:46:09,482] {processor.py:163} INFO - Started process (PID=541) to work on /home/airflow/.local/lib/python3.7/site-packages/airflow/example_dags/tutorial.py
[2023-01-13 08:46:09,483] {processor.py:620} INFO - Processing file /home/airflow/.local/lib/python3.7/site-packages/airflow/example_dags/tutorial.py for tasks to queue
[2023-01-13 08:46:09,484] {logging_mixin.py:109} INFO - [2023-01-13 08:46:09,484] {dagbag.py:500} INFO - Filling up the DagBag from /home/airflow/.local/lib/python3.7/site-packages/airflow/example_dags/tutorial.py
[2023-01-13 08:46:09,513] {processor.py:632} INFO - DAG(s) dict_keys(['tutorial']) retrieved from /home/airflow/.local/lib/python3.7/site-packages/airflow/example_dags/tutorial.py
[2023-01-13 08:46:09,523] {logging_mixin.py:109} INFO - [2023-01-13 08:46:09,523] {dag.py:2389} INFO - Sync 1 DAGs
[2023-01-13 08:46:09,544] {logging_mixin.py:109} INFO - [2023-01-13 08:46:09,544] {dag.py:2921} INFO - Setting next_dagrun for tutorial to 2023-01-12T08:46:09.544193+00:00
[2023-01-13 08:46:09,556] {processor.py:171} INFO - Processing /home/airflow/.local/lib/python3.7/site-packages/airflow/example_dags/tutorial.py took 0.077 seconds
[2023-01-13 08:46:39,798] {processor.py:163} INFO - Started process (PID=724) to work on /home/airflow/.local/lib/python3.7/site-packages/airflow/example_dags/tutorial.py
[2023-01-13 08:46:39,799] {processor.py:620} INFO - Processing file /home/airflow/.local/lib/python3.7/site-packages/airflow/example_dags/tutorial.py for tasks to queue
[2023-01-13 08:46:39,800] {logging_mixin.py:109} INFO - [2023-01-13 08:46:39,800] {dagbag.py:500} INFO - Filling up the DagBag from /home/airflow/.local/lib/python3.7/site-packages/airflow/example_dags/tutorial.py
[2023-01-13 08:46:39,830] {processor.py:632} INFO - DAG(s) dict_keys(['tutorial']) retrieved from /home/airflow/.local/lib/python3.7/site-packages/airflow/example_dags/tutorial.py
[2023-01-13 08:46:39,842] {logging_mixin.py:109} INFO - [2023-01-13 08:46:39,842] {dag.py:2389} INFO - Sync 1 DAGs
[2023-01-13 08:46:39,859] {logging_mixin.py:109} INFO - [2023-01-13 08:46:39,859] {dag.py:2921} INFO - Setting next_dagrun for tutorial to 2023-01-12T08:46:39.859203+00:00
[2023-01-13 08:46:39,873] {processor.py:171} INFO - Processing /home/airflow/.local/lib/python3.7/site-packages/airflow/example_dags/tutorial.py took 0.077 seconds
[2023-01-13 08:47:10,348] {processor.py:163} INFO - Started process (PID=918) to work on /home/airflow/.local/lib/python3.7/site-packages/airflow/example_dags/tutorial.py
[2023-01-13 08:47:10,349] {processor.py:620} INFO - Processing file /home/airflow/.local/lib/python3.7/site-packages/airflow/example_dags/tutorial.py for tasks to queue
[2023-01-13 08:47:10,350] {logging_mixin.py:109} INFO - [2023-01-13 08:47:10,350] {dagbag.py:500} INFO - Filling up the DagBag from /home/airflow/.local/lib/python3.7/site-packages/airflow/example_dags/tutorial.py
[2023-01-13 08:47:10,374] {processor.py:632} INFO - DAG(s) dict_keys(['tutorial']) retrieved from /home/airflow/.local/lib/python3.7/site-packages/airflow/example_dags/tutorial.py
[2023-01-13 08:47:10,383] {logging_mixin.py:109} INFO - [2023-01-13 08:47:10,383] {dag.py:2389} INFO - Sync 1 DAGs
[2023-01-13 08:47:10,403] {logging_mixin.py:109} INFO - [2023-01-13 08:47:10,403] {dag.py:2921} INFO - Setting next_dagrun for tutorial to 2023-01-12T08:47:10.403499+00:00
[2023-01-13 08:47:10,415] {processor.py:171} INFO - Processing /home/airflow/.local/lib/python3.7/site-packages/airflow/example_dags/tutorial.py took 0.070 seconds
[2023-01-13 08:47:40,877] {processor.py:163} INFO - Started process (PID=1101) to work on /home/airflow/.local/lib/python3.7/site-packages/airflow/example_dags/tutorial.py
[2023-01-13 08:47:40,878] {processor.py:620} INFO - Processing file /home/airflow/.local/lib/python3.7/site-packages/airflow/example_dags/tutorial.py for tasks to queue
[2023-01-13 08:47:40,879] {logging_mixin.py:109} INFO - [2023-01-13 08:47:40,878] {dagbag.py:500} INFO - Filling up the DagBag from /home/airflow/.local/lib/python3.7/site-packages/airflow/example_dags/tutorial.py
[2023-01-13 08:47:40,905] {processor.py:632} INFO - DAG(s) dict_keys(['tutorial']) retrieved from /home/airflow/.local/lib/python3.7/site-packages/airflow/example_dags/tutorial.py
[2023-01-13 08:47:40,915] {logging_mixin.py:109} INFO - [2023-01-13 08:47:40,915] {dag.py:2389} INFO - Sync 1 DAGs
[2023-01-13 08:47:40,934] {logging_mixin.py:109} INFO - [2023-01-13 08:47:40,934] {dag.py:2921} INFO - Setting next_dagrun for tutorial to 2023-01-12T08:47:40.933968+00:00
[2023-01-13 08:47:40,947] {processor.py:171} INFO - Processing /home/airflow/.local/lib/python3.7/site-packages/airflow/example_dags/tutorial.py took 0.072 seconds
[2023-01-13 08:48:11,473] {processor.py:163} INFO - Started process (PID=1289) to work on /home/airflow/.local/lib/python3.7/site-packages/airflow/example_dags/tutorial.py
[2023-01-13 08:48:11,474] {processor.py:620} INFO - Processing file /home/airflow/.local/lib/python3.7/site-packages/airflow/example_dags/tutorial.py for tasks to queue
[2023-01-13 08:48:11,474] {logging_mixin.py:109} INFO - [2023-01-13 08:48:11,474] {dagbag.py:500} INFO - Filling up the DagBag from /home/airflow/.local/lib/python3.7/site-packages/airflow/example_dags/tutorial.py
[2023-01-13 08:48:11,509] {processor.py:632} INFO - DAG(s) dict_keys(['tutorial']) retrieved from /home/airflow/.local/lib/python3.7/site-packages/airflow/example_dags/tutorial.py
[2023-01-13 08:48:11,518] {logging_mixin.py:109} INFO - [2023-01-13 08:48:11,518] {dag.py:2389} INFO - Sync 1 DAGs
[2023-01-13 08:48:11,534] {logging_mixin.py:109} INFO - [2023-01-13 08:48:11,534] {dag.py:2921} INFO - Setting next_dagrun for tutorial to 2023-01-12T08:48:11.534489+00:00
[2023-01-13 08:48:11,546] {processor.py:171} INFO - Processing /home/airflow/.local/lib/python3.7/site-packages/airflow/example_dags/tutorial.py took 0.077 seconds
[2023-01-13 08:48:41,577] {processor.py:163} INFO - Started process (PID=1473) to work on /home/airflow/.local/lib/python3.7/site-packages/airflow/example_dags/tutorial.py
[2023-01-13 08:48:41,579] {processor.py:620} INFO - Processing file /home/airflow/.local/lib/python3.7/site-packages/airflow/example_dags/tutorial.py for tasks to queue
[2023-01-13 08:48:41,579] {logging_mixin.py:109} INFO - [2023-01-13 08:48:41,579] {dagbag.py:500} INFO - Filling up the DagBag from /home/airflow/.local/lib/python3.7/site-packages/airflow/example_dags/tutorial.py
[2023-01-13 08:48:41,606] {processor.py:632} INFO - DAG(s) dict_keys(['tutorial']) retrieved from /home/airflow/.local/lib/python3.7/site-packages/airflow/example_dags/tutorial.py
[2023-01-13 08:48:41,617] {logging_mixin.py:109} INFO - [2023-01-13 08:48:41,617] {dag.py:2389} INFO - Sync 1 DAGs
[2023-01-13 08:48:41,636] {logging_mixin.py:109} INFO - [2023-01-13 08:48:41,636] {dag.py:2921} INFO - Setting next_dagrun for tutorial to 2023-01-12T08:48:41.635914+00:00
[2023-01-13 08:48:41,650] {processor.py:171} INFO - Processing /home/airflow/.local/lib/python3.7/site-packages/airflow/example_dags/tutorial.py took 0.075 seconds
[2023-01-13 08:49:12,288] {processor.py:163} INFO - Started process (PID=1658) to work on /home/airflow/.local/lib/python3.7/site-packages/airflow/example_dags/tutorial.py
[2023-01-13 08:49:12,289] {processor.py:620} INFO - Processing file /home/airflow/.local/lib/python3.7/site-packages/airflow/example_dags/tutorial.py for tasks to queue
[2023-01-13 08:49:12,289] {logging_mixin.py:109} INFO - [2023-01-13 08:49:12,289] {dagbag.py:500} INFO - Filling up the DagBag from /home/airflow/.local/lib/python3.7/site-packages/airflow/example_dags/tutorial.py
[2023-01-13 08:49:12,317] {processor.py:632} INFO - DAG(s) dict_keys(['tutorial']) retrieved from /home/airflow/.local/lib/python3.7/site-packages/airflow/example_dags/tutorial.py
[2023-01-13 08:49:12,327] {logging_mixin.py:109} INFO - [2023-01-13 08:49:12,326] {dag.py:2389} INFO - Sync 1 DAGs
[2023-01-13 08:49:12,343] {logging_mixin.py:109} INFO - [2023-01-13 08:49:12,343] {dag.py:2921} INFO - Setting next_dagrun for tutorial to 2023-01-12T08:49:12.343183+00:00
[2023-01-13 08:49:12,355] {processor.py:171} INFO - Processing /home/airflow/.local/lib/python3.7/site-packages/airflow/example_dags/tutorial.py took 0.070 seconds
[2023-01-13 08:49:42,704] {processor.py:163} INFO - Started process (PID=1849) to work on /home/airflow/.local/lib/python3.7/site-packages/airflow/example_dags/tutorial.py
[2023-01-13 08:49:42,705] {processor.py:620} INFO - Processing file /home/airflow/.local/lib/python3.7/site-packages/airflow/example_dags/tutorial.py for tasks to queue
[2023-01-13 08:49:42,706] {logging_mixin.py:109} INFO - [2023-01-13 08:49:42,706] {dagbag.py:500} INFO - Filling up the DagBag from /home/airflow/.local/lib/python3.7/site-packages/airflow/example_dags/tutorial.py
[2023-01-13 08:49:42,746] {processor.py:632} INFO - DAG(s) dict_keys(['tutorial']) retrieved from /home/airflow/.local/lib/python3.7/site-packages/airflow/example_dags/tutorial.py
[2023-01-13 08:49:42,790] {logging_mixin.py:109} INFO - [2023-01-13 08:49:42,790] {dag.py:2389} INFO - Sync 1 DAGs
[2023-01-13 08:49:42,842] {logging_mixin.py:109} INFO - [2023-01-13 08:49:42,842] {dag.py:2921} INFO - Setting next_dagrun for tutorial to 2023-01-12T08:49:42.842509+00:00
[2023-01-13 08:49:42,856] {processor.py:171} INFO - Processing /home/airflow/.local/lib/python3.7/site-packages/airflow/example_dags/tutorial.py took 0.155 seconds
[2023-01-13 08:50:13,389] {processor.py:163} INFO - Started process (PID=2034) to work on /home/airflow/.local/lib/python3.7/site-packages/airflow/example_dags/tutorial.py
[2023-01-13 08:50:13,390] {processor.py:620} INFO - Processing file /home/airflow/.local/lib/python3.7/site-packages/airflow/example_dags/tutorial.py for tasks to queue
[2023-01-13 08:50:13,391] {logging_mixin.py:109} INFO - [2023-01-13 08:50:13,391] {dagbag.py:500} INFO - Filling up the DagBag from /home/airflow/.local/lib/python3.7/site-packages/airflow/example_dags/tutorial.py
[2023-01-13 08:50:13,417] {processor.py:632} INFO - DAG(s) dict_keys(['tutorial']) retrieved from /home/airflow/.local/lib/python3.7/site-packages/airflow/example_dags/tutorial.py
[2023-01-13 08:50:13,428] {logging_mixin.py:109} INFO - [2023-01-13 08:50:13,427] {dag.py:2389} INFO - Sync 1 DAGs
[2023-01-13 08:50:13,444] {logging_mixin.py:109} INFO - [2023-01-13 08:50:13,444] {dag.py:2921} INFO - Setting next_dagrun for tutorial to 2023-01-12T08:50:13.444414+00:00
[2023-01-13 08:50:13,455] {processor.py:171} INFO - Processing /home/airflow/.local/lib/python3.7/site-packages/airflow/example_dags/tutorial.py took 0.070 seconds
[2023-01-13 08:50:43,925] {processor.py:163} INFO - Started process (PID=2218) to work on /home/airflow/.local/lib/python3.7/site-packages/airflow/example_dags/tutorial.py
[2023-01-13 08:50:43,926] {processor.py:620} INFO - Processing file /home/airflow/.local/lib/python3.7/site-packages/airflow/example_dags/tutorial.py for tasks to queue
[2023-01-13 08:50:43,927] {logging_mixin.py:109} INFO - [2023-01-13 08:50:43,927] {dagbag.py:500} INFO - Filling up the DagBag from /home/airflow/.local/lib/python3.7/site-packages/airflow/example_dags/tutorial.py
[2023-01-13 08:50:43,954] {processor.py:632} INFO - DAG(s) dict_keys(['tutorial']) retrieved from /home/airflow/.local/lib/python3.7/site-packages/airflow/example_dags/tutorial.py
[2023-01-13 08:50:43,963] {logging_mixin.py:109} INFO - [2023-01-13 08:50:43,963] {dag.py:2389} INFO - Sync 1 DAGs
[2023-01-13 08:50:43,978] {logging_mixin.py:109} INFO - [2023-01-13 08:50:43,978] {dag.py:2921} INFO - Setting next_dagrun for tutorial to 2023-01-12T08:50:43.977770+00:00
[2023-01-13 08:50:43,988] {processor.py:171} INFO - Processing /home/airflow/.local/lib/python3.7/site-packages/airflow/example_dags/tutorial.py took 0.066 seconds
[2023-01-13 08:51:14,665] {processor.py:163} INFO - Started process (PID=2411) to work on /home/airflow/.local/lib/python3.7/site-packages/airflow/example_dags/tutorial.py
[2023-01-13 08:51:14,666] {processor.py:620} INFO - Processing file /home/airflow/.local/lib/python3.7/site-packages/airflow/example_dags/tutorial.py for tasks to queue
[2023-01-13 08:51:14,667] {logging_mixin.py:109} INFO - [2023-01-13 08:51:14,667] {dagbag.py:500} INFO - Filling up the DagBag from /home/airflow/.local/lib/python3.7/site-packages/airflow/example_dags/tutorial.py
[2023-01-13 08:51:14,700] {processor.py:632} INFO - DAG(s) dict_keys(['tutorial']) retrieved from /home/airflow/.local/lib/python3.7/site-packages/airflow/example_dags/tutorial.py
[2023-01-13 08:51:14,712] {logging_mixin.py:109} INFO - [2023-01-13 08:51:14,712] {dag.py:2389} INFO - Sync 1 DAGs
[2023-01-13 08:51:14,731] {logging_mixin.py:109} INFO - [2023-01-13 08:51:14,731] {dag.py:2921} INFO - Setting next_dagrun for tutorial to 2023-01-12T08:51:14.731214+00:00
[2023-01-13 08:51:14,748] {processor.py:171} INFO - Processing /home/airflow/.local/lib/python3.7/site-packages/airflow/example_dags/tutorial.py took 0.086 seconds
[2023-01-13 08:51:45,031] {processor.py:163} INFO - Started process (PID=2594) to work on /home/airflow/.local/lib/python3.7/site-packages/airflow/example_dags/tutorial.py
[2023-01-13 08:51:45,032] {processor.py:620} INFO - Processing file /home/airflow/.local/lib/python3.7/site-packages/airflow/example_dags/tutorial.py for tasks to queue
[2023-01-13 08:51:45,033] {logging_mixin.py:109} INFO - [2023-01-13 08:51:45,033] {dagbag.py:500} INFO - Filling up the DagBag from /home/airflow/.local/lib/python3.7/site-packages/airflow/example_dags/tutorial.py
[2023-01-13 08:51:45,060] {processor.py:632} INFO - DAG(s) dict_keys(['tutorial']) retrieved from /home/airflow/.local/lib/python3.7/site-packages/airflow/example_dags/tutorial.py
[2023-01-13 08:51:45,073] {logging_mixin.py:109} INFO - [2023-01-13 08:51:45,073] {dag.py:2389} INFO - Sync 1 DAGs
[2023-01-13 08:51:45,091] {logging_mixin.py:109} INFO - [2023-01-13 08:51:45,091] {dag.py:2921} INFO - Setting next_dagrun for tutorial to 2023-01-12T08:51:45.090947+00:00
[2023-01-13 08:51:45,102] {processor.py:171} INFO - Processing /home/airflow/.local/lib/python3.7/site-packages/airflow/example_dags/tutorial.py took 0.073 seconds
[2023-01-13 08:52:15,539] {processor.py:163} INFO - Started process (PID=2778) to work on /home/airflow/.local/lib/python3.7/site-packages/airflow/example_dags/tutorial.py
[2023-01-13 08:52:15,539] {processor.py:620} INFO - Processing file /home/airflow/.local/lib/python3.7/site-packages/airflow/example_dags/tutorial.py for tasks to queue
[2023-01-13 08:52:15,540] {logging_mixin.py:109} INFO - [2023-01-13 08:52:15,540] {dagbag.py:500} INFO - Filling up the DagBag from /home/airflow/.local/lib/python3.7/site-packages/airflow/example_dags/tutorial.py
[2023-01-13 08:52:15,567] {processor.py:632} INFO - DAG(s) dict_keys(['tutorial']) retrieved from /home/airflow/.local/lib/python3.7/site-packages/airflow/example_dags/tutorial.py
[2023-01-13 08:52:15,579] {logging_mixin.py:109} INFO - [2023-01-13 08:52:15,579] {dag.py:2389} INFO - Sync 1 DAGs
[2023-01-13 08:52:15,595] {logging_mixin.py:109} INFO - [2023-01-13 08:52:15,595] {dag.py:2921} INFO - Setting next_dagrun for tutorial to 2023-01-12T08:52:15.595548+00:00
[2023-01-13 08:52:15,607] {processor.py:171} INFO - Processing /home/airflow/.local/lib/python3.7/site-packages/airflow/example_dags/tutorial.py took 0.071 seconds
[2023-01-13 08:52:45,924] {processor.py:163} INFO - Started process (PID=2970) to work on /home/airflow/.local/lib/python3.7/site-packages/airflow/example_dags/tutorial.py
[2023-01-13 08:52:45,926] {processor.py:620} INFO - Processing file /home/airflow/.local/lib/python3.7/site-packages/airflow/example_dags/tutorial.py for tasks to queue
[2023-01-13 08:52:45,926] {logging_mixin.py:109} INFO - [2023-01-13 08:52:45,926] {dagbag.py:500} INFO - Filling up the DagBag from /home/airflow/.local/lib/python3.7/site-packages/airflow/example_dags/tutorial.py
[2023-01-13 08:52:45,957] {processor.py:632} INFO - DAG(s) dict_keys(['tutorial']) retrieved from /home/airflow/.local/lib/python3.7/site-packages/airflow/example_dags/tutorial.py
[2023-01-13 08:52:45,968] {logging_mixin.py:109} INFO - [2023-01-13 08:52:45,968] {dag.py:2389} INFO - Sync 1 DAGs
[2023-01-13 08:52:45,984] {logging_mixin.py:109} INFO - [2023-01-13 08:52:45,984] {dag.py:2921} INFO - Setting next_dagrun for tutorial to 2023-01-12T08:52:45.984230+00:00
[2023-01-13 08:52:45,996] {processor.py:171} INFO - Processing /home/airflow/.local/lib/python3.7/site-packages/airflow/example_dags/tutorial.py took 0.075 seconds
[2023-01-13 08:53:16,527] {processor.py:163} INFO - Started process (PID=3153) to work on /home/airflow/.local/lib/python3.7/site-packages/airflow/example_dags/tutorial.py
[2023-01-13 08:53:16,528] {processor.py:620} INFO - Processing file /home/airflow/.local/lib/python3.7/site-packages/airflow/example_dags/tutorial.py for tasks to queue
[2023-01-13 08:53:16,528] {logging_mixin.py:109} INFO - [2023-01-13 08:53:16,528] {dagbag.py:500} INFO - Filling up the DagBag from /home/airflow/.local/lib/python3.7/site-packages/airflow/example_dags/tutorial.py
[2023-01-13 08:53:16,552] {processor.py:632} INFO - DAG(s) dict_keys(['tutorial']) retrieved from /home/airflow/.local/lib/python3.7/site-packages/airflow/example_dags/tutorial.py
[2023-01-13 08:53:16,562] {logging_mixin.py:109} INFO - [2023-01-13 08:53:16,562] {dag.py:2389} INFO - Sync 1 DAGs
[2023-01-13 08:53:16,577] {logging_mixin.py:109} INFO - [2023-01-13 08:53:16,577] {dag.py:2921} INFO - Setting next_dagrun for tutorial to 2023-01-12T08:53:16.577000+00:00
[2023-01-13 08:53:16,588] {processor.py:171} INFO - Processing /home/airflow/.local/lib/python3.7/site-packages/airflow/example_dags/tutorial.py took 0.065 seconds
[2023-01-13 08:53:47,099] {processor.py:163} INFO - Started process (PID=3344) to work on /home/airflow/.local/lib/python3.7/site-packages/airflow/example_dags/tutorial.py
[2023-01-13 08:53:47,111] {processor.py:620} INFO - Processing file /home/airflow/.local/lib/python3.7/site-packages/airflow/example_dags/tutorial.py for tasks to queue
[2023-01-13 08:53:47,112] {logging_mixin.py:109} INFO - [2023-01-13 08:53:47,112] {dagbag.py:500} INFO - Filling up the DagBag from /home/airflow/.local/lib/python3.7/site-packages/airflow/example_dags/tutorial.py
[2023-01-13 08:53:47,139] {processor.py:632} INFO - DAG(s) dict_keys(['tutorial']) retrieved from /home/airflow/.local/lib/python3.7/site-packages/airflow/example_dags/tutorial.py
[2023-01-13 08:53:47,148] {logging_mixin.py:109} INFO - [2023-01-13 08:53:47,148] {dag.py:2389} INFO - Sync 1 DAGs
[2023-01-13 08:53:47,163] {logging_mixin.py:109} INFO - [2023-01-13 08:53:47,163] {dag.py:2921} INFO - Setting next_dagrun for tutorial to 2023-01-12T08:53:47.163459+00:00
[2023-01-13 08:53:47,175] {processor.py:171} INFO - Processing /home/airflow/.local/lib/python3.7/site-packages/airflow/example_dags/tutorial.py took 0.079 seconds
[2023-01-13 08:54:17,619] {processor.py:163} INFO - Started process (PID=3528) to work on /home/airflow/.local/lib/python3.7/site-packages/airflow/example_dags/tutorial.py
[2023-01-13 08:54:17,620] {processor.py:620} INFO - Processing file /home/airflow/.local/lib/python3.7/site-packages/airflow/example_dags/tutorial.py for tasks to queue
[2023-01-13 08:54:17,620] {logging_mixin.py:109} INFO - [2023-01-13 08:54:17,620] {dagbag.py:500} INFO - Filling up the DagBag from /home/airflow/.local/lib/python3.7/site-packages/airflow/example_dags/tutorial.py
[2023-01-13 08:54:17,644] {processor.py:632} INFO - DAG(s) dict_keys(['tutorial']) retrieved from /home/airflow/.local/lib/python3.7/site-packages/airflow/example_dags/tutorial.py
[2023-01-13 08:54:17,655] {logging_mixin.py:109} INFO - [2023-01-13 08:54:17,655] {dag.py:2389} INFO - Sync 1 DAGs
[2023-01-13 08:54:17,670] {logging_mixin.py:109} INFO - [2023-01-13 08:54:17,670] {dag.py:2921} INFO - Setting next_dagrun for tutorial to 2023-01-12T08:54:17.669989+00:00
[2023-01-13 08:54:17,681] {processor.py:171} INFO - Processing /home/airflow/.local/lib/python3.7/site-packages/airflow/example_dags/tutorial.py took 0.065 seconds
[2023-01-13 08:54:48,108] {processor.py:163} INFO - Started process (PID=3712) to work on /home/airflow/.local/lib/python3.7/site-packages/airflow/example_dags/tutorial.py
[2023-01-13 08:54:48,109] {processor.py:620} INFO - Processing file /home/airflow/.local/lib/python3.7/site-packages/airflow/example_dags/tutorial.py for tasks to queue
[2023-01-13 08:54:48,110] {logging_mixin.py:109} INFO - [2023-01-13 08:54:48,110] {dagbag.py:500} INFO - Filling up the DagBag from /home/airflow/.local/lib/python3.7/site-packages/airflow/example_dags/tutorial.py
[2023-01-13 08:54:48,136] {processor.py:632} INFO - DAG(s) dict_keys(['tutorial']) retrieved from /home/airflow/.local/lib/python3.7/site-packages/airflow/example_dags/tutorial.py
[2023-01-13 08:54:48,145] {logging_mixin.py:109} INFO - [2023-01-13 08:54:48,145] {dag.py:2389} INFO - Sync 1 DAGs
[2023-01-13 08:54:48,160] {logging_mixin.py:109} INFO - [2023-01-13 08:54:48,160] {dag.py:2921} INFO - Setting next_dagrun for tutorial to 2023-01-12T08:54:48.159793+00:00
[2023-01-13 08:54:48,171] {processor.py:171} INFO - Processing /home/airflow/.local/lib/python3.7/site-packages/airflow/example_dags/tutorial.py took 0.065 seconds
[2023-01-13 08:55:18,347] {processor.py:163} INFO - Started process (PID=3904) to work on /home/airflow/.local/lib/python3.7/site-packages/airflow/example_dags/tutorial.py
[2023-01-13 08:55:18,348] {processor.py:620} INFO - Processing file /home/airflow/.local/lib/python3.7/site-packages/airflow/example_dags/tutorial.py for tasks to queue
[2023-01-13 08:55:18,348] {logging_mixin.py:109} INFO - [2023-01-13 08:55:18,348] {dagbag.py:500} INFO - Filling up the DagBag from /home/airflow/.local/lib/python3.7/site-packages/airflow/example_dags/tutorial.py
[2023-01-13 08:55:18,373] {processor.py:632} INFO - DAG(s) dict_keys(['tutorial']) retrieved from /home/airflow/.local/lib/python3.7/site-packages/airflow/example_dags/tutorial.py
[2023-01-13 08:55:18,383] {logging_mixin.py:109} INFO - [2023-01-13 08:55:18,383] {dag.py:2389} INFO - Sync 1 DAGs
[2023-01-13 08:55:18,397] {logging_mixin.py:109} INFO - [2023-01-13 08:55:18,397] {dag.py:2921} INFO - Setting next_dagrun for tutorial to 2023-01-12T08:55:18.397052+00:00
[2023-01-13 08:55:18,409] {processor.py:171} INFO - Processing /home/airflow/.local/lib/python3.7/site-packages/airflow/example_dags/tutorial.py took 0.065 seconds
[2023-01-13 08:55:48,797] {processor.py:163} INFO - Started process (PID=4088) to work on /home/airflow/.local/lib/python3.7/site-packages/airflow/example_dags/tutorial.py
[2023-01-13 08:55:48,798] {processor.py:620} INFO - Processing file /home/airflow/.local/lib/python3.7/site-packages/airflow/example_dags/tutorial.py for tasks to queue
[2023-01-13 08:55:48,799] {logging_mixin.py:109} INFO - [2023-01-13 08:55:48,799] {dagbag.py:500} INFO - Filling up the DagBag from /home/airflow/.local/lib/python3.7/site-packages/airflow/example_dags/tutorial.py
[2023-01-13 08:55:48,824] {processor.py:632} INFO - DAG(s) dict_keys(['tutorial']) retrieved from /home/airflow/.local/lib/python3.7/site-packages/airflow/example_dags/tutorial.py
[2023-01-13 08:55:48,833] {logging_mixin.py:109} INFO - [2023-01-13 08:55:48,833] {dag.py:2389} INFO - Sync 1 DAGs
[2023-01-13 08:55:48,849] {logging_mixin.py:109} INFO - [2023-01-13 08:55:48,848] {dag.py:2921} INFO - Setting next_dagrun for tutorial to 2023-01-12T08:55:48.848594+00:00
[2023-01-13 08:55:48,859] {processor.py:171} INFO - Processing /home/airflow/.local/lib/python3.7/site-packages/airflow/example_dags/tutorial.py took 0.066 seconds
[2023-01-13 08:56:19,238] {processor.py:163} INFO - Started process (PID=4277) to work on /home/airflow/.local/lib/python3.7/site-packages/airflow/example_dags/tutorial.py
[2023-01-13 08:56:19,239] {processor.py:620} INFO - Processing file /home/airflow/.local/lib/python3.7/site-packages/airflow/example_dags/tutorial.py for tasks to queue
[2023-01-13 08:56:19,240] {logging_mixin.py:109} INFO - [2023-01-13 08:56:19,240] {dagbag.py:500} INFO - Filling up the DagBag from /home/airflow/.local/lib/python3.7/site-packages/airflow/example_dags/tutorial.py
[2023-01-13 08:56:19,264] {processor.py:632} INFO - DAG(s) dict_keys(['tutorial']) retrieved from /home/airflow/.local/lib/python3.7/site-packages/airflow/example_dags/tutorial.py
[2023-01-13 08:56:19,273] {logging_mixin.py:109} INFO - [2023-01-13 08:56:19,273] {dag.py:2389} INFO - Sync 1 DAGs
[2023-01-13 08:56:19,288] {logging_mixin.py:109} INFO - [2023-01-13 08:56:19,288] {dag.py:2921} INFO - Setting next_dagrun for tutorial to 2023-01-12T08:56:19.288505+00:00
[2023-01-13 08:56:19,299] {processor.py:171} INFO - Processing /home/airflow/.local/lib/python3.7/site-packages/airflow/example_dags/tutorial.py took 0.064 seconds
[2023-01-13 08:56:49,648] {processor.py:163} INFO - Started process (PID=4462) to work on /home/airflow/.local/lib/python3.7/site-packages/airflow/example_dags/tutorial.py
[2023-01-13 08:56:49,649] {processor.py:620} INFO - Processing file /home/airflow/.local/lib/python3.7/site-packages/airflow/example_dags/tutorial.py for tasks to queue
[2023-01-13 08:56:49,650] {logging_mixin.py:109} INFO - [2023-01-13 08:56:49,650] {dagbag.py:500} INFO - Filling up the DagBag from /home/airflow/.local/lib/python3.7/site-packages/airflow/example_dags/tutorial.py
[2023-01-13 08:56:49,674] {processor.py:632} INFO - DAG(s) dict_keys(['tutorial']) retrieved from /home/airflow/.local/lib/python3.7/site-packages/airflow/example_dags/tutorial.py
[2023-01-13 08:56:49,683] {logging_mixin.py:109} INFO - [2023-01-13 08:56:49,683] {dag.py:2389} INFO - Sync 1 DAGs
[2023-01-13 08:56:49,698] {logging_mixin.py:109} INFO - [2023-01-13 08:56:49,698] {dag.py:2921} INFO - Setting next_dagrun for tutorial to 2023-01-12T08:56:49.697722+00:00
[2023-01-13 08:56:49,708] {processor.py:171} INFO - Processing /home/airflow/.local/lib/python3.7/site-packages/airflow/example_dags/tutorial.py took 0.063 seconds
[2023-01-13 08:57:20,027] {processor.py:163} INFO - Started process (PID=4646) to work on /home/airflow/.local/lib/python3.7/site-packages/airflow/example_dags/tutorial.py
[2023-01-13 08:57:20,029] {processor.py:620} INFO - Processing file /home/airflow/.local/lib/python3.7/site-packages/airflow/example_dags/tutorial.py for tasks to queue
[2023-01-13 08:57:20,029] {logging_mixin.py:109} INFO - [2023-01-13 08:57:20,029] {dagbag.py:500} INFO - Filling up the DagBag from /home/airflow/.local/lib/python3.7/site-packages/airflow/example_dags/tutorial.py
[2023-01-13 08:57:20,054] {processor.py:632} INFO - DAG(s) dict_keys(['tutorial']) retrieved from /home/airflow/.local/lib/python3.7/site-packages/airflow/example_dags/tutorial.py
[2023-01-13 08:57:20,063] {logging_mixin.py:109} INFO - [2023-01-13 08:57:20,063] {dag.py:2389} INFO - Sync 1 DAGs
[2023-01-13 08:57:20,077] {logging_mixin.py:109} INFO - [2023-01-13 08:57:20,077] {dag.py:2921} INFO - Setting next_dagrun for tutorial to 2023-01-12T08:57:20.077587+00:00
[2023-01-13 08:57:20,089] {processor.py:171} INFO - Processing /home/airflow/.local/lib/python3.7/site-packages/airflow/example_dags/tutorial.py took 0.065 seconds
[2023-01-13 08:57:50,589] {processor.py:163} INFO - Started process (PID=4839) to work on /home/airflow/.local/lib/python3.7/site-packages/airflow/example_dags/tutorial.py
[2023-01-13 08:57:50,590] {processor.py:620} INFO - Processing file /home/airflow/.local/lib/python3.7/site-packages/airflow/example_dags/tutorial.py for tasks to queue
[2023-01-13 08:57:50,590] {logging_mixin.py:109} INFO - [2023-01-13 08:57:50,590] {dagbag.py:500} INFO - Filling up the DagBag from /home/airflow/.local/lib/python3.7/site-packages/airflow/example_dags/tutorial.py
[2023-01-13 08:57:50,613] {processor.py:632} INFO - DAG(s) dict_keys(['tutorial']) retrieved from /home/airflow/.local/lib/python3.7/site-packages/airflow/example_dags/tutorial.py
[2023-01-13 08:57:50,622] {logging_mixin.py:109} INFO - [2023-01-13 08:57:50,622] {dag.py:2389} INFO - Sync 1 DAGs
[2023-01-13 08:57:50,638] {logging_mixin.py:109} INFO - [2023-01-13 08:57:50,638] {dag.py:2921} INFO - Setting next_dagrun for tutorial to 2023-01-12T08:57:50.637877+00:00
[2023-01-13 08:57:50,648] {processor.py:171} INFO - Processing /home/airflow/.local/lib/python3.7/site-packages/airflow/example_dags/tutorial.py took 0.062 seconds
[2023-01-13 08:58:20,801] {processor.py:163} INFO - Started process (PID=5022) to work on /home/airflow/.local/lib/python3.7/site-packages/airflow/example_dags/tutorial.py
[2023-01-13 08:58:20,802] {processor.py:620} INFO - Processing file /home/airflow/.local/lib/python3.7/site-packages/airflow/example_dags/tutorial.py for tasks to queue
[2023-01-13 08:58:20,802] {logging_mixin.py:109} INFO - [2023-01-13 08:58:20,802] {dagbag.py:500} INFO - Filling up the DagBag from /home/airflow/.local/lib/python3.7/site-packages/airflow/example_dags/tutorial.py
[2023-01-13 08:58:20,828] {processor.py:632} INFO - DAG(s) dict_keys(['tutorial']) retrieved from /home/airflow/.local/lib/python3.7/site-packages/airflow/example_dags/tutorial.py
[2023-01-13 08:58:20,836] {logging_mixin.py:109} INFO - [2023-01-13 08:58:20,836] {dag.py:2389} INFO - Sync 1 DAGs
[2023-01-13 08:58:20,852] {logging_mixin.py:109} INFO - [2023-01-13 08:58:20,852] {dag.py:2921} INFO - Setting next_dagrun for tutorial to 2023-01-12T08:58:20.851760+00:00
[2023-01-13 08:58:20,863] {processor.py:171} INFO - Processing /home/airflow/.local/lib/python3.7/site-packages/airflow/example_dags/tutorial.py took 0.065 seconds
[2023-01-13 08:58:50,986] {processor.py:163} INFO - Started process (PID=5215) to work on /home/airflow/.local/lib/python3.7/site-packages/airflow/example_dags/tutorial.py
[2023-01-13 08:58:51,000] {processor.py:620} INFO - Processing file /home/airflow/.local/lib/python3.7/site-packages/airflow/example_dags/tutorial.py for tasks to queue
[2023-01-13 08:58:51,000] {logging_mixin.py:109} INFO - [2023-01-13 08:58:51,000] {dagbag.py:500} INFO - Filling up the DagBag from /home/airflow/.local/lib/python3.7/site-packages/airflow/example_dags/tutorial.py
[2023-01-13 08:58:51,034] {processor.py:632} INFO - DAG(s) dict_keys(['tutorial']) retrieved from /home/airflow/.local/lib/python3.7/site-packages/airflow/example_dags/tutorial.py
[2023-01-13 08:58:51,047] {logging_mixin.py:109} INFO - [2023-01-13 08:58:51,046] {dag.py:2389} INFO - Sync 1 DAGs
[2023-01-13 08:58:51,061] {logging_mixin.py:109} INFO - [2023-01-13 08:58:51,061] {dag.py:2921} INFO - Setting next_dagrun for tutorial to 2023-01-12T08:58:51.061171+00:00
[2023-01-13 08:58:51,073] {processor.py:171} INFO - Processing /home/airflow/.local/lib/python3.7/site-packages/airflow/example_dags/tutorial.py took 0.093 seconds
[2023-01-13 08:59:21,369] {processor.py:163} INFO - Started process (PID=5399) to work on /home/airflow/.local/lib/python3.7/site-packages/airflow/example_dags/tutorial.py
[2023-01-13 08:59:21,370] {processor.py:620} INFO - Processing file /home/airflow/.local/lib/python3.7/site-packages/airflow/example_dags/tutorial.py for tasks to queue
[2023-01-13 08:59:21,371] {logging_mixin.py:109} INFO - [2023-01-13 08:59:21,370] {dagbag.py:500} INFO - Filling up the DagBag from /home/airflow/.local/lib/python3.7/site-packages/airflow/example_dags/tutorial.py
[2023-01-13 08:59:21,397] {processor.py:632} INFO - DAG(s) dict_keys(['tutorial']) retrieved from /home/airflow/.local/lib/python3.7/site-packages/airflow/example_dags/tutorial.py
[2023-01-13 08:59:21,406] {logging_mixin.py:109} INFO - [2023-01-13 08:59:21,405] {dag.py:2389} INFO - Sync 1 DAGs
[2023-01-13 08:59:21,420] {logging_mixin.py:109} INFO - [2023-01-13 08:59:21,419] {dag.py:2921} INFO - Setting next_dagrun for tutorial to 2023-01-12T08:59:21.419698+00:00
[2023-01-13 08:59:21,432] {processor.py:171} INFO - Processing /home/airflow/.local/lib/python3.7/site-packages/airflow/example_dags/tutorial.py took 0.066 seconds
[2023-01-13 08:59:52,077] {processor.py:163} INFO - Started process (PID=5580) to work on /home/airflow/.local/lib/python3.7/site-packages/airflow/example_dags/tutorial.py
[2023-01-13 08:59:52,078] {processor.py:620} INFO - Processing file /home/airflow/.local/lib/python3.7/site-packages/airflow/example_dags/tutorial.py for tasks to queue
[2023-01-13 08:59:52,078] {logging_mixin.py:109} INFO - [2023-01-13 08:59:52,078] {dagbag.py:500} INFO - Filling up the DagBag from /home/airflow/.local/lib/python3.7/site-packages/airflow/example_dags/tutorial.py
[2023-01-13 08:59:52,104] {processor.py:632} INFO - DAG(s) dict_keys(['tutorial']) retrieved from /home/airflow/.local/lib/python3.7/site-packages/airflow/example_dags/tutorial.py
[2023-01-13 08:59:52,113] {logging_mixin.py:109} INFO - [2023-01-13 08:59:52,113] {dag.py:2389} INFO - Sync 1 DAGs
[2023-01-13 08:59:52,128] {logging_mixin.py:109} INFO - [2023-01-13 08:59:52,128] {dag.py:2921} INFO - Setting next_dagrun for tutorial to 2023-01-12T08:59:52.127969+00:00
[2023-01-13 08:59:52,140] {processor.py:171} INFO - Processing /home/airflow/.local/lib/python3.7/site-packages/airflow/example_dags/tutorial.py took 0.066 seconds
[2023-01-13 09:00:22,551] {processor.py:163} INFO - Started process (PID=5771) to work on /home/airflow/.local/lib/python3.7/site-packages/airflow/example_dags/tutorial.py
[2023-01-13 09:00:22,551] {processor.py:620} INFO - Processing file /home/airflow/.local/lib/python3.7/site-packages/airflow/example_dags/tutorial.py for tasks to queue
[2023-01-13 09:00:22,552] {logging_mixin.py:109} INFO - [2023-01-13 09:00:22,552] {dagbag.py:500} INFO - Filling up the DagBag from /home/airflow/.local/lib/python3.7/site-packages/airflow/example_dags/tutorial.py
[2023-01-13 09:00:22,575] {processor.py:632} INFO - DAG(s) dict_keys(['tutorial']) retrieved from /home/airflow/.local/lib/python3.7/site-packages/airflow/example_dags/tutorial.py
[2023-01-13 09:00:22,584] {logging_mixin.py:109} INFO - [2023-01-13 09:00:22,584] {dag.py:2389} INFO - Sync 1 DAGs
[2023-01-13 09:00:22,599] {logging_mixin.py:109} INFO - [2023-01-13 09:00:22,599] {dag.py:2921} INFO - Setting next_dagrun for tutorial to 2023-01-12T09:00:22.598805+00:00
[2023-01-13 09:00:22,610] {processor.py:171} INFO - Processing /home/airflow/.local/lib/python3.7/site-packages/airflow/example_dags/tutorial.py took 0.063 seconds
[2023-01-13 09:00:53,015] {processor.py:163} INFO - Started process (PID=5954) to work on /home/airflow/.local/lib/python3.7/site-packages/airflow/example_dags/tutorial.py
[2023-01-13 09:00:53,040] {processor.py:620} INFO - Processing file /home/airflow/.local/lib/python3.7/site-packages/airflow/example_dags/tutorial.py for tasks to queue
[2023-01-13 09:00:53,041] {logging_mixin.py:109} INFO - [2023-01-13 09:00:53,041] {dagbag.py:500} INFO - Filling up the DagBag from /home/airflow/.local/lib/python3.7/site-packages/airflow/example_dags/tutorial.py
[2023-01-13 09:00:53,067] {processor.py:632} INFO - DAG(s) dict_keys(['tutorial']) retrieved from /home/airflow/.local/lib/python3.7/site-packages/airflow/example_dags/tutorial.py
[2023-01-13 09:00:53,076] {logging_mixin.py:109} INFO - [2023-01-13 09:00:53,076] {dag.py:2389} INFO - Sync 1 DAGs
[2023-01-13 09:00:53,090] {logging_mixin.py:109} INFO - [2023-01-13 09:00:53,090] {dag.py:2921} INFO - Setting next_dagrun for tutorial to 2023-01-12T09:00:53.090003+00:00
[2023-01-13 09:00:53,101] {processor.py:171} INFO - Processing /home/airflow/.local/lib/python3.7/site-packages/airflow/example_dags/tutorial.py took 0.089 seconds
[2023-01-13 09:01:23,562] {processor.py:163} INFO - Started process (PID=6144) to work on /home/airflow/.local/lib/python3.7/site-packages/airflow/example_dags/tutorial.py
[2023-01-13 09:01:23,563] {processor.py:620} INFO - Processing file /home/airflow/.local/lib/python3.7/site-packages/airflow/example_dags/tutorial.py for tasks to queue
[2023-01-13 09:01:23,564] {logging_mixin.py:109} INFO - [2023-01-13 09:01:23,564] {dagbag.py:500} INFO - Filling up the DagBag from /home/airflow/.local/lib/python3.7/site-packages/airflow/example_dags/tutorial.py
[2023-01-13 09:01:23,588] {processor.py:632} INFO - DAG(s) dict_keys(['tutorial']) retrieved from /home/airflow/.local/lib/python3.7/site-packages/airflow/example_dags/tutorial.py
[2023-01-13 09:01:23,597] {logging_mixin.py:109} INFO - [2023-01-13 09:01:23,597] {dag.py:2389} INFO - Sync 1 DAGs
[2023-01-13 09:01:23,611] {logging_mixin.py:109} INFO - [2023-01-13 09:01:23,611] {dag.py:2921} INFO - Setting next_dagrun for tutorial to 2023-01-12T09:01:23.611127+00:00
[2023-01-13 09:01:23,620] {processor.py:171} INFO - Processing /home/airflow/.local/lib/python3.7/site-packages/airflow/example_dags/tutorial.py took 0.061 seconds
[2023-01-13 09:01:53,913] {processor.py:163} INFO - Started process (PID=6326) to work on /home/airflow/.local/lib/python3.7/site-packages/airflow/example_dags/tutorial.py
[2023-01-13 09:01:53,914] {processor.py:620} INFO - Processing file /home/airflow/.local/lib/python3.7/site-packages/airflow/example_dags/tutorial.py for tasks to queue
[2023-01-13 09:01:53,915] {logging_mixin.py:109} INFO - [2023-01-13 09:01:53,915] {dagbag.py:500} INFO - Filling up the DagBag from /home/airflow/.local/lib/python3.7/site-packages/airflow/example_dags/tutorial.py
[2023-01-13 09:01:53,958] {processor.py:632} INFO - DAG(s) dict_keys(['tutorial']) retrieved from /home/airflow/.local/lib/python3.7/site-packages/airflow/example_dags/tutorial.py
[2023-01-13 09:01:53,966] {logging_mixin.py:109} INFO - [2023-01-13 09:01:53,966] {dag.py:2389} INFO - Sync 1 DAGs
[2023-01-13 09:01:53,981] {logging_mixin.py:109} INFO - [2023-01-13 09:01:53,981] {dag.py:2921} INFO - Setting next_dagrun for tutorial to 2023-01-12T09:01:53.981486+00:00
[2023-01-13 09:01:53,995] {processor.py:171} INFO - Processing /home/airflow/.local/lib/python3.7/site-packages/airflow/example_dags/tutorial.py took 0.085 seconds
[2023-01-13 09:02:24,022] {processor.py:163} INFO - Started process (PID=6508) to work on /home/airflow/.local/lib/python3.7/site-packages/airflow/example_dags/tutorial.py
[2023-01-13 09:02:24,023] {processor.py:620} INFO - Processing file /home/airflow/.local/lib/python3.7/site-packages/airflow/example_dags/tutorial.py for tasks to queue
[2023-01-13 09:02:24,024] {logging_mixin.py:109} INFO - [2023-01-13 09:02:24,024] {dagbag.py:500} INFO - Filling up the DagBag from /home/airflow/.local/lib/python3.7/site-packages/airflow/example_dags/tutorial.py
[2023-01-13 09:02:24,047] {processor.py:632} INFO - DAG(s) dict_keys(['tutorial']) retrieved from /home/airflow/.local/lib/python3.7/site-packages/airflow/example_dags/tutorial.py
[2023-01-13 09:02:24,055] {logging_mixin.py:109} INFO - [2023-01-13 09:02:24,055] {dag.py:2389} INFO - Sync 1 DAGs
[2023-01-13 09:02:24,069] {logging_mixin.py:109} INFO - [2023-01-13 09:02:24,069] {dag.py:2921} INFO - Setting next_dagrun for tutorial to 2023-01-12T09:02:24.069439+00:00
[2023-01-13 09:02:24,081] {processor.py:171} INFO - Processing /home/airflow/.local/lib/python3.7/site-packages/airflow/example_dags/tutorial.py took 0.062 seconds
[2023-01-13 09:02:54,263] {processor.py:163} INFO - Started process (PID=6702) to work on /home/airflow/.local/lib/python3.7/site-packages/airflow/example_dags/tutorial.py
[2023-01-13 09:02:54,264] {processor.py:620} INFO - Processing file /home/airflow/.local/lib/python3.7/site-packages/airflow/example_dags/tutorial.py for tasks to queue
[2023-01-13 09:02:54,264] {logging_mixin.py:109} INFO - [2023-01-13 09:02:54,264] {dagbag.py:500} INFO - Filling up the DagBag from /home/airflow/.local/lib/python3.7/site-packages/airflow/example_dags/tutorial.py
[2023-01-13 09:02:54,288] {processor.py:632} INFO - DAG(s) dict_keys(['tutorial']) retrieved from /home/airflow/.local/lib/python3.7/site-packages/airflow/example_dags/tutorial.py
[2023-01-13 09:02:54,297] {logging_mixin.py:109} INFO - [2023-01-13 09:02:54,297] {dag.py:2389} INFO - Sync 1 DAGs
[2023-01-13 09:02:54,313] {logging_mixin.py:109} INFO - [2023-01-13 09:02:54,313] {dag.py:2921} INFO - Setting next_dagrun for tutorial to 2023-01-12T09:02:54.313181+00:00
[2023-01-13 09:02:54,324] {processor.py:171} INFO - Processing /home/airflow/.local/lib/python3.7/site-packages/airflow/example_dags/tutorial.py took 0.064 seconds
[2023-01-13 09:03:24,475] {processor.py:163} INFO - Started process (PID=6885) to work on /home/airflow/.local/lib/python3.7/site-packages/airflow/example_dags/tutorial.py
[2023-01-13 09:03:24,486] {processor.py:620} INFO - Processing file /home/airflow/.local/lib/python3.7/site-packages/airflow/example_dags/tutorial.py for tasks to queue
[2023-01-13 09:03:24,486] {logging_mixin.py:109} INFO - [2023-01-13 09:03:24,486] {dagbag.py:500} INFO - Filling up the DagBag from /home/airflow/.local/lib/python3.7/site-packages/airflow/example_dags/tutorial.py
[2023-01-13 09:03:24,510] {processor.py:632} INFO - DAG(s) dict_keys(['tutorial']) retrieved from /home/airflow/.local/lib/python3.7/site-packages/airflow/example_dags/tutorial.py
[2023-01-13 09:03:24,519] {logging_mixin.py:109} INFO - [2023-01-13 09:03:24,519] {dag.py:2389} INFO - Sync 1 DAGs
[2023-01-13 09:03:24,534] {logging_mixin.py:109} INFO - [2023-01-13 09:03:24,534] {dag.py:2921} INFO - Setting next_dagrun for tutorial to 2023-01-12T09:03:24.533739+00:00
[2023-01-13 09:03:24,545] {processor.py:171} INFO - Processing /home/airflow/.local/lib/python3.7/site-packages/airflow/example_dags/tutorial.py took 0.073 seconds
[2023-01-13 09:03:54,653] {processor.py:163} INFO - Started process (PID=7079) to work on /home/airflow/.local/lib/python3.7/site-packages/airflow/example_dags/tutorial.py
[2023-01-13 09:03:54,671] {processor.py:620} INFO - Processing file /home/airflow/.local/lib/python3.7/site-packages/airflow/example_dags/tutorial.py for tasks to queue
[2023-01-13 09:03:54,671] {logging_mixin.py:109} INFO - [2023-01-13 09:03:54,671] {dagbag.py:500} INFO - Filling up the DagBag from /home/airflow/.local/lib/python3.7/site-packages/airflow/example_dags/tutorial.py
[2023-01-13 09:03:54,695] {processor.py:632} INFO - DAG(s) dict_keys(['tutorial']) retrieved from /home/airflow/.local/lib/python3.7/site-packages/airflow/example_dags/tutorial.py
[2023-01-13 09:03:54,704] {logging_mixin.py:109} INFO - [2023-01-13 09:03:54,704] {dag.py:2389} INFO - Sync 1 DAGs
[2023-01-13 09:03:54,717] {logging_mixin.py:109} INFO - [2023-01-13 09:03:54,717] {dag.py:2921} INFO - Setting next_dagrun for tutorial to 2023-01-12T09:03:54.717573+00:00
[2023-01-13 09:03:54,727] {processor.py:171} INFO - Processing /home/airflow/.local/lib/python3.7/site-packages/airflow/example_dags/tutorial.py took 0.077 seconds
[2023-01-13 09:04:24,956] {processor.py:163} INFO - Started process (PID=7262) to work on /home/airflow/.local/lib/python3.7/site-packages/airflow/example_dags/tutorial.py
[2023-01-13 09:04:24,957] {processor.py:620} INFO - Processing file /home/airflow/.local/lib/python3.7/site-packages/airflow/example_dags/tutorial.py for tasks to queue
[2023-01-13 09:04:24,958] {logging_mixin.py:109} INFO - [2023-01-13 09:04:24,958] {dagbag.py:500} INFO - Filling up the DagBag from /home/airflow/.local/lib/python3.7/site-packages/airflow/example_dags/tutorial.py
[2023-01-13 09:04:24,982] {processor.py:632} INFO - DAG(s) dict_keys(['tutorial']) retrieved from /home/airflow/.local/lib/python3.7/site-packages/airflow/example_dags/tutorial.py
[2023-01-13 09:04:24,990] {logging_mixin.py:109} INFO - [2023-01-13 09:04:24,990] {dag.py:2389} INFO - Sync 1 DAGs
[2023-01-13 09:04:25,004] {logging_mixin.py:109} INFO - [2023-01-13 09:04:25,004] {dag.py:2921} INFO - Setting next_dagrun for tutorial to 2023-01-12T09:04:25.004179+00:00
[2023-01-13 09:04:25,015] {processor.py:171} INFO - Processing /home/airflow/.local/lib/python3.7/site-packages/airflow/example_dags/tutorial.py took 0.061 seconds
[2023-01-13 09:04:55,202] {processor.py:163} INFO - Started process (PID=7453) to work on /home/airflow/.local/lib/python3.7/site-packages/airflow/example_dags/tutorial.py
[2023-01-13 09:04:55,203] {processor.py:620} INFO - Processing file /home/airflow/.local/lib/python3.7/site-packages/airflow/example_dags/tutorial.py for tasks to queue
[2023-01-13 09:04:55,204] {logging_mixin.py:109} INFO - [2023-01-13 09:04:55,204] {dagbag.py:500} INFO - Filling up the DagBag from /home/airflow/.local/lib/python3.7/site-packages/airflow/example_dags/tutorial.py
[2023-01-13 09:04:55,227] {processor.py:632} INFO - DAG(s) dict_keys(['tutorial']) retrieved from /home/airflow/.local/lib/python3.7/site-packages/airflow/example_dags/tutorial.py
[2023-01-13 09:04:55,236] {logging_mixin.py:109} INFO - [2023-01-13 09:04:55,236] {dag.py:2389} INFO - Sync 1 DAGs
[2023-01-13 09:04:55,250] {logging_mixin.py:109} INFO - [2023-01-13 09:04:55,250] {dag.py:2921} INFO - Setting next_dagrun for tutorial to 2023-01-12T09:04:55.250464+00:00
[2023-01-13 09:04:55,263] {processor.py:171} INFO - Processing /home/airflow/.local/lib/python3.7/site-packages/airflow/example_dags/tutorial.py took 0.063 seconds
[2023-01-13 09:05:25,640] {processor.py:163} INFO - Started process (PID=7638) to work on /home/airflow/.local/lib/python3.7/site-packages/airflow/example_dags/tutorial.py
[2023-01-13 09:05:25,641] {processor.py:620} INFO - Processing file /home/airflow/.local/lib/python3.7/site-packages/airflow/example_dags/tutorial.py for tasks to queue
[2023-01-13 09:05:25,642] {logging_mixin.py:109} INFO - [2023-01-13 09:05:25,641] {dagbag.py:500} INFO - Filling up the DagBag from /home/airflow/.local/lib/python3.7/site-packages/airflow/example_dags/tutorial.py
[2023-01-13 09:05:25,666] {processor.py:632} INFO - DAG(s) dict_keys(['tutorial']) retrieved from /home/airflow/.local/lib/python3.7/site-packages/airflow/example_dags/tutorial.py
[2023-01-13 09:05:25,675] {logging_mixin.py:109} INFO - [2023-01-13 09:05:25,675] {dag.py:2389} INFO - Sync 1 DAGs
[2023-01-13 09:05:25,690] {logging_mixin.py:109} INFO - [2023-01-13 09:05:25,690] {dag.py:2921} INFO - Setting next_dagrun for tutorial to 2023-01-12T09:05:25.689802+00:00
[2023-01-13 09:05:25,700] {processor.py:171} INFO - Processing /home/airflow/.local/lib/python3.7/site-packages/airflow/example_dags/tutorial.py took 0.063 seconds
[2023-01-13 09:05:55,984] {processor.py:163} INFO - Started process (PID=7821) to work on /home/airflow/.local/lib/python3.7/site-packages/airflow/example_dags/tutorial.py
[2023-01-13 09:05:55,985] {processor.py:620} INFO - Processing file /home/airflow/.local/lib/python3.7/site-packages/airflow/example_dags/tutorial.py for tasks to queue
[2023-01-13 09:05:55,986] {logging_mixin.py:109} INFO - [2023-01-13 09:05:55,986] {dagbag.py:500} INFO - Filling up the DagBag from /home/airflow/.local/lib/python3.7/site-packages/airflow/example_dags/tutorial.py
[2023-01-13 09:05:56,009] {processor.py:632} INFO - DAG(s) dict_keys(['tutorial']) retrieved from /home/airflow/.local/lib/python3.7/site-packages/airflow/example_dags/tutorial.py
[2023-01-13 09:05:56,017] {logging_mixin.py:109} INFO - [2023-01-13 09:05:56,017] {dag.py:2389} INFO - Sync 1 DAGs
[2023-01-13 09:05:56,033] {logging_mixin.py:109} INFO - [2023-01-13 09:05:56,033] {dag.py:2921} INFO - Setting next_dagrun for tutorial to 2023-01-12T09:05:56.032791+00:00
[2023-01-13 09:05:56,045] {processor.py:171} INFO - Processing /home/airflow/.local/lib/python3.7/site-packages/airflow/example_dags/tutorial.py took 0.064 seconds
[2023-01-13 09:06:26,258] {processor.py:163} INFO - Started process (PID=8014) to work on /home/airflow/.local/lib/python3.7/site-packages/airflow/example_dags/tutorial.py
[2023-01-13 09:06:26,277] {processor.py:620} INFO - Processing file /home/airflow/.local/lib/python3.7/site-packages/airflow/example_dags/tutorial.py for tasks to queue
[2023-01-13 09:06:26,277] {logging_mixin.py:109} INFO - [2023-01-13 09:06:26,277] {dagbag.py:500} INFO - Filling up the DagBag from /home/airflow/.local/lib/python3.7/site-packages/airflow/example_dags/tutorial.py
[2023-01-13 09:06:26,301] {processor.py:632} INFO - DAG(s) dict_keys(['tutorial']) retrieved from /home/airflow/.local/lib/python3.7/site-packages/airflow/example_dags/tutorial.py
[2023-01-13 09:06:26,310] {logging_mixin.py:109} INFO - [2023-01-13 09:06:26,310] {dag.py:2389} INFO - Sync 1 DAGs
[2023-01-13 09:06:26,324] {logging_mixin.py:109} INFO - [2023-01-13 09:06:26,323] {dag.py:2921} INFO - Setting next_dagrun for tutorial to 2023-01-12T09:06:26.323718+00:00
[2023-01-13 09:06:26,334] {processor.py:171} INFO - Processing /home/airflow/.local/lib/python3.7/site-packages/airflow/example_dags/tutorial.py took 0.079 seconds
[2023-01-13 09:06:56,841] {processor.py:163} INFO - Started process (PID=8198) to work on /home/airflow/.local/lib/python3.7/site-packages/airflow/example_dags/tutorial.py
[2023-01-13 09:06:56,842] {processor.py:620} INFO - Processing file /home/airflow/.local/lib/python3.7/site-packages/airflow/example_dags/tutorial.py for tasks to queue
[2023-01-13 09:06:56,842] {logging_mixin.py:109} INFO - [2023-01-13 09:06:56,842] {dagbag.py:500} INFO - Filling up the DagBag from /home/airflow/.local/lib/python3.7/site-packages/airflow/example_dags/tutorial.py
[2023-01-13 09:06:56,865] {processor.py:632} INFO - DAG(s) dict_keys(['tutorial']) retrieved from /home/airflow/.local/lib/python3.7/site-packages/airflow/example_dags/tutorial.py
[2023-01-13 09:06:56,874] {logging_mixin.py:109} INFO - [2023-01-13 09:06:56,874] {dag.py:2389} INFO - Sync 1 DAGs
[2023-01-13 09:06:56,889] {logging_mixin.py:109} INFO - [2023-01-13 09:06:56,889] {dag.py:2921} INFO - Setting next_dagrun for tutorial to 2023-01-12T09:06:56.889046+00:00
[2023-01-13 09:06:56,900] {processor.py:171} INFO - Processing /home/airflow/.local/lib/python3.7/site-packages/airflow/example_dags/tutorial.py took 0.062 seconds
[2023-01-13 09:07:27,134] {processor.py:163} INFO - Started process (PID=8390) to work on /home/airflow/.local/lib/python3.7/site-packages/airflow/example_dags/tutorial.py
[2023-01-13 09:07:27,144] {processor.py:620} INFO - Processing file /home/airflow/.local/lib/python3.7/site-packages/airflow/example_dags/tutorial.py for tasks to queue
[2023-01-13 09:07:27,145] {logging_mixin.py:109} INFO - [2023-01-13 09:07:27,144] {dagbag.py:500} INFO - Filling up the DagBag from /home/airflow/.local/lib/python3.7/site-packages/airflow/example_dags/tutorial.py
[2023-01-13 09:07:27,168] {processor.py:632} INFO - DAG(s) dict_keys(['tutorial']) retrieved from /home/airflow/.local/lib/python3.7/site-packages/airflow/example_dags/tutorial.py
[2023-01-13 09:07:27,177] {logging_mixin.py:109} INFO - [2023-01-13 09:07:27,176] {dag.py:2389} INFO - Sync 1 DAGs
[2023-01-13 09:07:27,191] {logging_mixin.py:109} INFO - [2023-01-13 09:07:27,191] {dag.py:2921} INFO - Setting next_dagrun for tutorial to 2023-01-12T09:07:27.191117+00:00
[2023-01-13 09:07:27,202] {processor.py:171} INFO - Processing /home/airflow/.local/lib/python3.7/site-packages/airflow/example_dags/tutorial.py took 0.075 seconds
[2023-01-13 09:07:57,440] {processor.py:163} INFO - Started process (PID=8573) to work on /home/airflow/.local/lib/python3.7/site-packages/airflow/example_dags/tutorial.py
[2023-01-13 09:07:57,441] {processor.py:620} INFO - Processing file /home/airflow/.local/lib/python3.7/site-packages/airflow/example_dags/tutorial.py for tasks to queue
[2023-01-13 09:07:57,442] {logging_mixin.py:109} INFO - [2023-01-13 09:07:57,441] {dagbag.py:500} INFO - Filling up the DagBag from /home/airflow/.local/lib/python3.7/site-packages/airflow/example_dags/tutorial.py
[2023-01-13 09:07:57,466] {processor.py:632} INFO - DAG(s) dict_keys(['tutorial']) retrieved from /home/airflow/.local/lib/python3.7/site-packages/airflow/example_dags/tutorial.py
[2023-01-13 09:07:57,474] {logging_mixin.py:109} INFO - [2023-01-13 09:07:57,474] {dag.py:2389} INFO - Sync 1 DAGs
[2023-01-13 09:07:57,511] {logging_mixin.py:109} INFO - [2023-01-13 09:07:57,511] {dag.py:2921} INFO - Setting next_dagrun for tutorial to 2023-01-12T09:07:57.510914+00:00
[2023-01-13 09:07:57,520] {processor.py:171} INFO - Processing /home/airflow/.local/lib/python3.7/site-packages/airflow/example_dags/tutorial.py took 0.083 seconds
[2023-01-13 09:08:27,762] {processor.py:163} INFO - Started process (PID=8754) to work on /home/airflow/.local/lib/python3.7/site-packages/airflow/example_dags/tutorial.py
[2023-01-13 09:08:27,778] {processor.py:620} INFO - Processing file /home/airflow/.local/lib/python3.7/site-packages/airflow/example_dags/tutorial.py for tasks to queue
[2023-01-13 09:08:27,779] {logging_mixin.py:109} INFO - [2023-01-13 09:08:27,779] {dagbag.py:500} INFO - Filling up the DagBag from /home/airflow/.local/lib/python3.7/site-packages/airflow/example_dags/tutorial.py
[2023-01-13 09:08:27,802] {processor.py:632} INFO - DAG(s) dict_keys(['tutorial']) retrieved from /home/airflow/.local/lib/python3.7/site-packages/airflow/example_dags/tutorial.py
[2023-01-13 09:08:27,811] {logging_mixin.py:109} INFO - [2023-01-13 09:08:27,811] {dag.py:2389} INFO - Sync 1 DAGs
[2023-01-13 09:08:27,825] {logging_mixin.py:109} INFO - [2023-01-13 09:08:27,825] {dag.py:2921} INFO - Setting next_dagrun for tutorial to 2023-01-12T09:08:27.825228+00:00
[2023-01-13 09:08:27,835] {processor.py:171} INFO - Processing /home/airflow/.local/lib/python3.7/site-packages/airflow/example_dags/tutorial.py took 0.075 seconds
[2023-01-13 09:08:58,298] {processor.py:163} INFO - Started process (PID=8947) to work on /home/airflow/.local/lib/python3.7/site-packages/airflow/example_dags/tutorial.py
[2023-01-13 09:08:58,299] {processor.py:620} INFO - Processing file /home/airflow/.local/lib/python3.7/site-packages/airflow/example_dags/tutorial.py for tasks to queue
[2023-01-13 09:08:58,300] {logging_mixin.py:109} INFO - [2023-01-13 09:08:58,300] {dagbag.py:500} INFO - Filling up the DagBag from /home/airflow/.local/lib/python3.7/site-packages/airflow/example_dags/tutorial.py
[2023-01-13 09:08:58,324] {processor.py:632} INFO - DAG(s) dict_keys(['tutorial']) retrieved from /home/airflow/.local/lib/python3.7/site-packages/airflow/example_dags/tutorial.py
[2023-01-13 09:08:58,334] {logging_mixin.py:109} INFO - [2023-01-13 09:08:58,333] {dag.py:2389} INFO - Sync 1 DAGs
[2023-01-13 09:08:58,348] {logging_mixin.py:109} INFO - [2023-01-13 09:08:58,348] {dag.py:2921} INFO - Setting next_dagrun for tutorial to 2023-01-12T09:08:58.347995+00:00
[2023-01-13 09:08:58,360] {processor.py:171} INFO - Processing /home/airflow/.local/lib/python3.7/site-packages/airflow/example_dags/tutorial.py took 0.064 seconds
[2023-01-13 09:09:28,571] {processor.py:163} INFO - Started process (PID=9130) to work on /home/airflow/.local/lib/python3.7/site-packages/airflow/example_dags/tutorial.py
[2023-01-13 09:09:28,572] {processor.py:620} INFO - Processing file /home/airflow/.local/lib/python3.7/site-packages/airflow/example_dags/tutorial.py for tasks to queue
[2023-01-13 09:09:28,573] {logging_mixin.py:109} INFO - [2023-01-13 09:09:28,573] {dagbag.py:500} INFO - Filling up the DagBag from /home/airflow/.local/lib/python3.7/site-packages/airflow/example_dags/tutorial.py
[2023-01-13 09:09:28,598] {processor.py:632} INFO - DAG(s) dict_keys(['tutorial']) retrieved from /home/airflow/.local/lib/python3.7/site-packages/airflow/example_dags/tutorial.py
[2023-01-13 09:09:28,607] {logging_mixin.py:109} INFO - [2023-01-13 09:09:28,607] {dag.py:2389} INFO - Sync 1 DAGs
[2023-01-13 09:09:28,622] {logging_mixin.py:109} INFO - [2023-01-13 09:09:28,621] {dag.py:2921} INFO - Setting next_dagrun for tutorial to 2023-01-12T09:09:28.621637+00:00
[2023-01-13 09:09:28,631] {processor.py:171} INFO - Processing /home/airflow/.local/lib/python3.7/site-packages/airflow/example_dags/tutorial.py took 0.062 seconds
[2023-01-13 09:09:58,951] {processor.py:163} INFO - Started process (PID=9321) to work on /home/airflow/.local/lib/python3.7/site-packages/airflow/example_dags/tutorial.py
[2023-01-13 09:09:58,974] {processor.py:620} INFO - Processing file /home/airflow/.local/lib/python3.7/site-packages/airflow/example_dags/tutorial.py for tasks to queue
[2023-01-13 09:09:58,975] {logging_mixin.py:109} INFO - [2023-01-13 09:09:58,975] {dagbag.py:500} INFO - Filling up the DagBag from /home/airflow/.local/lib/python3.7/site-packages/airflow/example_dags/tutorial.py
[2023-01-13 09:09:59,001] {processor.py:632} INFO - DAG(s) dict_keys(['tutorial']) retrieved from /home/airflow/.local/lib/python3.7/site-packages/airflow/example_dags/tutorial.py
[2023-01-13 09:09:59,009] {logging_mixin.py:109} INFO - [2023-01-13 09:09:59,009] {dag.py:2389} INFO - Sync 1 DAGs
[2023-01-13 09:09:59,024] {logging_mixin.py:109} INFO - [2023-01-13 09:09:59,023] {dag.py:2921} INFO - Setting next_dagrun for tutorial to 2023-01-12T09:09:59.023679+00:00
[2023-01-13 09:09:59,033] {processor.py:171} INFO - Processing /home/airflow/.local/lib/python3.7/site-packages/airflow/example_dags/tutorial.py took 0.085 seconds
[2023-01-13 09:10:29,518] {processor.py:163} INFO - Started process (PID=9504) to work on /home/airflow/.local/lib/python3.7/site-packages/airflow/example_dags/tutorial.py
[2023-01-13 09:10:29,519] {processor.py:620} INFO - Processing file /home/airflow/.local/lib/python3.7/site-packages/airflow/example_dags/tutorial.py for tasks to queue
[2023-01-13 09:10:29,519] {logging_mixin.py:109} INFO - [2023-01-13 09:10:29,519] {dagbag.py:500} INFO - Filling up the DagBag from /home/airflow/.local/lib/python3.7/site-packages/airflow/example_dags/tutorial.py
[2023-01-13 09:10:29,543] {processor.py:632} INFO - DAG(s) dict_keys(['tutorial']) retrieved from /home/airflow/.local/lib/python3.7/site-packages/airflow/example_dags/tutorial.py
[2023-01-13 09:10:29,552] {logging_mixin.py:109} INFO - [2023-01-13 09:10:29,551] {dag.py:2389} INFO - Sync 1 DAGs
[2023-01-13 09:10:29,566] {logging_mixin.py:109} INFO - [2023-01-13 09:10:29,566] {dag.py:2921} INFO - Setting next_dagrun for tutorial to 2023-01-12T09:10:29.566229+00:00
[2023-01-13 09:10:29,576] {processor.py:171} INFO - Processing /home/airflow/.local/lib/python3.7/site-packages/airflow/example_dags/tutorial.py took 0.061 seconds
[2023-01-13 09:10:59,811] {processor.py:163} INFO - Started process (PID=9697) to work on /home/airflow/.local/lib/python3.7/site-packages/airflow/example_dags/tutorial.py
[2023-01-13 09:10:59,812] {processor.py:620} INFO - Processing file /home/airflow/.local/lib/python3.7/site-packages/airflow/example_dags/tutorial.py for tasks to queue
[2023-01-13 09:10:59,812] {logging_mixin.py:109} INFO - [2023-01-13 09:10:59,812] {dagbag.py:500} INFO - Filling up the DagBag from /home/airflow/.local/lib/python3.7/site-packages/airflow/example_dags/tutorial.py
[2023-01-13 09:10:59,837] {processor.py:632} INFO - DAG(s) dict_keys(['tutorial']) retrieved from /home/airflow/.local/lib/python3.7/site-packages/airflow/example_dags/tutorial.py
[2023-01-13 09:10:59,845] {logging_mixin.py:109} INFO - [2023-01-13 09:10:59,845] {dag.py:2389} INFO - Sync 1 DAGs
[2023-01-13 09:10:59,866] {logging_mixin.py:109} INFO - [2023-01-13 09:10:59,865] {dag.py:2921} INFO - Setting next_dagrun for tutorial to 2023-01-12T09:10:59.865474+00:00
[2023-01-13 09:10:59,875] {processor.py:171} INFO - Processing /home/airflow/.local/lib/python3.7/site-packages/airflow/example_dags/tutorial.py took 0.067 seconds
[2023-01-13 09:11:30,043] {processor.py:163} INFO - Started process (PID=9881) to work on /home/airflow/.local/lib/python3.7/site-packages/airflow/example_dags/tutorial.py
[2023-01-13 09:11:30,044] {processor.py:620} INFO - Processing file /home/airflow/.local/lib/python3.7/site-packages/airflow/example_dags/tutorial.py for tasks to queue
[2023-01-13 09:11:30,044] {logging_mixin.py:109} INFO - [2023-01-13 09:11:30,044] {dagbag.py:500} INFO - Filling up the DagBag from /home/airflow/.local/lib/python3.7/site-packages/airflow/example_dags/tutorial.py
[2023-01-13 09:11:30,070] {processor.py:632} INFO - DAG(s) dict_keys(['tutorial']) retrieved from /home/airflow/.local/lib/python3.7/site-packages/airflow/example_dags/tutorial.py
[2023-01-13 09:11:30,079] {logging_mixin.py:109} INFO - [2023-01-13 09:11:30,079] {dag.py:2389} INFO - Sync 1 DAGs
[2023-01-13 09:11:30,094] {logging_mixin.py:109} INFO - [2023-01-13 09:11:30,094] {dag.py:2921} INFO - Setting next_dagrun for tutorial to 2023-01-12T09:11:30.093770+00:00
[2023-01-13 09:11:30,106] {processor.py:171} INFO - Processing /home/airflow/.local/lib/python3.7/site-packages/airflow/example_dags/tutorial.py took 0.066 seconds
[2023-01-13 09:12:00,474] {processor.py:163} INFO - Started process (PID=10063) to work on /home/airflow/.local/lib/python3.7/site-packages/airflow/example_dags/tutorial.py
[2023-01-13 09:12:00,475] {processor.py:620} INFO - Processing file /home/airflow/.local/lib/python3.7/site-packages/airflow/example_dags/tutorial.py for tasks to queue
[2023-01-13 09:12:00,476] {logging_mixin.py:109} INFO - [2023-01-13 09:12:00,476] {dagbag.py:500} INFO - Filling up the DagBag from /home/airflow/.local/lib/python3.7/site-packages/airflow/example_dags/tutorial.py
[2023-01-13 09:12:00,499] {processor.py:632} INFO - DAG(s) dict_keys(['tutorial']) retrieved from /home/airflow/.local/lib/python3.7/site-packages/airflow/example_dags/tutorial.py
[2023-01-13 09:12:00,508] {logging_mixin.py:109} INFO - [2023-01-13 09:12:00,508] {dag.py:2389} INFO - Sync 1 DAGs
[2023-01-13 09:12:00,523] {logging_mixin.py:109} INFO - [2023-01-13 09:12:00,523] {dag.py:2921} INFO - Setting next_dagrun for tutorial to 2023-01-12T09:12:00.522765+00:00
[2023-01-13 09:12:00,532] {processor.py:171} INFO - Processing /home/airflow/.local/lib/python3.7/site-packages/airflow/example_dags/tutorial.py took 0.061 seconds
[2023-01-13 09:12:30,859] {processor.py:163} INFO - Started process (PID=10255) to work on /home/airflow/.local/lib/python3.7/site-packages/airflow/example_dags/tutorial.py
[2023-01-13 09:12:30,860] {processor.py:620} INFO - Processing file /home/airflow/.local/lib/python3.7/site-packages/airflow/example_dags/tutorial.py for tasks to queue
[2023-01-13 09:12:30,860] {logging_mixin.py:109} INFO - [2023-01-13 09:12:30,860] {dagbag.py:500} INFO - Filling up the DagBag from /home/airflow/.local/lib/python3.7/site-packages/airflow/example_dags/tutorial.py
[2023-01-13 09:12:30,884] {processor.py:632} INFO - DAG(s) dict_keys(['tutorial']) retrieved from /home/airflow/.local/lib/python3.7/site-packages/airflow/example_dags/tutorial.py
[2023-01-13 09:12:30,893] {logging_mixin.py:109} INFO - [2023-01-13 09:12:30,893] {dag.py:2389} INFO - Sync 1 DAGs
[2023-01-13 09:12:30,908] {logging_mixin.py:109} INFO - [2023-01-13 09:12:30,908] {dag.py:2921} INFO - Setting next_dagrun for tutorial to 2023-01-12T09:12:30.908145+00:00
[2023-01-13 09:12:30,918] {processor.py:171} INFO - Processing /home/airflow/.local/lib/python3.7/site-packages/airflow/example_dags/tutorial.py took 0.061 seconds
[2023-01-13 09:13:01,292] {processor.py:163} INFO - Started process (PID=10438) to work on /home/airflow/.local/lib/python3.7/site-packages/airflow/example_dags/tutorial.py
[2023-01-13 09:13:01,293] {processor.py:620} INFO - Processing file /home/airflow/.local/lib/python3.7/site-packages/airflow/example_dags/tutorial.py for tasks to queue
[2023-01-13 09:13:01,294] {logging_mixin.py:109} INFO - [2023-01-13 09:13:01,294] {dagbag.py:500} INFO - Filling up the DagBag from /home/airflow/.local/lib/python3.7/site-packages/airflow/example_dags/tutorial.py
[2023-01-13 09:13:01,318] {processor.py:632} INFO - DAG(s) dict_keys(['tutorial']) retrieved from /home/airflow/.local/lib/python3.7/site-packages/airflow/example_dags/tutorial.py
[2023-01-13 09:13:01,327] {logging_mixin.py:109} INFO - [2023-01-13 09:13:01,327] {dag.py:2389} INFO - Sync 1 DAGs
[2023-01-13 09:13:01,342] {logging_mixin.py:109} INFO - [2023-01-13 09:13:01,341] {dag.py:2921} INFO - Setting next_dagrun for tutorial to 2023-01-12T09:13:01.341658+00:00
[2023-01-13 09:13:01,353] {processor.py:171} INFO - Processing /home/airflow/.local/lib/python3.7/site-packages/airflow/example_dags/tutorial.py took 0.064 seconds
[2023-01-13 09:13:31,891] {processor.py:163} INFO - Started process (PID=10631) to work on /home/airflow/.local/lib/python3.7/site-packages/airflow/example_dags/tutorial.py
[2023-01-13 09:13:31,892] {processor.py:620} INFO - Processing file /home/airflow/.local/lib/python3.7/site-packages/airflow/example_dags/tutorial.py for tasks to queue
[2023-01-13 09:13:31,892] {logging_mixin.py:109} INFO - [2023-01-13 09:13:31,892] {dagbag.py:500} INFO - Filling up the DagBag from /home/airflow/.local/lib/python3.7/site-packages/airflow/example_dags/tutorial.py
[2023-01-13 09:13:31,917] {processor.py:632} INFO - DAG(s) dict_keys(['tutorial']) retrieved from /home/airflow/.local/lib/python3.7/site-packages/airflow/example_dags/tutorial.py
[2023-01-13 09:13:31,926] {logging_mixin.py:109} INFO - [2023-01-13 09:13:31,926] {dag.py:2389} INFO - Sync 1 DAGs
[2023-01-13 09:13:31,940] {logging_mixin.py:109} INFO - [2023-01-13 09:13:31,940] {dag.py:2921} INFO - Setting next_dagrun for tutorial to 2023-01-12T09:13:31.939768+00:00
[2023-01-13 09:13:31,951] {processor.py:171} INFO - Processing /home/airflow/.local/lib/python3.7/site-packages/airflow/example_dags/tutorial.py took 0.064 seconds
[2023-01-13 09:14:02,264] {processor.py:163} INFO - Started process (PID=10814) to work on /home/airflow/.local/lib/python3.7/site-packages/airflow/example_dags/tutorial.py
[2023-01-13 09:14:02,328] {processor.py:620} INFO - Processing file /home/airflow/.local/lib/python3.7/site-packages/airflow/example_dags/tutorial.py for tasks to queue
[2023-01-13 09:14:02,328] {logging_mixin.py:109} INFO - [2023-01-13 09:14:02,328] {dagbag.py:500} INFO - Filling up the DagBag from /home/airflow/.local/lib/python3.7/site-packages/airflow/example_dags/tutorial.py
[2023-01-13 09:14:02,352] {processor.py:632} INFO - DAG(s) dict_keys(['tutorial']) retrieved from /home/airflow/.local/lib/python3.7/site-packages/airflow/example_dags/tutorial.py
[2023-01-13 09:14:02,361] {logging_mixin.py:109} INFO - [2023-01-13 09:14:02,361] {dag.py:2389} INFO - Sync 1 DAGs
[2023-01-13 09:14:02,375] {logging_mixin.py:109} INFO - [2023-01-13 09:14:02,375] {dag.py:2921} INFO - Setting next_dagrun for tutorial to 2023-01-12T09:14:02.375589+00:00
[2023-01-13 09:14:02,386] {processor.py:171} INFO - Processing /home/airflow/.local/lib/python3.7/site-packages/airflow/example_dags/tutorial.py took 0.125 seconds
[2023-01-13 09:14:32,758] {processor.py:163} INFO - Started process (PID=11006) to work on /home/airflow/.local/lib/python3.7/site-packages/airflow/example_dags/tutorial.py
[2023-01-13 09:14:32,759] {processor.py:620} INFO - Processing file /home/airflow/.local/lib/python3.7/site-packages/airflow/example_dags/tutorial.py for tasks to queue
[2023-01-13 09:14:32,759] {logging_mixin.py:109} INFO - [2023-01-13 09:14:32,759] {dagbag.py:500} INFO - Filling up the DagBag from /home/airflow/.local/lib/python3.7/site-packages/airflow/example_dags/tutorial.py
[2023-01-13 09:14:32,783] {processor.py:632} INFO - DAG(s) dict_keys(['tutorial']) retrieved from /home/airflow/.local/lib/python3.7/site-packages/airflow/example_dags/tutorial.py
[2023-01-13 09:14:32,791] {logging_mixin.py:109} INFO - [2023-01-13 09:14:32,791] {dag.py:2389} INFO - Sync 1 DAGs
[2023-01-13 09:14:32,806] {logging_mixin.py:109} INFO - [2023-01-13 09:14:32,806] {dag.py:2921} INFO - Setting next_dagrun for tutorial to 2023-01-12T09:14:32.806334+00:00
[2023-01-13 09:14:32,816] {processor.py:171} INFO - Processing /home/airflow/.local/lib/python3.7/site-packages/airflow/example_dags/tutorial.py took 0.061 seconds
[2023-01-13 09:15:03,310] {processor.py:163} INFO - Started process (PID=11189) to work on /home/airflow/.local/lib/python3.7/site-packages/airflow/example_dags/tutorial.py
[2023-01-13 09:15:03,311] {processor.py:620} INFO - Processing file /home/airflow/.local/lib/python3.7/site-packages/airflow/example_dags/tutorial.py for tasks to queue
[2023-01-13 09:15:03,311] {logging_mixin.py:109} INFO - [2023-01-13 09:15:03,311] {dagbag.py:500} INFO - Filling up the DagBag from /home/airflow/.local/lib/python3.7/site-packages/airflow/example_dags/tutorial.py
[2023-01-13 09:15:03,337] {processor.py:632} INFO - DAG(s) dict_keys(['tutorial']) retrieved from /home/airflow/.local/lib/python3.7/site-packages/airflow/example_dags/tutorial.py
[2023-01-13 09:15:03,346] {logging_mixin.py:109} INFO - [2023-01-13 09:15:03,346] {dag.py:2389} INFO - Sync 1 DAGs
[2023-01-13 09:15:03,361] {logging_mixin.py:109} INFO - [2023-01-13 09:15:03,361] {dag.py:2921} INFO - Setting next_dagrun for tutorial to 2023-01-12T09:15:03.360719+00:00
[2023-01-13 09:15:03,374] {processor.py:171} INFO - Processing /home/airflow/.local/lib/python3.7/site-packages/airflow/example_dags/tutorial.py took 0.067 seconds
[2023-01-13 09:15:33,824] {processor.py:163} INFO - Started process (PID=11372) to work on /home/airflow/.local/lib/python3.7/site-packages/airflow/example_dags/tutorial.py
[2023-01-13 09:15:33,826] {processor.py:620} INFO - Processing file /home/airflow/.local/lib/python3.7/site-packages/airflow/example_dags/tutorial.py for tasks to queue
[2023-01-13 09:15:33,827] {logging_mixin.py:109} INFO - [2023-01-13 09:15:33,827] {dagbag.py:500} INFO - Filling up the DagBag from /home/airflow/.local/lib/python3.7/site-packages/airflow/example_dags/tutorial.py
[2023-01-13 09:15:33,857] {processor.py:632} INFO - DAG(s) dict_keys(['tutorial']) retrieved from /home/airflow/.local/lib/python3.7/site-packages/airflow/example_dags/tutorial.py
[2023-01-13 09:15:33,867] {logging_mixin.py:109} INFO - [2023-01-13 09:15:33,867] {dag.py:2389} INFO - Sync 1 DAGs
[2023-01-13 09:15:33,887] {logging_mixin.py:109} INFO - [2023-01-13 09:15:33,887] {dag.py:2921} INFO - Setting next_dagrun for tutorial to 2023-01-12T09:15:33.886311+00:00
[2023-01-13 09:15:33,900] {processor.py:171} INFO - Processing /home/airflow/.local/lib/python3.7/site-packages/airflow/example_dags/tutorial.py took 0.079 seconds
[2023-01-13 09:16:04,389] {processor.py:163} INFO - Started process (PID=11565) to work on /home/airflow/.local/lib/python3.7/site-packages/airflow/example_dags/tutorial.py
[2023-01-13 09:16:04,390] {processor.py:620} INFO - Processing file /home/airflow/.local/lib/python3.7/site-packages/airflow/example_dags/tutorial.py for tasks to queue
[2023-01-13 09:16:04,391] {logging_mixin.py:109} INFO - [2023-01-13 09:16:04,391] {dagbag.py:500} INFO - Filling up the DagBag from /home/airflow/.local/lib/python3.7/site-packages/airflow/example_dags/tutorial.py
[2023-01-13 09:16:04,415] {processor.py:632} INFO - DAG(s) dict_keys(['tutorial']) retrieved from /home/airflow/.local/lib/python3.7/site-packages/airflow/example_dags/tutorial.py
[2023-01-13 09:16:04,424] {logging_mixin.py:109} INFO - [2023-01-13 09:16:04,424] {dag.py:2389} INFO - Sync 1 DAGs
[2023-01-13 09:16:04,438] {logging_mixin.py:109} INFO - [2023-01-13 09:16:04,438] {dag.py:2921} INFO - Setting next_dagrun for tutorial to 2023-01-12T09:16:04.438337+00:00
[2023-01-13 09:16:04,448] {processor.py:171} INFO - Processing /home/airflow/.local/lib/python3.7/site-packages/airflow/example_dags/tutorial.py took 0.062 seconds
[2023-01-13 09:16:34,533] {processor.py:163} INFO - Started process (PID=11748) to work on /home/airflow/.local/lib/python3.7/site-packages/airflow/example_dags/tutorial.py
[2023-01-13 09:16:34,534] {processor.py:620} INFO - Processing file /home/airflow/.local/lib/python3.7/site-packages/airflow/example_dags/tutorial.py for tasks to queue
[2023-01-13 09:16:34,535] {logging_mixin.py:109} INFO - [2023-01-13 09:16:34,535] {dagbag.py:500} INFO - Filling up the DagBag from /home/airflow/.local/lib/python3.7/site-packages/airflow/example_dags/tutorial.py
[2023-01-13 09:16:34,570] {processor.py:632} INFO - DAG(s) dict_keys(['tutorial']) retrieved from /home/airflow/.local/lib/python3.7/site-packages/airflow/example_dags/tutorial.py
[2023-01-13 09:16:34,578] {logging_mixin.py:109} INFO - [2023-01-13 09:16:34,578] {dag.py:2389} INFO - Sync 1 DAGs
[2023-01-13 09:16:34,594] {logging_mixin.py:109} INFO - [2023-01-13 09:16:34,594] {dag.py:2921} INFO - Setting next_dagrun for tutorial to 2023-01-12T09:16:34.593771+00:00
[2023-01-13 09:16:34,603] {processor.py:171} INFO - Processing /home/airflow/.local/lib/python3.7/site-packages/airflow/example_dags/tutorial.py took 0.073 seconds
[2023-01-13 09:17:04,848] {processor.py:163} INFO - Started process (PID=11940) to work on /home/airflow/.local/lib/python3.7/site-packages/airflow/example_dags/tutorial.py
[2023-01-13 09:17:04,850] {processor.py:620} INFO - Processing file /home/airflow/.local/lib/python3.7/site-packages/airflow/example_dags/tutorial.py for tasks to queue
[2023-01-13 09:17:04,850] {logging_mixin.py:109} INFO - [2023-01-13 09:17:04,850] {dagbag.py:500} INFO - Filling up the DagBag from /home/airflow/.local/lib/python3.7/site-packages/airflow/example_dags/tutorial.py
[2023-01-13 09:17:04,874] {processor.py:632} INFO - DAG(s) dict_keys(['tutorial']) retrieved from /home/airflow/.local/lib/python3.7/site-packages/airflow/example_dags/tutorial.py
[2023-01-13 09:17:04,884] {logging_mixin.py:109} INFO - [2023-01-13 09:17:04,884] {dag.py:2389} INFO - Sync 1 DAGs
[2023-01-13 09:17:04,899] {logging_mixin.py:109} INFO - [2023-01-13 09:17:04,899] {dag.py:2921} INFO - Setting next_dagrun for tutorial to 2023-01-12T09:17:04.899357+00:00
[2023-01-13 09:17:04,911] {processor.py:171} INFO - Processing /home/airflow/.local/lib/python3.7/site-packages/airflow/example_dags/tutorial.py took 0.066 seconds
[2023-01-13 09:17:35,342] {processor.py:163} INFO - Started process (PID=12122) to work on /home/airflow/.local/lib/python3.7/site-packages/airflow/example_dags/tutorial.py
[2023-01-13 09:17:35,354] {processor.py:620} INFO - Processing file /home/airflow/.local/lib/python3.7/site-packages/airflow/example_dags/tutorial.py for tasks to queue
[2023-01-13 09:17:35,355] {logging_mixin.py:109} INFO - [2023-01-13 09:17:35,355] {dagbag.py:500} INFO - Filling up the DagBag from /home/airflow/.local/lib/python3.7/site-packages/airflow/example_dags/tutorial.py
[2023-01-13 09:17:35,379] {processor.py:632} INFO - DAG(s) dict_keys(['tutorial']) retrieved from /home/airflow/.local/lib/python3.7/site-packages/airflow/example_dags/tutorial.py
[2023-01-13 09:17:35,390] {logging_mixin.py:109} INFO - [2023-01-13 09:17:35,390] {dag.py:2389} INFO - Sync 1 DAGs
[2023-01-13 09:17:35,404] {logging_mixin.py:109} INFO - [2023-01-13 09:17:35,404] {dag.py:2921} INFO - Setting next_dagrun for tutorial to 2023-01-12T09:17:35.404014+00:00
[2023-01-13 09:17:35,415] {processor.py:171} INFO - Processing /home/airflow/.local/lib/python3.7/site-packages/airflow/example_dags/tutorial.py took 0.077 seconds
[2023-01-13 09:18:05,725] {processor.py:163} INFO - Started process (PID=12313) to work on /home/airflow/.local/lib/python3.7/site-packages/airflow/example_dags/tutorial.py
[2023-01-13 09:18:05,726] {processor.py:620} INFO - Processing file /home/airflow/.local/lib/python3.7/site-packages/airflow/example_dags/tutorial.py for tasks to queue
[2023-01-13 09:18:05,727] {logging_mixin.py:109} INFO - [2023-01-13 09:18:05,727] {dagbag.py:500} INFO - Filling up the DagBag from /home/airflow/.local/lib/python3.7/site-packages/airflow/example_dags/tutorial.py
[2023-01-13 09:18:05,749] {processor.py:632} INFO - DAG(s) dict_keys(['tutorial']) retrieved from /home/airflow/.local/lib/python3.7/site-packages/airflow/example_dags/tutorial.py
[2023-01-13 09:18:05,757] {logging_mixin.py:109} INFO - [2023-01-13 09:18:05,757] {dag.py:2389} INFO - Sync 1 DAGs
[2023-01-13 09:18:05,771] {logging_mixin.py:109} INFO - [2023-01-13 09:18:05,771] {dag.py:2921} INFO - Setting next_dagrun for tutorial to 2023-01-12T09:18:05.771218+00:00
[2023-01-13 09:18:05,781] {processor.py:171} INFO - Processing /home/airflow/.local/lib/python3.7/site-packages/airflow/example_dags/tutorial.py took 0.058 seconds
[2023-01-13 09:18:36,201] {processor.py:163} INFO - Started process (PID=12496) to work on /home/airflow/.local/lib/python3.7/site-packages/airflow/example_dags/tutorial.py
[2023-01-13 09:18:36,202] {processor.py:620} INFO - Processing file /home/airflow/.local/lib/python3.7/site-packages/airflow/example_dags/tutorial.py for tasks to queue
[2023-01-13 09:18:36,203] {logging_mixin.py:109} INFO - [2023-01-13 09:18:36,203] {dagbag.py:500} INFO - Filling up the DagBag from /home/airflow/.local/lib/python3.7/site-packages/airflow/example_dags/tutorial.py
[2023-01-13 09:18:36,227] {processor.py:632} INFO - DAG(s) dict_keys(['tutorial']) retrieved from /home/airflow/.local/lib/python3.7/site-packages/airflow/example_dags/tutorial.py
[2023-01-13 09:18:36,238] {logging_mixin.py:109} INFO - [2023-01-13 09:18:36,238] {dag.py:2389} INFO - Sync 1 DAGs
[2023-01-13 09:18:36,253] {logging_mixin.py:109} INFO - [2023-01-13 09:18:36,253] {dag.py:2921} INFO - Setting next_dagrun for tutorial to 2023-01-12T09:18:36.252978+00:00
[2023-01-13 09:18:36,265] {processor.py:171} INFO - Processing /home/airflow/.local/lib/python3.7/site-packages/airflow/example_dags/tutorial.py took 0.067 seconds
[2023-01-13 09:19:55,729] {processor.py:163} INFO - Started process (PID=172) to work on /home/airflow/.local/lib/python3.7/site-packages/airflow/example_dags/tutorial.py
[2023-01-13 09:19:55,730] {processor.py:620} INFO - Processing file /home/airflow/.local/lib/python3.7/site-packages/airflow/example_dags/tutorial.py for tasks to queue
[2023-01-13 09:19:55,731] {logging_mixin.py:109} INFO - [2023-01-13 09:19:55,731] {dagbag.py:500} INFO - Filling up the DagBag from /home/airflow/.local/lib/python3.7/site-packages/airflow/example_dags/tutorial.py
[2023-01-13 09:19:55,792] {processor.py:632} INFO - DAG(s) dict_keys(['tutorial']) retrieved from /home/airflow/.local/lib/python3.7/site-packages/airflow/example_dags/tutorial.py
[2023-01-13 09:19:55,801] {logging_mixin.py:109} INFO - [2023-01-13 09:19:55,801] {dag.py:2389} INFO - Sync 1 DAGs
[2023-01-13 09:19:55,831] {logging_mixin.py:109} INFO - [2023-01-13 09:19:55,831] {dag.py:2921} INFO - Setting next_dagrun for tutorial to 2023-01-12T09:19:55.831477+00:00
[2023-01-13 09:19:55,848] {processor.py:171} INFO - Processing /home/airflow/.local/lib/python3.7/site-packages/airflow/example_dags/tutorial.py took 0.122 seconds
[2023-01-13 09:20:26,159] {processor.py:163} INFO - Started process (PID=360) to work on /home/airflow/.local/lib/python3.7/site-packages/airflow/example_dags/tutorial.py
[2023-01-13 09:20:26,160] {processor.py:620} INFO - Processing file /home/airflow/.local/lib/python3.7/site-packages/airflow/example_dags/tutorial.py for tasks to queue
[2023-01-13 09:20:26,160] {logging_mixin.py:109} INFO - [2023-01-13 09:20:26,160] {dagbag.py:500} INFO - Filling up the DagBag from /home/airflow/.local/lib/python3.7/site-packages/airflow/example_dags/tutorial.py
[2023-01-13 09:20:26,186] {processor.py:632} INFO - DAG(s) dict_keys(['tutorial']) retrieved from /home/airflow/.local/lib/python3.7/site-packages/airflow/example_dags/tutorial.py
[2023-01-13 09:20:26,198] {logging_mixin.py:109} INFO - [2023-01-13 09:20:26,198] {dag.py:2389} INFO - Sync 1 DAGs
[2023-01-13 09:20:26,212] {logging_mixin.py:109} INFO - [2023-01-13 09:20:26,212] {dag.py:2921} INFO - Setting next_dagrun for tutorial to 2023-01-12T09:20:26.212321+00:00
[2023-01-13 09:20:26,225] {processor.py:171} INFO - Processing /home/airflow/.local/lib/python3.7/site-packages/airflow/example_dags/tutorial.py took 0.068 seconds
[2023-01-13 09:20:56,661] {processor.py:163} INFO - Started process (PID=542) to work on /home/airflow/.local/lib/python3.7/site-packages/airflow/example_dags/tutorial.py
[2023-01-13 09:20:56,662] {processor.py:620} INFO - Processing file /home/airflow/.local/lib/python3.7/site-packages/airflow/example_dags/tutorial.py for tasks to queue
[2023-01-13 09:20:56,663] {logging_mixin.py:109} INFO - [2023-01-13 09:20:56,663] {dagbag.py:500} INFO - Filling up the DagBag from /home/airflow/.local/lib/python3.7/site-packages/airflow/example_dags/tutorial.py
[2023-01-13 09:20:56,688] {processor.py:632} INFO - DAG(s) dict_keys(['tutorial']) retrieved from /home/airflow/.local/lib/python3.7/site-packages/airflow/example_dags/tutorial.py
[2023-01-13 09:20:56,697] {logging_mixin.py:109} INFO - [2023-01-13 09:20:56,697] {dag.py:2389} INFO - Sync 1 DAGs
[2023-01-13 09:20:56,711] {logging_mixin.py:109} INFO - [2023-01-13 09:20:56,711] {dag.py:2921} INFO - Setting next_dagrun for tutorial to 2023-01-12T09:20:56.711324+00:00
[2023-01-13 09:20:56,723] {processor.py:171} INFO - Processing /home/airflow/.local/lib/python3.7/site-packages/airflow/example_dags/tutorial.py took 0.064 seconds
[2023-01-13 09:21:27,014] {processor.py:163} INFO - Started process (PID=732) to work on /home/airflow/.local/lib/python3.7/site-packages/airflow/example_dags/tutorial.py
[2023-01-13 09:21:27,015] {processor.py:620} INFO - Processing file /home/airflow/.local/lib/python3.7/site-packages/airflow/example_dags/tutorial.py for tasks to queue
[2023-01-13 09:21:27,016] {logging_mixin.py:109} INFO - [2023-01-13 09:21:27,016] {dagbag.py:500} INFO - Filling up the DagBag from /home/airflow/.local/lib/python3.7/site-packages/airflow/example_dags/tutorial.py
[2023-01-13 09:21:27,046] {processor.py:632} INFO - DAG(s) dict_keys(['tutorial']) retrieved from /home/airflow/.local/lib/python3.7/site-packages/airflow/example_dags/tutorial.py
[2023-01-13 09:21:27,056] {logging_mixin.py:109} INFO - [2023-01-13 09:21:27,055] {dag.py:2389} INFO - Sync 1 DAGs
[2023-01-13 09:21:27,072] {logging_mixin.py:109} INFO - [2023-01-13 09:21:27,072] {dag.py:2921} INFO - Setting next_dagrun for tutorial to 2023-01-12T09:21:27.072572+00:00
[2023-01-13 09:21:27,083] {processor.py:171} INFO - Processing /home/airflow/.local/lib/python3.7/site-packages/airflow/example_dags/tutorial.py took 0.072 seconds
[2023-01-13 09:21:57,326] {processor.py:163} INFO - Started process (PID=916) to work on /home/airflow/.local/lib/python3.7/site-packages/airflow/example_dags/tutorial.py
[2023-01-13 09:21:57,327] {processor.py:620} INFO - Processing file /home/airflow/.local/lib/python3.7/site-packages/airflow/example_dags/tutorial.py for tasks to queue
[2023-01-13 09:21:57,328] {logging_mixin.py:109} INFO - [2023-01-13 09:21:57,328] {dagbag.py:500} INFO - Filling up the DagBag from /home/airflow/.local/lib/python3.7/site-packages/airflow/example_dags/tutorial.py
[2023-01-13 09:21:57,353] {processor.py:632} INFO - DAG(s) dict_keys(['tutorial']) retrieved from /home/airflow/.local/lib/python3.7/site-packages/airflow/example_dags/tutorial.py
[2023-01-13 09:21:57,362] {logging_mixin.py:109} INFO - [2023-01-13 09:21:57,362] {dag.py:2389} INFO - Sync 1 DAGs
[2023-01-13 09:21:57,377] {logging_mixin.py:109} INFO - [2023-01-13 09:21:57,377] {dag.py:2921} INFO - Setting next_dagrun for tutorial to 2023-01-12T09:21:57.376840+00:00
[2023-01-13 09:21:57,390] {processor.py:171} INFO - Processing /home/airflow/.local/lib/python3.7/site-packages/airflow/example_dags/tutorial.py took 0.067 seconds
[2023-01-13 09:22:27,907] {processor.py:163} INFO - Started process (PID=1097) to work on /home/airflow/.local/lib/python3.7/site-packages/airflow/example_dags/tutorial.py
[2023-01-13 09:22:27,912] {processor.py:620} INFO - Processing file /home/airflow/.local/lib/python3.7/site-packages/airflow/example_dags/tutorial.py for tasks to queue
[2023-01-13 09:22:27,913] {logging_mixin.py:109} INFO - [2023-01-13 09:22:27,913] {dagbag.py:500} INFO - Filling up the DagBag from /home/airflow/.local/lib/python3.7/site-packages/airflow/example_dags/tutorial.py
[2023-01-13 09:22:27,937] {processor.py:632} INFO - DAG(s) dict_keys(['tutorial']) retrieved from /home/airflow/.local/lib/python3.7/site-packages/airflow/example_dags/tutorial.py
[2023-01-13 09:22:27,946] {logging_mixin.py:109} INFO - [2023-01-13 09:22:27,946] {dag.py:2389} INFO - Sync 1 DAGs
[2023-01-13 09:22:27,961] {logging_mixin.py:109} INFO - [2023-01-13 09:22:27,961] {dag.py:2921} INFO - Setting next_dagrun for tutorial to 2023-01-12T09:22:27.961177+00:00
[2023-01-13 09:22:27,973] {processor.py:171} INFO - Processing /home/airflow/.local/lib/python3.7/site-packages/airflow/example_dags/tutorial.py took 0.069 seconds
[2023-01-13 09:22:58,466] {processor.py:163} INFO - Started process (PID=1289) to work on /home/airflow/.local/lib/python3.7/site-packages/airflow/example_dags/tutorial.py
[2023-01-13 09:22:58,467] {processor.py:620} INFO - Processing file /home/airflow/.local/lib/python3.7/site-packages/airflow/example_dags/tutorial.py for tasks to queue
[2023-01-13 09:22:58,468] {logging_mixin.py:109} INFO - [2023-01-13 09:22:58,468] {dagbag.py:500} INFO - Filling up the DagBag from /home/airflow/.local/lib/python3.7/site-packages/airflow/example_dags/tutorial.py
[2023-01-13 09:22:58,496] {processor.py:632} INFO - DAG(s) dict_keys(['tutorial']) retrieved from /home/airflow/.local/lib/python3.7/site-packages/airflow/example_dags/tutorial.py
[2023-01-13 09:22:58,507] {logging_mixin.py:109} INFO - [2023-01-13 09:22:58,507] {dag.py:2389} INFO - Sync 1 DAGs
[2023-01-13 09:22:58,523] {logging_mixin.py:109} INFO - [2023-01-13 09:22:58,523] {dag.py:2921} INFO - Setting next_dagrun for tutorial to 2023-01-12T09:22:58.523067+00:00
[2023-01-13 09:22:58,533] {processor.py:171} INFO - Processing /home/airflow/.local/lib/python3.7/site-packages/airflow/example_dags/tutorial.py took 0.070 seconds
[2023-01-13 09:23:28,829] {processor.py:163} INFO - Started process (PID=1472) to work on /home/airflow/.local/lib/python3.7/site-packages/airflow/example_dags/tutorial.py
[2023-01-13 09:23:28,848] {processor.py:620} INFO - Processing file /home/airflow/.local/lib/python3.7/site-packages/airflow/example_dags/tutorial.py for tasks to queue
[2023-01-13 09:23:28,848] {logging_mixin.py:109} INFO - [2023-01-13 09:23:28,848] {dagbag.py:500} INFO - Filling up the DagBag from /home/airflow/.local/lib/python3.7/site-packages/airflow/example_dags/tutorial.py
[2023-01-13 09:23:28,874] {processor.py:632} INFO - DAG(s) dict_keys(['tutorial']) retrieved from /home/airflow/.local/lib/python3.7/site-packages/airflow/example_dags/tutorial.py
[2023-01-13 09:23:28,884] {logging_mixin.py:109} INFO - [2023-01-13 09:23:28,884] {dag.py:2389} INFO - Sync 1 DAGs
[2023-01-13 09:23:28,898] {logging_mixin.py:109} INFO - [2023-01-13 09:23:28,898] {dag.py:2921} INFO - Setting next_dagrun for tutorial to 2023-01-12T09:23:28.898507+00:00
[2023-01-13 09:23:28,909] {processor.py:171} INFO - Processing /home/airflow/.local/lib/python3.7/site-packages/airflow/example_dags/tutorial.py took 0.082 seconds
[2023-01-13 09:23:59,291] {processor.py:163} INFO - Started process (PID=1665) to work on /home/airflow/.local/lib/python3.7/site-packages/airflow/example_dags/tutorial.py
[2023-01-13 09:23:59,294] {processor.py:620} INFO - Processing file /home/airflow/.local/lib/python3.7/site-packages/airflow/example_dags/tutorial.py for tasks to queue
[2023-01-13 09:23:59,296] {logging_mixin.py:109} INFO - [2023-01-13 09:23:59,296] {dagbag.py:500} INFO - Filling up the DagBag from /home/airflow/.local/lib/python3.7/site-packages/airflow/example_dags/tutorial.py
[2023-01-13 09:23:59,332] {processor.py:632} INFO - DAG(s) dict_keys(['tutorial']) retrieved from /home/airflow/.local/lib/python3.7/site-packages/airflow/example_dags/tutorial.py
[2023-01-13 09:23:59,342] {logging_mixin.py:109} INFO - [2023-01-13 09:23:59,342] {dag.py:2389} INFO - Sync 1 DAGs
[2023-01-13 09:23:59,360] {logging_mixin.py:109} INFO - [2023-01-13 09:23:59,360] {dag.py:2921} INFO - Setting next_dagrun for tutorial to 2023-01-12T09:23:59.359960+00:00
[2023-01-13 09:23:59,371] {processor.py:171} INFO - Processing /home/airflow/.local/lib/python3.7/site-packages/airflow/example_dags/tutorial.py took 0.086 seconds
