[2023-01-13 14:39:10,264] {taskinstance.py:1035} INFO - Dependencies all met for <TaskInstance: dag_with_taskflow_api.greet scheduled__2023-01-09T00:00:00+00:00 [queued]>
[2023-01-13 14:39:10,284] {taskinstance.py:1035} INFO - Dependencies all met for <TaskInstance: dag_with_taskflow_api.greet scheduled__2023-01-09T00:00:00+00:00 [queued]>
[2023-01-13 14:39:10,284] {taskinstance.py:1241} INFO - 
--------------------------------------------------------------------------------
[2023-01-13 14:39:10,284] {taskinstance.py:1242} INFO - Starting attempt 1 of 6
[2023-01-13 14:39:10,284] {taskinstance.py:1243} INFO - 
--------------------------------------------------------------------------------
[2023-01-13 14:39:10,302] {taskinstance.py:1262} INFO - Executing <Task(_PythonDecoratedOperator): greet> on 2023-01-09 00:00:00+00:00
[2023-01-13 14:39:10,306] {standard_task_runner.py:52} INFO - Started process 16905 to run task
[2023-01-13 14:39:10,311] {standard_task_runner.py:76} INFO - Running: ['***', 'tasks', 'run', 'dag_with_taskflow_api', 'greet', 'scheduled__2023-01-09T00:00:00+00:00', '--job-id', '293', '--raw', '--subdir', 'DAGS_FOLDER/create_with_taskflow_api.py', '--cfg-path', '/tmp/tmph5el2zjj', '--error-file', '/tmp/tmpo_i_x_iv']
[2023-01-13 14:39:10,312] {standard_task_runner.py:77} INFO - Job 293: Subtask greet
[2023-01-13 14:39:10,358] {logging_mixin.py:109} INFO - Running <TaskInstance: dag_with_taskflow_api.greet scheduled__2023-01-09T00:00:00+00:00 [running]> on host 75a9b8ab4d7f
[2023-01-13 14:39:10,468] {taskinstance.py:1429} INFO - Exporting the following env vars:
AIRFLOW_CTX_DAG_OWNER=salman
AIRFLOW_CTX_DAG_ID=dag_with_taskflow_api
AIRFLOW_CTX_TASK_ID=greet
AIRFLOW_CTX_EXECUTION_DATE=2023-01-09T00:00:00+00:00
AIRFLOW_CTX_DAG_RUN_ID=scheduled__2023-01-09T00:00:00+00:00
[2023-01-13 14:39:10,469] {logging_mixin.py:109} INFO - my name is Harry and I am 35 years old!
[2023-01-13 14:39:10,469] {python.py:152} INFO - Done. Returned value was: None
[2023-01-13 14:39:10,482] {taskinstance.py:1280} INFO - Marking task as SUCCESS. dag_id=dag_with_taskflow_api, task_id=greet, execution_date=20230109T000000, start_date=20230113T143910, end_date=20230113T143910
[2023-01-13 14:39:10,527] {local_task_job.py:154} INFO - Task exited with return code 0
[2023-01-13 14:39:10,584] {local_task_job.py:264} INFO - 0 downstream tasks scheduled from follow-on schedule check
