[2023-01-13 12:57:35,946] {taskinstance.py:1035} INFO - Dependencies all met for <TaskInstance: dag_with_python_operator_v8.greet scheduled__2023-01-04T00:00:00+00:00 [queued]>
[2023-01-13 12:57:35,976] {taskinstance.py:1035} INFO - Dependencies all met for <TaskInstance: dag_with_python_operator_v8.greet scheduled__2023-01-04T00:00:00+00:00 [queued]>
[2023-01-13 12:57:35,976] {taskinstance.py:1241} INFO - 
--------------------------------------------------------------------------------
[2023-01-13 12:57:35,976] {taskinstance.py:1242} INFO - Starting attempt 1 of 6
[2023-01-13 12:57:35,976] {taskinstance.py:1243} INFO - 
--------------------------------------------------------------------------------
[2023-01-13 12:57:36,009] {taskinstance.py:1262} INFO - Executing <Task(PythonOperator): greet> on 2023-01-04 00:00:00+00:00
[2023-01-13 12:57:36,026] {standard_task_runner.py:76} INFO - Running: ['***', 'tasks', 'run', 'dag_with_python_operator_v8', 'greet', 'scheduled__2023-01-04T00:00:00+00:00', '--job-id', '253', '--raw', '--subdir', 'DAGS_FOLDER/create_dag_with_python_operator.py', '--cfg-path', '/tmp/tmpu3a59f59', '--error-file', '/tmp/tmpu3nmh1jf']
[2023-01-13 12:57:36,027] {standard_task_runner.py:77} INFO - Job 253: Subtask greet
[2023-01-13 12:57:36,013] {standard_task_runner.py:52} INFO - Started process 9630 to run task
[2023-01-13 12:57:36,252] {logging_mixin.py:109} INFO - Running <TaskInstance: dag_with_python_operator_v8.greet scheduled__2023-01-04T00:00:00+00:00 [running]> on host 75a9b8ab4d7f
[2023-01-13 12:57:36,462] {taskinstance.py:1429} INFO - Exporting the following env vars:
AIRFLOW_CTX_DAG_OWNER=salman
AIRFLOW_CTX_DAG_ID=dag_with_python_operator_v8
AIRFLOW_CTX_TASK_ID=greet
AIRFLOW_CTX_EXECUTION_DATE=2023-01-04T00:00:00+00:00
AIRFLOW_CTX_DAG_RUN_ID=scheduled__2023-01-04T00:00:00+00:00
[2023-01-13 12:57:36,542] {logging_mixin.py:109} INFO - Hello World, my name is Harry Potter and I am 33 years old!
[2023-01-13 12:57:36,542] {python.py:152} INFO - Done. Returned value was: None
[2023-01-13 12:57:36,610] {taskinstance.py:1280} INFO - Marking task as SUCCESS. dag_id=dag_with_python_operator_v8, task_id=greet, execution_date=20230104T000000, start_date=20230113T125735, end_date=20230113T125736
[2023-01-13 12:57:36,669] {local_task_job.py:154} INFO - Task exited with return code 0
[2023-01-13 12:57:36,751] {local_task_job.py:264} INFO - 0 downstream tasks scheduled from follow-on schedule check
