[2023-01-13 14:39:06,222] {taskinstance.py:1035} INFO - Dependencies all met for <TaskInstance: dag_with_taskflow_api.get_age scheduled__2023-01-04T00:00:00+00:00 [queued]>
[2023-01-13 14:39:06,268] {taskinstance.py:1035} INFO - Dependencies all met for <TaskInstance: dag_with_taskflow_api.get_age scheduled__2023-01-04T00:00:00+00:00 [queued]>
[2023-01-13 14:39:06,268] {taskinstance.py:1241} INFO - 
--------------------------------------------------------------------------------
[2023-01-13 14:39:06,268] {taskinstance.py:1242} INFO - Starting attempt 1 of 6
[2023-01-13 14:39:06,269] {taskinstance.py:1243} INFO - 
--------------------------------------------------------------------------------
[2023-01-13 14:39:06,302] {taskinstance.py:1262} INFO - Executing <Task(_PythonDecoratedOperator): get_age> on 2023-01-04 00:00:00+00:00
[2023-01-13 14:39:06,308] {standard_task_runner.py:52} INFO - Started process 16851 to run task
[2023-01-13 14:39:06,311] {standard_task_runner.py:76} INFO - Running: ['***', 'tasks', 'run', 'dag_with_taskflow_api', 'get_age', 'scheduled__2023-01-04T00:00:00+00:00', '--job-id', '271', '--raw', '--subdir', 'DAGS_FOLDER/create_with_taskflow_api.py', '--cfg-path', '/tmp/tmp06741pu5', '--error-file', '/tmp/tmpcw6kqu2h']
[2023-01-13 14:39:06,312] {standard_task_runner.py:77} INFO - Job 271: Subtask get_age
[2023-01-13 14:39:06,381] {logging_mixin.py:109} INFO - Running <TaskInstance: dag_with_taskflow_api.get_age scheduled__2023-01-04T00:00:00+00:00 [running]> on host 75a9b8ab4d7f
[2023-01-13 14:39:06,525] {taskinstance.py:1429} INFO - Exporting the following env vars:
AIRFLOW_CTX_DAG_OWNER=salman
AIRFLOW_CTX_DAG_ID=dag_with_taskflow_api
AIRFLOW_CTX_TASK_ID=get_age
AIRFLOW_CTX_EXECUTION_DATE=2023-01-04T00:00:00+00:00
AIRFLOW_CTX_DAG_RUN_ID=scheduled__2023-01-04T00:00:00+00:00
[2023-01-13 14:39:06,526] {python.py:152} INFO - Done. Returned value was: 35
[2023-01-13 14:39:06,570] {taskinstance.py:1280} INFO - Marking task as SUCCESS. dag_id=dag_with_taskflow_api, task_id=get_age, execution_date=20230104T000000, start_date=20230113T143906, end_date=20230113T143906
[2023-01-13 14:39:06,616] {local_task_job.py:154} INFO - Task exited with return code 0
[2023-01-13 14:39:06,681] {local_task_job.py:264} INFO - 0 downstream tasks scheduled from follow-on schedule check
