[2023-01-13 09:52:45,470] {taskinstance.py:1035} INFO - Dependencies all met for <TaskInstance: my_first_dag_v3.second_task scheduled__2023-01-02T00:00:00+00:00 [queued]>
[2023-01-13 09:52:45,552] {taskinstance.py:1035} INFO - Dependencies all met for <TaskInstance: my_first_dag_v3.second_task scheduled__2023-01-02T00:00:00+00:00 [queued]>
[2023-01-13 09:52:45,552] {taskinstance.py:1241} INFO - 
--------------------------------------------------------------------------------
[2023-01-13 09:52:45,553] {taskinstance.py:1242} INFO - Starting attempt 1 of 6
[2023-01-13 09:52:45,553] {taskinstance.py:1243} INFO - 
--------------------------------------------------------------------------------
[2023-01-13 09:52:45,585] {taskinstance.py:1262} INFO - Executing <Task(BashOperator): second_task> on 2023-01-02 00:00:00+00:00
[2023-01-13 09:52:45,589] {standard_task_runner.py:52} INFO - Started process 1717 to run task
[2023-01-13 09:52:45,604] {standard_task_runner.py:76} INFO - Running: ['***', 'tasks', 'run', 'my_first_dag_v3', 'second_task', 'scheduled__2023-01-02T00:00:00+00:00', '--job-id', '41', '--raw', '--subdir', 'DAGS_FOLDER/my_first_dag.py', '--cfg-path', '/tmp/tmp_tvl3ut1', '--error-file', '/tmp/tmpdnqqr0ab']
[2023-01-13 09:52:45,605] {standard_task_runner.py:77} INFO - Job 41: Subtask second_task
[2023-01-13 09:52:45,742] {logging_mixin.py:109} INFO - Running <TaskInstance: my_first_dag_v3.second_task scheduled__2023-01-02T00:00:00+00:00 [running]> on host ffa830cbd52d
[2023-01-13 09:52:45,940] {taskinstance.py:1429} INFO - Exporting the following env vars:
AIRFLOW_CTX_DAG_OWNER=salman
AIRFLOW_CTX_DAG_ID=my_first_dag_v3
AIRFLOW_CTX_TASK_ID=second_task
AIRFLOW_CTX_EXECUTION_DATE=2023-01-02T00:00:00+00:00
AIRFLOW_CTX_DAG_RUN_ID=scheduled__2023-01-02T00:00:00+00:00
[2023-01-13 09:52:45,941] {subprocess.py:62} INFO - Tmp dir root location: 
 /tmp
[2023-01-13 09:52:45,941] {subprocess.py:74} INFO - Running command: ['bash', '-c', 'echo hey, I am second task and will be executed after first task!']
[2023-01-13 09:52:45,959] {subprocess.py:85} INFO - Output:
[2023-01-13 09:52:45,964] {subprocess.py:89} INFO - hey, I am second task and will be executed after first task!
[2023-01-13 09:52:45,964] {subprocess.py:93} INFO - Command exited with return code 0
[2023-01-13 09:52:46,124] {taskinstance.py:1280} INFO - Marking task as SUCCESS. dag_id=my_first_dag_v3, task_id=second_task, execution_date=20230102T000000, start_date=20230113T095245, end_date=20230113T095246
[2023-01-13 09:52:46,178] {local_task_job.py:154} INFO - Task exited with return code 0
[2023-01-13 09:52:46,553] {local_task_job.py:264} INFO - 0 downstream tasks scheduled from follow-on schedule check
