[2023-01-13 10:12:22,677] {taskinstance.py:1035} INFO - Dependencies all met for <TaskInstance: my_first_dag_v.second_task scheduled__2023-01-07T00:00:00+00:00 [queued]>
[2023-01-13 10:12:22,724] {taskinstance.py:1035} INFO - Dependencies all met for <TaskInstance: my_first_dag_v.second_task scheduled__2023-01-07T00:00:00+00:00 [queued]>
[2023-01-13 10:12:22,724] {taskinstance.py:1241} INFO - 
--------------------------------------------------------------------------------
[2023-01-13 10:12:22,724] {taskinstance.py:1242} INFO - Starting attempt 1 of 6
[2023-01-13 10:12:22,724] {taskinstance.py:1243} INFO - 
--------------------------------------------------------------------------------
[2023-01-13 10:12:22,798] {taskinstance.py:1262} INFO - Executing <Task(BashOperator): second_task> on 2023-01-07 00:00:00+00:00
[2023-01-13 10:12:22,807] {standard_task_runner.py:52} INFO - Started process 2895 to run task
[2023-01-13 10:12:22,826] {standard_task_runner.py:76} INFO - Running: ['***', 'tasks', 'run', 'my_first_dag_v', 'second_task', 'scheduled__2023-01-07T00:00:00+00:00', '--job-id', '83', '--raw', '--subdir', 'DAGS_FOLDER/my_first_dag.py', '--cfg-path', '/tmp/tmpjl43xevv', '--error-file', '/tmp/tmpqx_7ivnn']
[2023-01-13 10:12:22,827] {standard_task_runner.py:77} INFO - Job 83: Subtask second_task
[2023-01-13 10:12:22,903] {logging_mixin.py:109} INFO - Running <TaskInstance: my_first_dag_v.second_task scheduled__2023-01-07T00:00:00+00:00 [running]> on host ffa830cbd52d
[2023-01-13 10:12:22,987] {taskinstance.py:1429} INFO - Exporting the following env vars:
AIRFLOW_CTX_DAG_OWNER=salman
AIRFLOW_CTX_DAG_ID=my_first_dag_v
AIRFLOW_CTX_TASK_ID=second_task
AIRFLOW_CTX_EXECUTION_DATE=2023-01-07T00:00:00+00:00
AIRFLOW_CTX_DAG_RUN_ID=scheduled__2023-01-07T00:00:00+00:00
[2023-01-13 10:12:22,988] {subprocess.py:62} INFO - Tmp dir root location: 
 /tmp
[2023-01-13 10:12:22,988] {subprocess.py:74} INFO - Running command: ['bash', '-c', 'echo hey, I am second task and will be executed after first task!']
[2023-01-13 10:12:23,007] {subprocess.py:85} INFO - Output:
[2023-01-13 10:12:23,008] {subprocess.py:89} INFO - hey, I am second task and will be executed after first task!
[2023-01-13 10:12:23,009] {subprocess.py:93} INFO - Command exited with return code 0
[2023-01-13 10:12:23,058] {taskinstance.py:1280} INFO - Marking task as SUCCESS. dag_id=my_first_dag_v, task_id=second_task, execution_date=20230107T000000, start_date=20230113T101222, end_date=20230113T101223
[2023-01-13 10:12:23,108] {local_task_job.py:154} INFO - Task exited with return code 0
[2023-01-13 10:12:23,185] {local_task_job.py:264} INFO - 0 downstream tasks scheduled from follow-on schedule check
