[2023-01-13 10:52:45,979] {taskinstance.py:1035} INFO - Dependencies all met for <TaskInstance: dag_with_python_operator_v4.greet scheduled__2023-01-09T00:00:00+00:00 [queued]>
[2023-01-13 10:52:46,004] {taskinstance.py:1035} INFO - Dependencies all met for <TaskInstance: dag_with_python_operator_v4.greet scheduled__2023-01-09T00:00:00+00:00 [queued]>
[2023-01-13 10:52:46,004] {taskinstance.py:1241} INFO - 
--------------------------------------------------------------------------------
[2023-01-13 10:52:46,004] {taskinstance.py:1242} INFO - Starting attempt 2 of 7
[2023-01-13 10:52:46,004] {taskinstance.py:1243} INFO - 
--------------------------------------------------------------------------------
[2023-01-13 10:52:46,022] {taskinstance.py:1262} INFO - Executing <Task(PythonOperator): greet> on 2023-01-09 00:00:00+00:00
[2023-01-13 10:52:46,026] {standard_task_runner.py:52} INFO - Started process 1531 to run task
[2023-01-13 10:52:46,029] {standard_task_runner.py:76} INFO - Running: ['***', 'tasks', 'run', 'dag_with_python_operator_v4', 'greet', 'scheduled__2023-01-09T00:00:00+00:00', '--job-id', '158', '--raw', '--subdir', 'DAGS_FOLDER/create_dag_with_python_operator.py', '--cfg-path', '/tmp/tmpypx4ryd6', '--error-file', '/tmp/tmph6uzefp7']
[2023-01-13 10:52:46,030] {standard_task_runner.py:77} INFO - Job 158: Subtask greet
[2023-01-13 10:52:46,076] {logging_mixin.py:109} INFO - Running <TaskInstance: dag_with_python_operator_v4.greet scheduled__2023-01-09T00:00:00+00:00 [running]> on host 75a9b8ab4d7f
[2023-01-13 10:52:46,144] {taskinstance.py:1429} INFO - Exporting the following env vars:
AIRFLOW_CTX_DAG_OWNER=salman
AIRFLOW_CTX_DAG_ID=dag_with_python_operator_v4
AIRFLOW_CTX_TASK_ID=greet
AIRFLOW_CTX_EXECUTION_DATE=2023-01-09T00:00:00+00:00
AIRFLOW_CTX_DAG_RUN_ID=scheduled__2023-01-09T00:00:00+00:00
[2023-01-13 10:52:46,153] {logging_mixin.py:109} INFO - Hello World, my name is Harry and I am 34 years old!
[2023-01-13 10:52:46,153] {python.py:152} INFO - Done. Returned value was: None
[2023-01-13 10:52:46,164] {taskinstance.py:1280} INFO - Marking task as SUCCESS. dag_id=dag_with_python_operator_v4, task_id=greet, execution_date=20230109T000000, start_date=20230113T105245, end_date=20230113T105246
[2023-01-13 10:52:46,200] {local_task_job.py:154} INFO - Task exited with return code 0
[2023-01-13 10:52:46,229] {local_task_job.py:264} INFO - 0 downstream tasks scheduled from follow-on schedule check
