[2023-01-13 10:12:20,795] {taskinstance.py:1035} INFO - Dependencies all met for <TaskInstance: my_first_dag_v.first_task scheduled__2023-01-07T00:00:00+00:00 [queued]>
[2023-01-13 10:12:20,925] {taskinstance.py:1035} INFO - Dependencies all met for <TaskInstance: my_first_dag_v.first_task scheduled__2023-01-07T00:00:00+00:00 [queued]>
[2023-01-13 10:12:20,926] {taskinstance.py:1241} INFO - 
--------------------------------------------------------------------------------
[2023-01-13 10:12:20,926] {taskinstance.py:1242} INFO - Starting attempt 1 of 6
[2023-01-13 10:12:20,926] {taskinstance.py:1243} INFO - 
--------------------------------------------------------------------------------
[2023-01-13 10:12:21,068] {taskinstance.py:1262} INFO - Executing <Task(BashOperator): first_task> on 2023-01-07 00:00:00+00:00
[2023-01-13 10:12:21,078] {standard_task_runner.py:52} INFO - Started process 2869 to run task
[2023-01-13 10:12:21,153] {standard_task_runner.py:76} INFO - Running: ['***', 'tasks', 'run', 'my_first_dag_v', 'first_task', 'scheduled__2023-01-07T00:00:00+00:00', '--job-id', '74', '--raw', '--subdir', 'DAGS_FOLDER/my_first_dag.py', '--cfg-path', '/tmp/tmppfnrhcxg', '--error-file', '/tmp/tmp92qf6hwj']
[2023-01-13 10:12:21,163] {standard_task_runner.py:77} INFO - Job 74: Subtask first_task
[2023-01-13 10:12:21,355] {logging_mixin.py:109} INFO - Running <TaskInstance: my_first_dag_v.first_task scheduled__2023-01-07T00:00:00+00:00 [running]> on host ffa830cbd52d
[2023-01-13 10:12:21,520] {taskinstance.py:1429} INFO - Exporting the following env vars:
AIRFLOW_CTX_DAG_OWNER=salman
AIRFLOW_CTX_DAG_ID=my_first_dag_v
AIRFLOW_CTX_TASK_ID=first_task
AIRFLOW_CTX_EXECUTION_DATE=2023-01-07T00:00:00+00:00
AIRFLOW_CTX_DAG_RUN_ID=scheduled__2023-01-07T00:00:00+00:00
[2023-01-13 10:12:21,520] {subprocess.py:62} INFO - Tmp dir root location: 
 /tmp
[2023-01-13 10:12:21,521] {subprocess.py:74} INFO - Running command: ['bash', '-c', 'echo hello worlds, this is the first task of mine.']
[2023-01-13 10:12:21,535] {subprocess.py:85} INFO - Output:
[2023-01-13 10:12:21,537] {subprocess.py:89} INFO - hello worlds, this is the first task of mine.
[2023-01-13 10:12:21,538] {subprocess.py:93} INFO - Command exited with return code 0
[2023-01-13 10:12:21,610] {taskinstance.py:1280} INFO - Marking task as SUCCESS. dag_id=my_first_dag_v, task_id=first_task, execution_date=20230107T000000, start_date=20230113T101220, end_date=20230113T101221
[2023-01-13 10:12:21,653] {local_task_job.py:154} INFO - Task exited with return code 0
[2023-01-13 10:12:21,759] {local_task_job.py:264} INFO - 2 downstream tasks scheduled from follow-on schedule check
