[2023-01-13 14:54:00,901] {taskinstance.py:1035} INFO - Dependencies all met for <TaskInstance: dag_with_taskflow_api_v1.get_name scheduled__2023-01-01T00:00:00+00:00 [queued]>
[2023-01-13 14:54:00,926] {taskinstance.py:1035} INFO - Dependencies all met for <TaskInstance: dag_with_taskflow_api_v1.get_name scheduled__2023-01-01T00:00:00+00:00 [queued]>
[2023-01-13 14:54:00,926] {taskinstance.py:1241} INFO - 
--------------------------------------------------------------------------------
[2023-01-13 14:54:00,926] {taskinstance.py:1242} INFO - Starting attempt 1 of 6
[2023-01-13 14:54:00,926] {taskinstance.py:1243} INFO - 
--------------------------------------------------------------------------------
[2023-01-13 14:54:00,956] {taskinstance.py:1262} INFO - Executing <Task(_PythonDecoratedOperator): get_name> on 2023-01-01 00:00:00+00:00
[2023-01-13 14:54:00,963] {standard_task_runner.py:52} INFO - Started process 17998 to run task
[2023-01-13 14:54:00,995] {standard_task_runner.py:76} INFO - Running: ['***', 'tasks', 'run', 'dag_with_taskflow_api_v1', 'get_name', 'scheduled__2023-01-01T00:00:00+00:00', '--job-id', '295', '--raw', '--subdir', 'DAGS_FOLDER/create_with_taskflow_api.py', '--cfg-path', '/tmp/tmp7d_hbqzz', '--error-file', '/tmp/tmpfbkm14u5']
[2023-01-13 14:54:00,996] {standard_task_runner.py:77} INFO - Job 295: Subtask get_name
[2023-01-13 14:54:01,091] {logging_mixin.py:109} INFO - Running <TaskInstance: dag_with_taskflow_api_v1.get_name scheduled__2023-01-01T00:00:00+00:00 [running]> on host 75a9b8ab4d7f
[2023-01-13 14:54:01,284] {taskinstance.py:1429} INFO - Exporting the following env vars:
AIRFLOW_CTX_DAG_OWNER=salman
AIRFLOW_CTX_DAG_ID=dag_with_taskflow_api_v1
AIRFLOW_CTX_TASK_ID=get_name
AIRFLOW_CTX_EXECUTION_DATE=2023-01-01T00:00:00+00:00
AIRFLOW_CTX_DAG_RUN_ID=scheduled__2023-01-01T00:00:00+00:00
[2023-01-13 14:54:01,284] {python.py:152} INFO - Done. Returned value was: {'first_name': 'Harry', 'last_name': 'Potter'}
[2023-01-13 14:54:01,533] {taskinstance.py:1280} INFO - Marking task as SUCCESS. dag_id=dag_with_taskflow_api_v1, task_id=get_name, execution_date=20230101T000000, start_date=20230113T145400, end_date=20230113T145401
[2023-01-13 14:54:01,599] {local_task_job.py:154} INFO - Task exited with return code 0
[2023-01-13 14:54:01,730] {local_task_job.py:264} INFO - 1 downstream tasks scheduled from follow-on schedule check
