[2023-01-13 10:45:23,046] {taskinstance.py:1035} INFO - Dependencies all met for <TaskInstance: dag_with_python_operator_v3.get_name scheduled__2023-01-12T00:00:00+00:00 [queued]>
[2023-01-13 10:45:23,064] {taskinstance.py:1035} INFO - Dependencies all met for <TaskInstance: dag_with_python_operator_v3.get_name scheduled__2023-01-12T00:00:00+00:00 [queued]>
[2023-01-13 10:45:23,065] {taskinstance.py:1241} INFO - 
--------------------------------------------------------------------------------
[2023-01-13 10:45:23,065] {taskinstance.py:1242} INFO - Starting attempt 1 of 6
[2023-01-13 10:45:23,065] {taskinstance.py:1243} INFO - 
--------------------------------------------------------------------------------
[2023-01-13 10:45:23,082] {taskinstance.py:1262} INFO - Executing <Task(PythonOperator): get_name> on 2023-01-12 00:00:00+00:00
[2023-01-13 10:45:23,086] {standard_task_runner.py:52} INFO - Started process 967 to run task
[2023-01-13 10:45:23,089] {standard_task_runner.py:76} INFO - Running: ['***', 'tasks', 'run', 'dag_with_python_operator_v3', 'get_name', 'scheduled__2023-01-12T00:00:00+00:00', '--job-id', '125', '--raw', '--subdir', 'DAGS_FOLDER/create_dag_with_python_operator.py', '--cfg-path', '/tmp/tmpfpht5_mt', '--error-file', '/tmp/tmpr_kljiif']
[2023-01-13 10:45:23,089] {standard_task_runner.py:77} INFO - Job 125: Subtask get_name
[2023-01-13 10:45:23,130] {logging_mixin.py:109} INFO - Running <TaskInstance: dag_with_python_operator_v3.get_name scheduled__2023-01-12T00:00:00+00:00 [running]> on host 75a9b8ab4d7f
[2023-01-13 10:45:23,183] {taskinstance.py:1429} INFO - Exporting the following env vars:
AIRFLOW_CTX_DAG_OWNER=salman
AIRFLOW_CTX_DAG_ID=dag_with_python_operator_v3
AIRFLOW_CTX_TASK_ID=get_name
AIRFLOW_CTX_EXECUTION_DATE=2023-01-12T00:00:00+00:00
AIRFLOW_CTX_DAG_RUN_ID=scheduled__2023-01-12T00:00:00+00:00
[2023-01-13 10:45:23,185] {python.py:152} INFO - Done. Returned value was: Harry
[2023-01-13 10:45:23,206] {taskinstance.py:1280} INFO - Marking task as SUCCESS. dag_id=dag_with_python_operator_v3, task_id=get_name, execution_date=20230112T000000, start_date=20230113T104523, end_date=20230113T104523
[2023-01-13 10:45:23,260] {local_task_job.py:154} INFO - Task exited with return code 0
[2023-01-13 10:45:23,291] {local_task_job.py:264} INFO - 0 downstream tasks scheduled from follow-on schedule check
