[2023-01-13 12:56:37,885] {taskinstance.py:1035} INFO - Dependencies all met for <TaskInstance: dag_with_python_operator_v7.get_age scheduled__2023-01-12T00:00:00+00:00 [queued]>
[2023-01-13 12:56:37,923] {taskinstance.py:1035} INFO - Dependencies all met for <TaskInstance: dag_with_python_operator_v7.get_age scheduled__2023-01-12T00:00:00+00:00 [queued]>
[2023-01-13 12:56:37,923] {taskinstance.py:1241} INFO - 
--------------------------------------------------------------------------------
[2023-01-13 12:56:37,923] {taskinstance.py:1242} INFO - Starting attempt 1 of 6
[2023-01-13 12:56:37,923] {taskinstance.py:1243} INFO - 
--------------------------------------------------------------------------------
[2023-01-13 12:56:37,953] {taskinstance.py:1262} INFO - Executing <Task(PythonOperator): get_age> on 2023-01-12 00:00:00+00:00
[2023-01-13 12:56:37,965] {standard_task_runner.py:52} INFO - Started process 9513 to run task
[2023-01-13 12:56:37,970] {standard_task_runner.py:76} INFO - Running: ['***', 'tasks', 'run', 'dag_with_python_operator_v7', 'get_age', 'scheduled__2023-01-12T00:00:00+00:00', '--job-id', '230', '--raw', '--subdir', 'DAGS_FOLDER/create_dag_with_python_operator.py', '--cfg-path', '/tmp/tmpbnlmdwum', '--error-file', '/tmp/tmp3vg9_s80']
[2023-01-13 12:56:37,971] {standard_task_runner.py:77} INFO - Job 230: Subtask get_age
[2023-01-13 12:56:38,028] {logging_mixin.py:109} INFO - Running <TaskInstance: dag_with_python_operator_v7.get_age scheduled__2023-01-12T00:00:00+00:00 [running]> on host 75a9b8ab4d7f
[2023-01-13 12:56:38,120] {taskinstance.py:1429} INFO - Exporting the following env vars:
AIRFLOW_CTX_DAG_OWNER=salman
AIRFLOW_CTX_DAG_ID=dag_with_python_operator_v7
AIRFLOW_CTX_TASK_ID=get_age
AIRFLOW_CTX_EXECUTION_DATE=2023-01-12T00:00:00+00:00
AIRFLOW_CTX_DAG_RUN_ID=scheduled__2023-01-12T00:00:00+00:00
[2023-01-13 12:56:38,138] {python.py:152} INFO - Done. Returned value was: None
[2023-01-13 12:56:38,177] {taskinstance.py:1280} INFO - Marking task as SUCCESS. dag_id=dag_with_python_operator_v7, task_id=get_age, execution_date=20230112T000000, start_date=20230113T125637, end_date=20230113T125638
[2023-01-13 12:56:38,221] {local_task_job.py:154} INFO - Task exited with return code 0
[2023-01-13 12:56:38,263] {local_task_job.py:264} INFO - 0 downstream tasks scheduled from follow-on schedule check
