[2023-01-13 08:43:14,699] {taskinstance.py:1035} INFO - Dependencies all met for <TaskInstance: example_bash_operator.runme_0 scheduled__2023-01-12T00:00:00+00:00 [queued]>
[2023-01-13 08:43:14,723] {taskinstance.py:1035} INFO - Dependencies all met for <TaskInstance: example_bash_operator.runme_0 scheduled__2023-01-12T00:00:00+00:00 [queued]>
[2023-01-13 08:43:14,723] {taskinstance.py:1241} INFO - 
--------------------------------------------------------------------------------
[2023-01-13 08:43:14,723] {taskinstance.py:1242} INFO - Starting attempt 1 of 1
[2023-01-13 08:43:14,723] {taskinstance.py:1243} INFO - 
--------------------------------------------------------------------------------
[2023-01-13 08:43:14,749] {taskinstance.py:1262} INFO - Executing <Task(BashOperator): runme_0> on 2023-01-12 00:00:00+00:00
[2023-01-13 08:43:14,752] {standard_task_runner.py:52} INFO - Started process 621 to run task
[2023-01-13 08:43:14,760] {standard_task_runner.py:76} INFO - Running: ['***', 'tasks', 'run', 'example_bash_operator', 'runme_0', 'scheduled__2023-01-12T00:00:00+00:00', '--job-id', '5', '--raw', '--subdir', '/home/***/.local/lib/python3.7/site-packages/***/example_dags/example_bash_operator.py', '--cfg-path', '/tmp/tmpxcyf6x4s', '--error-file', '/tmp/tmprk347k11']
[2023-01-13 08:43:14,761] {standard_task_runner.py:77} INFO - Job 5: Subtask runme_0
[2023-01-13 08:43:14,841] {logging_mixin.py:109} INFO - Running <TaskInstance: example_bash_operator.runme_0 scheduled__2023-01-12T00:00:00+00:00 [running]> on host f8e887b9f46f
[2023-01-13 08:43:15,139] {taskinstance.py:1429} INFO - Exporting the following env vars:
AIRFLOW_CTX_DAG_OWNER=***
AIRFLOW_CTX_DAG_ID=example_bash_operator
AIRFLOW_CTX_TASK_ID=runme_0
AIRFLOW_CTX_EXECUTION_DATE=2023-01-12T00:00:00+00:00
AIRFLOW_CTX_DAG_RUN_ID=scheduled__2023-01-12T00:00:00+00:00
[2023-01-13 08:43:15,142] {subprocess.py:62} INFO - Tmp dir root location: 
 /tmp
[2023-01-13 08:43:15,144] {subprocess.py:74} INFO - Running command: ['bash', '-c', 'echo "example_bash_operator__runme_0__20230112" && sleep 1']
[2023-01-13 08:43:15,166] {subprocess.py:85} INFO - Output:
[2023-01-13 08:43:15,168] {subprocess.py:89} INFO - example_bash_operator__runme_0__20230112
[2023-01-13 08:43:16,172] {subprocess.py:93} INFO - Command exited with return code 0
[2023-01-13 08:43:16,209] {taskinstance.py:1280} INFO - Marking task as SUCCESS. dag_id=example_bash_operator, task_id=runme_0, execution_date=20230112T000000, start_date=20230113T084314, end_date=20230113T084316
[2023-01-13 08:43:16,238] {local_task_job.py:154} INFO - Task exited with return code 0
[2023-01-13 08:43:16,283] {local_task_job.py:264} INFO - 1 downstream tasks scheduled from follow-on schedule check
