[2023-01-13 12:56:36,178] {taskinstance.py:1035} INFO - Dependencies all met for <TaskInstance: dag_with_python_operator_v7.get_age scheduled__2023-01-06T00:00:00+00:00 [queued]>
[2023-01-13 12:56:36,258] {taskinstance.py:1035} INFO - Dependencies all met for <TaskInstance: dag_with_python_operator_v7.get_age scheduled__2023-01-06T00:00:00+00:00 [queued]>
[2023-01-13 12:56:36,258] {taskinstance.py:1241} INFO - 
--------------------------------------------------------------------------------
[2023-01-13 12:56:36,258] {taskinstance.py:1242} INFO - Starting attempt 1 of 6
[2023-01-13 12:56:36,258] {taskinstance.py:1243} INFO - 
--------------------------------------------------------------------------------
[2023-01-13 12:56:36,295] {taskinstance.py:1262} INFO - Executing <Task(PythonOperator): get_age> on 2023-01-06 00:00:00+00:00
[2023-01-13 12:56:36,307] {standard_task_runner.py:52} INFO - Started process 9490 to run task
[2023-01-13 12:56:36,327] {standard_task_runner.py:76} INFO - Running: ['***', 'tasks', 'run', 'dag_with_python_operator_v7', 'get_age', 'scheduled__2023-01-06T00:00:00+00:00', '--job-id', '217', '--raw', '--subdir', 'DAGS_FOLDER/create_dag_with_python_operator.py', '--cfg-path', '/tmp/tmpha7pi183', '--error-file', '/tmp/tmpepampb97']
[2023-01-13 12:56:36,328] {standard_task_runner.py:77} INFO - Job 217: Subtask get_age
[2023-01-13 12:56:36,451] {logging_mixin.py:109} INFO - Running <TaskInstance: dag_with_python_operator_v7.get_age scheduled__2023-01-06T00:00:00+00:00 [running]> on host 75a9b8ab4d7f
[2023-01-13 12:56:36,553] {taskinstance.py:1429} INFO - Exporting the following env vars:
AIRFLOW_CTX_DAG_OWNER=salman
AIRFLOW_CTX_DAG_ID=dag_with_python_operator_v7
AIRFLOW_CTX_TASK_ID=get_age
AIRFLOW_CTX_EXECUTION_DATE=2023-01-06T00:00:00+00:00
AIRFLOW_CTX_DAG_RUN_ID=scheduled__2023-01-06T00:00:00+00:00
[2023-01-13 12:56:36,576] {python.py:152} INFO - Done. Returned value was: None
[2023-01-13 12:56:36,638] {taskinstance.py:1280} INFO - Marking task as SUCCESS. dag_id=dag_with_python_operator_v7, task_id=get_age, execution_date=20230106T000000, start_date=20230113T125636, end_date=20230113T125636
[2023-01-13 12:56:36,709] {local_task_job.py:154} INFO - Task exited with return code 0
[2023-01-13 12:56:36,786] {local_task_job.py:264} INFO - 0 downstream tasks scheduled from follow-on schedule check
