[2023-01-13 10:52:37,169] {taskinstance.py:1035} INFO - Dependencies all met for <TaskInstance: dag_with_python_operator_v4.greet scheduled__2023-01-07T00:00:00+00:00 [queued]>
[2023-01-13 10:52:37,197] {taskinstance.py:1035} INFO - Dependencies all met for <TaskInstance: dag_with_python_operator_v4.greet scheduled__2023-01-07T00:00:00+00:00 [queued]>
[2023-01-13 10:52:37,197] {taskinstance.py:1241} INFO - 
--------------------------------------------------------------------------------
[2023-01-13 10:52:37,197] {taskinstance.py:1242} INFO - Starting attempt 2 of 7
[2023-01-13 10:52:37,197] {taskinstance.py:1243} INFO - 
--------------------------------------------------------------------------------
[2023-01-13 10:52:37,220] {taskinstance.py:1262} INFO - Executing <Task(PythonOperator): greet> on 2023-01-07 00:00:00+00:00
[2023-01-13 10:52:37,225] {standard_task_runner.py:52} INFO - Started process 1517 to run task
[2023-01-13 10:52:37,228] {standard_task_runner.py:76} INFO - Running: ['***', 'tasks', 'run', 'dag_with_python_operator_v4', 'greet', 'scheduled__2023-01-07T00:00:00+00:00', '--job-id', '156', '--raw', '--subdir', 'DAGS_FOLDER/create_dag_with_python_operator.py', '--cfg-path', '/tmp/tmp208a8gk8', '--error-file', '/tmp/tmp27h5lcjq']
[2023-01-13 10:52:37,229] {standard_task_runner.py:77} INFO - Job 156: Subtask greet
[2023-01-13 10:52:37,280] {logging_mixin.py:109} INFO - Running <TaskInstance: dag_with_python_operator_v4.greet scheduled__2023-01-07T00:00:00+00:00 [running]> on host 75a9b8ab4d7f
[2023-01-13 10:52:37,352] {taskinstance.py:1429} INFO - Exporting the following env vars:
AIRFLOW_CTX_DAG_OWNER=salman
AIRFLOW_CTX_DAG_ID=dag_with_python_operator_v4
AIRFLOW_CTX_TASK_ID=greet
AIRFLOW_CTX_EXECUTION_DATE=2023-01-07T00:00:00+00:00
AIRFLOW_CTX_DAG_RUN_ID=scheduled__2023-01-07T00:00:00+00:00
[2023-01-13 10:52:37,386] {logging_mixin.py:109} INFO - Hello World, my name is Harry and I am 34 years old!
[2023-01-13 10:52:37,386] {python.py:152} INFO - Done. Returned value was: None
[2023-01-13 10:52:37,419] {taskinstance.py:1280} INFO - Marking task as SUCCESS. dag_id=dag_with_python_operator_v4, task_id=greet, execution_date=20230107T000000, start_date=20230113T105237, end_date=20230113T105237
[2023-01-13 10:52:37,486] {local_task_job.py:154} INFO - Task exited with return code 0
[2023-01-13 10:52:37,532] {local_task_job.py:264} INFO - 0 downstream tasks scheduled from follow-on schedule check
