[2023-01-13 14:39:06,895] {taskinstance.py:1035} INFO - Dependencies all met for <TaskInstance: dag_with_taskflow_api.get_age scheduled__2023-01-06T00:00:00+00:00 [queued]>
[2023-01-13 14:39:06,946] {taskinstance.py:1035} INFO - Dependencies all met for <TaskInstance: dag_with_taskflow_api.get_age scheduled__2023-01-06T00:00:00+00:00 [queued]>
[2023-01-13 14:39:06,946] {taskinstance.py:1241} INFO - 
--------------------------------------------------------------------------------
[2023-01-13 14:39:06,946] {taskinstance.py:1242} INFO - Starting attempt 1 of 6
[2023-01-13 14:39:06,946] {taskinstance.py:1243} INFO - 
--------------------------------------------------------------------------------
[2023-01-13 14:39:07,038] {taskinstance.py:1262} INFO - Executing <Task(_PythonDecoratedOperator): get_age> on 2023-01-06 00:00:00+00:00
[2023-01-13 14:39:07,046] {standard_task_runner.py:52} INFO - Started process 16868 to run task
[2023-01-13 14:39:07,057] {standard_task_runner.py:76} INFO - Running: ['***', 'tasks', 'run', 'dag_with_taskflow_api', 'get_age', 'scheduled__2023-01-06T00:00:00+00:00', '--job-id', '274', '--raw', '--subdir', 'DAGS_FOLDER/create_with_taskflow_api.py', '--cfg-path', '/tmp/tmphngw6_zt', '--error-file', '/tmp/tmpgwdsri20']
[2023-01-13 14:39:07,060] {standard_task_runner.py:77} INFO - Job 274: Subtask get_age
[2023-01-13 14:39:07,206] {logging_mixin.py:109} INFO - Running <TaskInstance: dag_with_taskflow_api.get_age scheduled__2023-01-06T00:00:00+00:00 [running]> on host 75a9b8ab4d7f
[2023-01-13 14:39:07,434] {taskinstance.py:1429} INFO - Exporting the following env vars:
AIRFLOW_CTX_DAG_OWNER=salman
AIRFLOW_CTX_DAG_ID=dag_with_taskflow_api
AIRFLOW_CTX_TASK_ID=get_age
AIRFLOW_CTX_EXECUTION_DATE=2023-01-06T00:00:00+00:00
AIRFLOW_CTX_DAG_RUN_ID=scheduled__2023-01-06T00:00:00+00:00
[2023-01-13 14:39:07,435] {python.py:152} INFO - Done. Returned value was: 35
[2023-01-13 14:39:07,712] {taskinstance.py:1280} INFO - Marking task as SUCCESS. dag_id=dag_with_taskflow_api, task_id=get_age, execution_date=20230106T000000, start_date=20230113T143906, end_date=20230113T143907
[2023-01-13 14:39:07,834] {local_task_job.py:154} INFO - Task exited with return code 0
[2023-01-13 14:39:07,998] {local_task_job.py:264} INFO - 1 downstream tasks scheduled from follow-on schedule check
