[2023-01-13 10:12:39,478] {taskinstance.py:1035} INFO - Dependencies all met for <TaskInstance: my_first_dag_v.second_task scheduled__2023-01-12T00:00:00+00:00 [queued]>
[2023-01-13 10:12:39,513] {taskinstance.py:1035} INFO - Dependencies all met for <TaskInstance: my_first_dag_v.second_task scheduled__2023-01-12T00:00:00+00:00 [queued]>
[2023-01-13 10:12:39,513] {taskinstance.py:1241} INFO - 
--------------------------------------------------------------------------------
[2023-01-13 10:12:39,513] {taskinstance.py:1242} INFO - Starting attempt 1 of 6
[2023-01-13 10:12:39,513] {taskinstance.py:1243} INFO - 
--------------------------------------------------------------------------------
[2023-01-13 10:12:39,537] {taskinstance.py:1262} INFO - Executing <Task(BashOperator): second_task> on 2023-01-12 00:00:00+00:00
[2023-01-13 10:12:39,545] {standard_task_runner.py:52} INFO - Started process 2954 to run task
[2023-01-13 10:12:39,549] {standard_task_runner.py:76} INFO - Running: ['***', 'tasks', 'run', 'my_first_dag_v', 'second_task', 'scheduled__2023-01-12T00:00:00+00:00', '--job-id', '94', '--raw', '--subdir', 'DAGS_FOLDER/my_first_dag.py', '--cfg-path', '/tmp/tmp3ajmz_ws', '--error-file', '/tmp/tmpfrc9k8vr']
[2023-01-13 10:12:39,550] {standard_task_runner.py:77} INFO - Job 94: Subtask second_task
[2023-01-13 10:12:39,641] {logging_mixin.py:109} INFO - Running <TaskInstance: my_first_dag_v.second_task scheduled__2023-01-12T00:00:00+00:00 [running]> on host ffa830cbd52d
[2023-01-13 10:12:39,730] {taskinstance.py:1429} INFO - Exporting the following env vars:
AIRFLOW_CTX_DAG_OWNER=salman
AIRFLOW_CTX_DAG_ID=my_first_dag_v
AIRFLOW_CTX_TASK_ID=second_task
AIRFLOW_CTX_EXECUTION_DATE=2023-01-12T00:00:00+00:00
AIRFLOW_CTX_DAG_RUN_ID=scheduled__2023-01-12T00:00:00+00:00
[2023-01-13 10:12:39,731] {subprocess.py:62} INFO - Tmp dir root location: 
 /tmp
[2023-01-13 10:12:39,731] {subprocess.py:74} INFO - Running command: ['bash', '-c', 'echo hey, I am second task and will be executed after first task!']
[2023-01-13 10:12:39,756] {subprocess.py:85} INFO - Output:
[2023-01-13 10:12:39,759] {subprocess.py:89} INFO - hey, I am second task and will be executed after first task!
[2023-01-13 10:12:39,759] {subprocess.py:93} INFO - Command exited with return code 0
[2023-01-13 10:12:39,814] {taskinstance.py:1280} INFO - Marking task as SUCCESS. dag_id=my_first_dag_v, task_id=second_task, execution_date=20230112T000000, start_date=20230113T101239, end_date=20230113T101239
[2023-01-13 10:12:39,852] {local_task_job.py:154} INFO - Task exited with return code 0
[2023-01-13 10:12:39,925] {local_task_job.py:264} INFO - 0 downstream tasks scheduled from follow-on schedule check
