[2023-01-13 14:54:02,059] {taskinstance.py:1035} INFO - Dependencies all met for <TaskInstance: dag_with_taskflow_api_v1.get_name scheduled__2023-01-05T00:00:00+00:00 [queued]>
[2023-01-13 14:54:02,121] {taskinstance.py:1035} INFO - Dependencies all met for <TaskInstance: dag_with_taskflow_api_v1.get_name scheduled__2023-01-05T00:00:00+00:00 [queued]>
[2023-01-13 14:54:02,121] {taskinstance.py:1241} INFO - 
--------------------------------------------------------------------------------
[2023-01-13 14:54:02,121] {taskinstance.py:1242} INFO - Starting attempt 1 of 6
[2023-01-13 14:54:02,121] {taskinstance.py:1243} INFO - 
--------------------------------------------------------------------------------
[2023-01-13 14:54:02,236] {taskinstance.py:1262} INFO - Executing <Task(_PythonDecoratedOperator): get_name> on 2023-01-05 00:00:00+00:00
[2023-01-13 14:54:02,241] {standard_task_runner.py:52} INFO - Started process 18014 to run task
[2023-01-13 14:54:02,266] {standard_task_runner.py:76} INFO - Running: ['***', 'tasks', 'run', 'dag_with_taskflow_api_v1', 'get_name', 'scheduled__2023-01-05T00:00:00+00:00', '--job-id', '302', '--raw', '--subdir', 'DAGS_FOLDER/create_with_taskflow_api.py', '--cfg-path', '/tmp/tmpc7obuz8n', '--error-file', '/tmp/tmpeg6_ors9']
[2023-01-13 14:54:02,267] {standard_task_runner.py:77} INFO - Job 302: Subtask get_name
[2023-01-13 14:54:02,355] {logging_mixin.py:109} INFO - Running <TaskInstance: dag_with_taskflow_api_v1.get_name scheduled__2023-01-05T00:00:00+00:00 [running]> on host 75a9b8ab4d7f
[2023-01-13 14:54:02,499] {taskinstance.py:1429} INFO - Exporting the following env vars:
AIRFLOW_CTX_DAG_OWNER=salman
AIRFLOW_CTX_DAG_ID=dag_with_taskflow_api_v1
AIRFLOW_CTX_TASK_ID=get_name
AIRFLOW_CTX_EXECUTION_DATE=2023-01-05T00:00:00+00:00
AIRFLOW_CTX_DAG_RUN_ID=scheduled__2023-01-05T00:00:00+00:00
[2023-01-13 14:54:02,499] {python.py:152} INFO - Done. Returned value was: {'first_name': 'Harry', 'last_name': 'Potter'}
[2023-01-13 14:54:02,599] {taskinstance.py:1280} INFO - Marking task as SUCCESS. dag_id=dag_with_taskflow_api_v1, task_id=get_name, execution_date=20230105T000000, start_date=20230113T145402, end_date=20230113T145402
[2023-01-13 14:54:02,667] {local_task_job.py:154} INFO - Task exited with return code 0
[2023-01-13 14:54:02,749] {local_task_job.py:264} INFO - 1 downstream tasks scheduled from follow-on schedule check
