[2023-01-13 14:54:03,167] {taskinstance.py:1035} INFO - Dependencies all met for <TaskInstance: dag_with_taskflow_api_v1.get_age scheduled__2023-01-07T00:00:00+00:00 [queued]>
[2023-01-13 14:54:03,279] {taskinstance.py:1035} INFO - Dependencies all met for <TaskInstance: dag_with_taskflow_api_v1.get_age scheduled__2023-01-07T00:00:00+00:00 [queued]>
[2023-01-13 14:54:03,280] {taskinstance.py:1241} INFO - 
--------------------------------------------------------------------------------
[2023-01-13 14:54:03,280] {taskinstance.py:1242} INFO - Starting attempt 1 of 6
[2023-01-13 14:54:03,280] {taskinstance.py:1243} INFO - 
--------------------------------------------------------------------------------
[2023-01-13 14:54:03,415] {taskinstance.py:1262} INFO - Executing <Task(_PythonDecoratedOperator): get_age> on 2023-01-07 00:00:00+00:00
[2023-01-13 14:54:03,437] {standard_task_runner.py:52} INFO - Started process 18030 to run task
[2023-01-13 14:54:03,511] {standard_task_runner.py:76} INFO - Running: ['***', 'tasks', 'run', 'dag_with_taskflow_api_v1', 'get_age', 'scheduled__2023-01-07T00:00:00+00:00', '--job-id', '310', '--raw', '--subdir', 'DAGS_FOLDER/create_with_taskflow_api.py', '--cfg-path', '/tmp/tmpd6zum5_l', '--error-file', '/tmp/tmphszdggp4']
[2023-01-13 14:54:03,522] {standard_task_runner.py:77} INFO - Job 310: Subtask get_age
[2023-01-13 14:54:03,695] {logging_mixin.py:109} INFO - Running <TaskInstance: dag_with_taskflow_api_v1.get_age scheduled__2023-01-07T00:00:00+00:00 [running]> on host 75a9b8ab4d7f
[2023-01-13 14:54:03,947] {taskinstance.py:1429} INFO - Exporting the following env vars:
AIRFLOW_CTX_DAG_OWNER=salman
AIRFLOW_CTX_DAG_ID=dag_with_taskflow_api_v1
AIRFLOW_CTX_TASK_ID=get_age
AIRFLOW_CTX_EXECUTION_DATE=2023-01-07T00:00:00+00:00
AIRFLOW_CTX_DAG_RUN_ID=scheduled__2023-01-07T00:00:00+00:00
[2023-01-13 14:54:03,948] {python.py:152} INFO - Done. Returned value was: 35
[2023-01-13 14:54:04,074] {taskinstance.py:1280} INFO - Marking task as SUCCESS. dag_id=dag_with_taskflow_api_v1, task_id=get_age, execution_date=20230107T000000, start_date=20230113T145403, end_date=20230113T145404
[2023-01-13 14:54:04,135] {local_task_job.py:154} INFO - Task exited with return code 0
[2023-01-13 14:54:04,246] {local_task_job.py:264} INFO - 1 downstream tasks scheduled from follow-on schedule check
