[2023-01-13 12:51:22,775] {taskinstance.py:1035} INFO - Dependencies all met for <TaskInstance: dag_with_python_operator_v5.get_name scheduled__2023-01-08T00:00:00+00:00 [queued]>
[2023-01-13 12:51:22,825] {taskinstance.py:1035} INFO - Dependencies all met for <TaskInstance: dag_with_python_operator_v5.get_name scheduled__2023-01-08T00:00:00+00:00 [queued]>
[2023-01-13 12:51:22,825] {taskinstance.py:1241} INFO - 
--------------------------------------------------------------------------------
[2023-01-13 12:51:22,825] {taskinstance.py:1242} INFO - Starting attempt 1 of 6
[2023-01-13 12:51:22,825] {taskinstance.py:1243} INFO - 
--------------------------------------------------------------------------------
[2023-01-13 12:51:22,876] {taskinstance.py:1262} INFO - Executing <Task(PythonOperator): get_name> on 2023-01-08 00:00:00+00:00
[2023-01-13 12:51:22,879] {standard_task_runner.py:52} INFO - Started process 9055 to run task
[2023-01-13 12:51:22,908] {standard_task_runner.py:76} INFO - Running: ['***', 'tasks', 'run', 'dag_with_python_operator_v5', 'get_name', 'scheduled__2023-01-08T00:00:00+00:00', '--job-id', '172', '--raw', '--subdir', 'DAGS_FOLDER/create_dag_with_python_operator.py', '--cfg-path', '/tmp/tmpd830fwm7', '--error-file', '/tmp/tmpi_a2wrxd']
[2023-01-13 12:51:22,909] {standard_task_runner.py:77} INFO - Job 172: Subtask get_name
[2023-01-13 12:51:23,000] {logging_mixin.py:109} INFO - Running <TaskInstance: dag_with_python_operator_v5.get_name scheduled__2023-01-08T00:00:00+00:00 [running]> on host 75a9b8ab4d7f
[2023-01-13 12:51:23,131] {taskinstance.py:1429} INFO - Exporting the following env vars:
AIRFLOW_CTX_DAG_OWNER=salman
AIRFLOW_CTX_DAG_ID=dag_with_python_operator_v5
AIRFLOW_CTX_TASK_ID=get_name
AIRFLOW_CTX_EXECUTION_DATE=2023-01-08T00:00:00+00:00
AIRFLOW_CTX_DAG_RUN_ID=scheduled__2023-01-08T00:00:00+00:00
[2023-01-13 12:51:23,197] {python.py:152} INFO - Done. Returned value was: None
[2023-01-13 12:51:23,217] {taskinstance.py:1280} INFO - Marking task as SUCCESS. dag_id=dag_with_python_operator_v5, task_id=get_name, execution_date=20230108T000000, start_date=20230113T125122, end_date=20230113T125123
[2023-01-13 12:51:23,326] {local_task_job.py:154} INFO - Task exited with return code 0
[2023-01-13 12:51:23,430] {local_task_job.py:264} INFO - 1 downstream tasks scheduled from follow-on schedule check
