[2023-01-13 08:43:14,778] {taskinstance.py:1035} INFO - Dependencies all met for <TaskInstance: example_bash_operator.also_run_this scheduled__2023-01-12T00:00:00+00:00 [queued]>
[2023-01-13 08:43:14,816] {taskinstance.py:1035} INFO - Dependencies all met for <TaskInstance: example_bash_operator.also_run_this scheduled__2023-01-12T00:00:00+00:00 [queued]>
[2023-01-13 08:43:14,816] {taskinstance.py:1241} INFO - 
--------------------------------------------------------------------------------
[2023-01-13 08:43:14,816] {taskinstance.py:1242} INFO - Starting attempt 1 of 1
[2023-01-13 08:43:14,816] {taskinstance.py:1243} INFO - 
--------------------------------------------------------------------------------
[2023-01-13 08:43:14,832] {taskinstance.py:1262} INFO - Executing <Task(BashOperator): also_run_this> on 2023-01-12 00:00:00+00:00
[2023-01-13 08:43:14,842] {standard_task_runner.py:52} INFO - Started process 624 to run task
[2023-01-13 08:43:14,848] {standard_task_runner.py:76} INFO - Running: ['***', 'tasks', 'run', 'example_bash_operator', 'also_run_this', 'scheduled__2023-01-12T00:00:00+00:00', '--job-id', '7', '--raw', '--subdir', '/home/***/.local/lib/python3.7/site-packages/***/example_dags/example_bash_operator.py', '--cfg-path', '/tmp/tmpx4gbbsaa', '--error-file', '/tmp/tmplalur28j']
[2023-01-13 08:43:14,849] {standard_task_runner.py:77} INFO - Job 7: Subtask also_run_this
[2023-01-13 08:43:15,120] {logging_mixin.py:109} INFO - Running <TaskInstance: example_bash_operator.also_run_this scheduled__2023-01-12T00:00:00+00:00 [running]> on host f8e887b9f46f
[2023-01-13 08:43:15,216] {taskinstance.py:1429} INFO - Exporting the following env vars:
AIRFLOW_CTX_DAG_OWNER=***
AIRFLOW_CTX_DAG_ID=example_bash_operator
AIRFLOW_CTX_TASK_ID=also_run_this
AIRFLOW_CTX_EXECUTION_DATE=2023-01-12T00:00:00+00:00
AIRFLOW_CTX_DAG_RUN_ID=scheduled__2023-01-12T00:00:00+00:00
[2023-01-13 08:43:15,217] {subprocess.py:62} INFO - Tmp dir root location: 
 /tmp
[2023-01-13 08:43:15,218] {subprocess.py:74} INFO - Running command: ['bash', '-c', 'echo "run_id=scheduled__2023-01-12T00:00:00+00:00 | dag_run=<DagRun example_bash_operator @ 2023-01-12 00:00:00+00:00: scheduled__2023-01-12T00:00:00+00:00, externally triggered: False>"']
[2023-01-13 08:43:15,233] {subprocess.py:85} INFO - Output:
[2023-01-13 08:43:15,234] {subprocess.py:89} INFO - run_id=scheduled__2023-01-12T00:00:00+00:00 | dag_run=<DagRun example_bash_operator @ 2023-01-12 00:00:00+00:00: scheduled__2023-01-12T00:00:00+00:00, externally triggered: False>
[2023-01-13 08:43:15,234] {subprocess.py:93} INFO - Command exited with return code 0
[2023-01-13 08:43:15,284] {taskinstance.py:1280} INFO - Marking task as SUCCESS. dag_id=example_bash_operator, task_id=also_run_this, execution_date=20230112T000000, start_date=20230113T084314, end_date=20230113T084315
[2023-01-13 08:43:15,338] {local_task_job.py:154} INFO - Task exited with return code 0
[2023-01-13 08:43:15,378] {local_task_job.py:264} INFO - 0 downstream tasks scheduled from follow-on schedule check
