[2023-01-13 10:38:58,359] {taskinstance.py:1035} INFO - Dependencies all met for <TaskInstance: dag_with_python_operator_v2.greet scheduled__2023-01-04T00:00:00+00:00 [queued]>
[2023-01-13 10:38:58,493] {taskinstance.py:1035} INFO - Dependencies all met for <TaskInstance: dag_with_python_operator_v2.greet scheduled__2023-01-04T00:00:00+00:00 [queued]>
[2023-01-13 10:38:58,493] {taskinstance.py:1241} INFO - 
--------------------------------------------------------------------------------
[2023-01-13 10:38:58,493] {taskinstance.py:1242} INFO - Starting attempt 1 of 6
[2023-01-13 10:38:58,493] {taskinstance.py:1243} INFO - 
--------------------------------------------------------------------------------
[2023-01-13 10:38:58,544] {taskinstance.py:1262} INFO - Executing <Task(PythonOperator): greet> on 2023-01-04 00:00:00+00:00
[2023-01-13 10:38:58,548] {standard_task_runner.py:52} INFO - Started process 531 to run task
[2023-01-13 10:38:58,563] {standard_task_runner.py:76} INFO - Running: ['***', 'tasks', 'run', 'dag_with_python_operator_v2', 'greet', 'scheduled__2023-01-04T00:00:00+00:00', '--job-id', '112', '--raw', '--subdir', 'DAGS_FOLDER/create_dag_with_python_operator.py', '--cfg-path', '/tmp/tmpby0npzjm', '--error-file', '/tmp/tmpg1kc48lx']
[2023-01-13 10:38:58,569] {standard_task_runner.py:77} INFO - Job 112: Subtask greet
[2023-01-13 10:38:58,707] {logging_mixin.py:109} INFO - Running <TaskInstance: dag_with_python_operator_v2.greet scheduled__2023-01-04T00:00:00+00:00 [running]> on host 75a9b8ab4d7f
[2023-01-13 10:38:58,794] {taskinstance.py:1429} INFO - Exporting the following env vars:
AIRFLOW_CTX_DAG_OWNER=salman
AIRFLOW_CTX_DAG_ID=dag_with_python_operator_v2
AIRFLOW_CTX_TASK_ID=greet
AIRFLOW_CTX_EXECUTION_DATE=2023-01-04T00:00:00+00:00
AIRFLOW_CTX_DAG_RUN_ID=scheduled__2023-01-04T00:00:00+00:00
[2023-01-13 10:38:58,794] {logging_mixin.py:109} INFO - Hello World, my name is salman and I am 34 years old!
[2023-01-13 10:38:58,795] {python.py:152} INFO - Done. Returned value was: None
[2023-01-13 10:38:58,875] {taskinstance.py:1280} INFO - Marking task as SUCCESS. dag_id=dag_with_python_operator_v2, task_id=greet, execution_date=20230104T000000, start_date=20230113T103858, end_date=20230113T103858
[2023-01-13 10:38:59,008] {local_task_job.py:154} INFO - Task exited with return code 0
[2023-01-13 10:38:59,052] {local_task_job.py:264} INFO - 0 downstream tasks scheduled from follow-on schedule check
