[2023-01-13 10:34:42,374] {taskinstance.py:1035} INFO - Dependencies all met for <TaskInstance: dag_with_python_operator_v1.greet scheduled__2023-01-12T00:00:00+00:00 [queued]>
[2023-01-13 10:34:42,398] {taskinstance.py:1035} INFO - Dependencies all met for <TaskInstance: dag_with_python_operator_v1.greet scheduled__2023-01-12T00:00:00+00:00 [queued]>
[2023-01-13 10:34:42,398] {taskinstance.py:1241} INFO - 
--------------------------------------------------------------------------------
[2023-01-13 10:34:42,398] {taskinstance.py:1242} INFO - Starting attempt 1 of 6
[2023-01-13 10:34:42,398] {taskinstance.py:1243} INFO - 
--------------------------------------------------------------------------------
[2023-01-13 10:34:42,415] {taskinstance.py:1262} INFO - Executing <Task(PythonOperator): greet> on 2023-01-12 00:00:00+00:00
[2023-01-13 10:34:42,419] {standard_task_runner.py:52} INFO - Started process 231 to run task
[2023-01-13 10:34:42,422] {standard_task_runner.py:76} INFO - Running: ['***', 'tasks', 'run', 'dag_with_python_operator_v1', 'greet', 'scheduled__2023-01-12T00:00:00+00:00', '--job-id', '108', '--raw', '--subdir', 'DAGS_FOLDER/create_dag_with_python_operator.py', '--cfg-path', '/tmp/tmpusyt57km', '--error-file', '/tmp/tmp3erk3uw8']
[2023-01-13 10:34:42,423] {standard_task_runner.py:77} INFO - Job 108: Subtask greet
[2023-01-13 10:34:42,470] {logging_mixin.py:109} INFO - Running <TaskInstance: dag_with_python_operator_v1.greet scheduled__2023-01-12T00:00:00+00:00 [running]> on host 75a9b8ab4d7f
[2023-01-13 10:34:42,538] {taskinstance.py:1429} INFO - Exporting the following env vars:
AIRFLOW_CTX_DAG_OWNER=salman
AIRFLOW_CTX_DAG_ID=dag_with_python_operator_v1
AIRFLOW_CTX_TASK_ID=greet
AIRFLOW_CTX_EXECUTION_DATE=2023-01-12T00:00:00+00:00
AIRFLOW_CTX_DAG_RUN_ID=scheduled__2023-01-12T00:00:00+00:00
[2023-01-13 10:34:42,539] {logging_mixin.py:109} INFO - Hello World!
[2023-01-13 10:34:42,539] {python.py:152} INFO - Done. Returned value was: None
[2023-01-13 10:34:42,554] {taskinstance.py:1280} INFO - Marking task as SUCCESS. dag_id=dag_with_python_operator_v1, task_id=greet, execution_date=20230112T000000, start_date=20230113T103442, end_date=20230113T103442
[2023-01-13 10:34:42,594] {local_task_job.py:154} INFO - Task exited with return code 0
[2023-01-13 10:34:42,635] {local_task_job.py:264} INFO - 0 downstream tasks scheduled from follow-on schedule check
