[2023-01-13 14:39:08,980] {taskinstance.py:1035} INFO - Dependencies all met for <TaskInstance: dag_with_taskflow_api.get_name scheduled__2023-01-09T00:00:00+00:00 [queued]>
[2023-01-13 14:39:09,002] {taskinstance.py:1035} INFO - Dependencies all met for <TaskInstance: dag_with_taskflow_api.get_name scheduled__2023-01-09T00:00:00+00:00 [queued]>
[2023-01-13 14:39:09,002] {taskinstance.py:1241} INFO - 
--------------------------------------------------------------------------------
[2023-01-13 14:39:09,002] {taskinstance.py:1242} INFO - Starting attempt 1 of 6
[2023-01-13 14:39:09,002] {taskinstance.py:1243} INFO - 
--------------------------------------------------------------------------------
[2023-01-13 14:39:09,035] {taskinstance.py:1262} INFO - Executing <Task(_PythonDecoratedOperator): get_name> on 2023-01-09 00:00:00+00:00
[2023-01-13 14:39:09,073] {standard_task_runner.py:52} INFO - Started process 16887 to run task
[2023-01-13 14:39:09,093] {standard_task_runner.py:76} INFO - Running: ['***', 'tasks', 'run', 'dag_with_taskflow_api', 'get_name', 'scheduled__2023-01-09T00:00:00+00:00', '--job-id', '285', '--raw', '--subdir', 'DAGS_FOLDER/create_with_taskflow_api.py', '--cfg-path', '/tmp/tmp1vbqizg8', '--error-file', '/tmp/tmpsx48ps85']
[2023-01-13 14:39:09,094] {standard_task_runner.py:77} INFO - Job 285: Subtask get_name
[2023-01-13 14:39:09,185] {logging_mixin.py:109} INFO - Running <TaskInstance: dag_with_taskflow_api.get_name scheduled__2023-01-09T00:00:00+00:00 [running]> on host 75a9b8ab4d7f
[2023-01-13 14:39:09,290] {taskinstance.py:1429} INFO - Exporting the following env vars:
AIRFLOW_CTX_DAG_OWNER=salman
AIRFLOW_CTX_DAG_ID=dag_with_taskflow_api
AIRFLOW_CTX_TASK_ID=get_name
AIRFLOW_CTX_EXECUTION_DATE=2023-01-09T00:00:00+00:00
AIRFLOW_CTX_DAG_RUN_ID=scheduled__2023-01-09T00:00:00+00:00
[2023-01-13 14:39:09,290] {python.py:152} INFO - Done. Returned value was: Harry
[2023-01-13 14:39:09,375] {taskinstance.py:1280} INFO - Marking task as SUCCESS. dag_id=dag_with_taskflow_api, task_id=get_name, execution_date=20230109T000000, start_date=20230113T143908, end_date=20230113T143909
[2023-01-13 14:39:09,428] {local_task_job.py:154} INFO - Task exited with return code 0
[2023-01-13 14:39:09,499] {local_task_job.py:264} INFO - 0 downstream tasks scheduled from follow-on schedule check
