[2023-01-13 14:39:08,470] {taskinstance.py:1035} INFO - Dependencies all met for <TaskInstance: dag_with_taskflow_api.get_name scheduled__2023-01-08T00:00:00+00:00 [queued]>
[2023-01-13 14:39:08,582] {taskinstance.py:1035} INFO - Dependencies all met for <TaskInstance: dag_with_taskflow_api.get_name scheduled__2023-01-08T00:00:00+00:00 [queued]>
[2023-01-13 14:39:08,582] {taskinstance.py:1241} INFO - 
--------------------------------------------------------------------------------
[2023-01-13 14:39:08,582] {taskinstance.py:1242} INFO - Starting attempt 1 of 6
[2023-01-13 14:39:08,582] {taskinstance.py:1243} INFO - 
--------------------------------------------------------------------------------
[2023-01-13 14:39:08,639] {taskinstance.py:1262} INFO - Executing <Task(_PythonDecoratedOperator): get_name> on 2023-01-08 00:00:00+00:00
[2023-01-13 14:39:08,663] {standard_task_runner.py:52} INFO - Started process 16883 to run task
[2023-01-13 14:39:08,698] {standard_task_runner.py:76} INFO - Running: ['***', 'tasks', 'run', 'dag_with_taskflow_api', 'get_name', 'scheduled__2023-01-08T00:00:00+00:00', '--job-id', '283', '--raw', '--subdir', 'DAGS_FOLDER/create_with_taskflow_api.py', '--cfg-path', '/tmp/tmpj8ed_38s', '--error-file', '/tmp/tmpcyr0n6ze']
[2023-01-13 14:39:08,700] {standard_task_runner.py:77} INFO - Job 283: Subtask get_name
[2023-01-13 14:39:08,793] {logging_mixin.py:109} INFO - Running <TaskInstance: dag_with_taskflow_api.get_name scheduled__2023-01-08T00:00:00+00:00 [running]> on host 75a9b8ab4d7f
[2023-01-13 14:39:08,929] {taskinstance.py:1429} INFO - Exporting the following env vars:
AIRFLOW_CTX_DAG_OWNER=salman
AIRFLOW_CTX_DAG_ID=dag_with_taskflow_api
AIRFLOW_CTX_TASK_ID=get_name
AIRFLOW_CTX_EXECUTION_DATE=2023-01-08T00:00:00+00:00
AIRFLOW_CTX_DAG_RUN_ID=scheduled__2023-01-08T00:00:00+00:00
[2023-01-13 14:39:08,929] {python.py:152} INFO - Done. Returned value was: Harry
[2023-01-13 14:39:08,980] {taskinstance.py:1280} INFO - Marking task as SUCCESS. dag_id=dag_with_taskflow_api, task_id=get_name, execution_date=20230108T000000, start_date=20230113T143908, end_date=20230113T143908
[2023-01-13 14:39:09,022] {local_task_job.py:154} INFO - Task exited with return code 0
[2023-01-13 14:39:09,132] {local_task_job.py:264} INFO - 0 downstream tasks scheduled from follow-on schedule check
